# JRE version: OpenJDK Runtime Environment Temurin-21.0.11+10 (21.0.11+10) (build 21.0.11+10-LTS)
# Java VM: OpenJDK 64-Bit Server VM Temurin-21.0.11+10 (21.0.11+10-LTS, mixed mode, sharing, tiered, compressed oops, compressed class ptrs, parallel gc, windows-amd64)
GC Precious Log:
 CardTable entry size: 512
 CPUs: 16 total, 16 available
 Memory: 14021M
 Large Page Support: Disabled
 NUMA Support: Disabled
 Compressed Oops: Enabled (32-bit)
 Alignments: Space 512K, Generation 512K, Heap 2M
 Heap Min Capacity: 100M
 Heap Initial Capacity: 100M
 Heap Max Capacity: 2G
 Pre-touch: Disabled
 Parallel Workers: 13
Heap:
 PSYoungGen      total 5120K, used 4203K [0x00000000d5580000, 0x00000000d5d00000, 0x0000000100000000)
  eden space 2560K, 86% used [0x00000000d5580000,0x00000000d57a6f40,0x00000000d5800000)
  from space 2560K, 78% used [0x00000000d5800000,0x00000000d59f4000,0x00000000d5a80000)
  to   space 2560K, 0% used [0x00000000d5a80000,0x00000000d5a80000,0x00000000d5d00000)
 ParOldGen       total 330240K, used 330059K [0x0000000080000000, 0x0000000094280000, 0x00000000d5580000)
  object space 330240K, 99% used [0x0000000080000000,0x0000000094252d10,0x0000000094280000)
 Metaspace       used 70498K, committed 72000K, reserved 1114112K
  class space    used 7338K, committed 8000K, reserved 1048576K
GC Heap History (20 events):
Event: 316.971 GC heap before
{Heap before GC invocations=287 (full 3):
 PSYoungGen      total 3584K, used 3520K [0x00000000d5580000, 0x00000000d5b80000, 0x0000000100000000)
  eden space 2048K, 99% used [0x00000000d5580000,0x00000000d577fff0,0x00000000d5780000)
  from space 1536K, 95% used [0x00000000d5780000,0x00000000d58f0010,0x00000000d5900000)
  to   space 2048K, 0% used [0x00000000d5980000,0x00000000d5980000,0x00000000d5b80000)
 ParOldGen       total 314368K, used 314275K [0x0000000080000000, 0x0000000093300000, 0x00000000d5580000)
  object space 314368K, 99% used [0x0000000080000000,0x00000000932e8e60,0x0000000093300000)
 Metaspace       used 70242K, committed 71744K, reserved 1114112K
  class space    used 7320K, committed 8000K, reserved 1048576K
}
Event: 316.975 GC heap after
{Heap after GC invocations=287 (full 3):
 PSYoungGen      total 4096K, used 864K [0x00000000d5580000, 0x00000000d5b00000, 0x0000000100000000)
  eden space 2560K, 0% used [0x00000000d5580000,0x00000000d5580000,0x00000000d5800000)
  from space 1536K, 56% used [0x00000000d5980000,0x00000000d5a58000,0x00000000d5b00000)
  to   space 1536K, 0% used [0x00000000d5800000,0x00000000d5800000,0x00000000d5980000)
 ParOldGen       total 316416K, used 316003K [0x0000000080000000, 0x0000000093500000, 0x00000000d5580000)
  object space 316416K, 99% used [0x0000000080000000,0x0000000093498e70,0x0000000093500000)
 Metaspace       used 70242K, committed 71744K, reserved 1114112K
  class space    used 7320K, committed 8000K, reserved 1048576K
}
Event: 317.001 GC heap before
{Heap before GC invocations=288 (full 3):
 PSYoungGen      total 4096K, used 3424K [0x00000000d5580000, 0x00000000d5b00000, 0x0000000100000000)
  eden space 2560K, 100% used [0x00000000d5580000,0x00000000d5800000,0x00000000d5800000)
  from space 1536K, 56% used [0x00000000d5980000,0x00000000d5a58000,0x00000000d5b00000)
  to   space 1536K, 0% used [0x00000000d5800000,0x00000000d5800000,0x00000000d5980000)
 ParOldGen       total 316416K, used 316003K [0x0000000080000000, 0x0000000093500000, 0x00000000d5580000)
  object space 316416K, 99% used [0x0000000080000000,0x0000000093498e70,0x0000000093500000)
 Metaspace       used 70247K, committed 71744K, reserved 1114112K
  class space    used 7321K, committed 8000K, reserved 1048576K
}
Event: 317.003 GC heap after
{Heap after GC invocations=288 (full 3):
 PSYoungGen      total 4096K, used 1507K [0x00000000d5580000, 0x00000000d5f00000, 0x0000000100000000)
  eden space 2560K, 0% used [0x00000000d5580000,0x00000000d5580000,0x00000000d5800000)
  from space 1536K, 98% used [0x00000000d5800000,0x00000000d5978d60,0x00000000d5980000)
  to   space 3584K, 0% used [0x00000000d5b80000,0x00000000d5b80000,0x00000000d5f00000)
 ParOldGen       total 317440K, used 317395K [0x0000000080000000, 0x0000000093600000, 0x00000000d5580000)
  object space 317440K, 99% used [0x0000000080000000,0x00000000935f4e70,0x0000000093600000)
 Metaspace       used 70247K, committed 71744K, reserved 1114112K
  class space    used 7321K, committed 8000K, reserved 1048576K
}
Event: 317.079 GC heap before
{Heap before GC invocations=289 (full 3):
 PSYoungGen      total 4096K, used 4067K [0x00000000d5580000, 0x00000000d5f00000, 0x0000000100000000)
  eden space 2560K, 100% used [0x00000000d5580000,0x00000000d5800000,0x00000000d5800000)
  from space 1536K, 98% used [0x00000000d5800000,0x00000000d5978d60,0x00000000d5980000)
  to   space 3584K, 0% used [0x00000000d5b80000,0x00000000d5b80000,0x00000000d5f00000)
 ParOldGen       total 317440K, used 317395K [0x0000000080000000, 0x0000000093600000, 0x00000000d5580000)
  object space 317440K, 99% used [0x0000000080000000,0x00000000935f4e70,0x0000000093600000)
 Metaspace       used 70247K, committed 71744K, reserved 1114112K
  class space    used 7321K, committed 8000K, reserved 1048576K
}
Event: 317.083 GC heap after
{Heap after GC invocations=289 (full 3):
 PSYoungGen      total 5120K, used 2128K [0x00000000d5580000, 0x00000000d5e00000, 0x0000000100000000)
  eden space 2560K, 0% used [0x00000000d5580000,0x00000000d5580000,0x00000000d5800000)
  from space 2560K, 83% used [0x00000000d5b80000,0x00000000d5d94020,0x00000000d5e00000)
  to   space 2560K, 0% used [0x00000000d5900000,0x00000000d5900000,0x00000000d5b80000)
 ParOldGen       total 318976K, used 318950K [0x0000000080000000, 0x0000000093780000, 0x00000000d5580000)
  object space 318976K, 99% used [0x0000000080000000,0x0000000093779bd0,0x0000000093780000)
 Metaspace       used 70247K, committed 71744K, reserved 1114112K
  class space    used 7321K, committed 8000K, reserved 1048576K
}
Event: 317.115 GC heap before
{Heap before GC invocations=290 (full 3):
 PSYoungGen      total 5120K, used 4688K [0x00000000d5580000, 0x00000000d5e00000, 0x0000000100000000)
  eden space 2560K, 100% used [0x00000000d5580000,0x00000000d5800000,0x00000000d5800000)
  from space 2560K, 83% used [0x00000000d5b80000,0x00000000d5d94020,0x00000000d5e00000)
  to   space 2560K, 0% used [0x00000000d5900000,0x00000000d5900000,0x00000000d5b80000)
 ParOldGen       total 318976K, used 318950K [0x0000000080000000, 0x0000000093780000, 0x00000000d5580000)
  object space 318976K, 99% used [0x0000000080000000,0x0000000093779bd0,0x0000000093780000)
 Metaspace       used 70256K, committed 71744K, reserved 1114112K
  class space    used 7322K, committed 8000K, reserved 1048576K
}
Event: 317.118 GC heap after
{Heap after GC invocations=290 (full 3):
 PSYoungGen      total 3584K, used 928K [0x00000000d5580000, 0x00000000d5c00000, 0x0000000100000000)
  eden space 2560K, 0% used [0x00000000d5580000,0x00000000d5580000,0x00000000d5800000)
  from space 1024K, 90% used [0x00000000d5900000,0x00000000d59e8000,0x00000000d5a00000)
  to   space 1536K, 0% used [0x00000000d5a80000,0x00000000d5a80000,0x00000000d5c00000)
 ParOldGen       total 321024K, used 320750K [0x0000000080000000, 0x0000000093980000, 0x00000000d5580000)
  object space 321024K, 99% used [0x0000000080000000,0x000000009393bbd0,0x0000000093980000)
 Metaspace       used 70256K, committed 71744K, reserved 1114112K
  class space    used 7322K, committed 8000K, reserved 1048576K
}
Event: 318.486 GC heap before
{Heap before GC invocations=291 (full 3):
 PSYoungGen      total 3584K, used 3488K [0x00000000d5580000, 0x00000000d5c00000, 0x0000000100000000)
  eden space 2560K, 100% used [0x00000000d5580000,0x00000000d5800000,0x00000000d5800000)
  from space 1024K, 90% used [0x00000000d5900000,0x00000000d59e8000,0x00000000d5a00000)
  to   space 1536K, 0% used [0x00000000d5a80000,0x00000000d5a80000,0x00000000d5c00000)
 ParOldGen       total 321024K, used 320750K [0x0000000080000000, 0x0000000093980000, 0x00000000d5580000)
  object space 321024K, 99% used [0x0000000080000000,0x000000009393bbd0,0x0000000093980000)
 Metaspace       used 70257K, committed 71744K, reserved 1114112K
  class space    used 7322K, committed 8000K, reserved 1048576K
}
Event: 318.488 GC heap after
{Heap after GC invocations=291 (full 3):
 PSYoungGen      total 3072K, used 288K [0x00000000d5580000, 0x00000000d5b00000, 0x0000000100000000)
  eden space 2560K, 0% used [0x00000000d5580000,0x00000000d5580000,0x00000000d5800000)
  from space 512K, 56% used [0x00000000d5a80000,0x00000000d5ac8000,0x00000000d5b00000)
  to   space 1024K, 0% used [0x00000000d5900000,0x00000000d5900000,0x00000000d5a00000)
 ParOldGen       total 321024K, used 320918K [0x0000000080000000, 0x0000000093980000, 0x00000000d5580000)
  object space 321024K, 99% used [0x0000000080000000,0x0000000093965bd0,0x0000000093980000)
 Metaspace       used 70257K, committed 71744K, reserved 1114112K
  class space    used 7322K, committed 8000K, reserved 1048576K
}
Event: 318.547 GC heap before
{Heap before GC invocations=292 (full 3):
 PSYoungGen      total 3072K, used 2847K [0x00000000d5580000, 0x00000000d5b00000, 0x0000000100000000)
  eden space 2560K, 99% used [0x00000000d5580000,0x00000000d57fffa0,0x00000000d5800000)
  from space 512K, 56% used [0x00000000d5a80000,0x00000000d5ac8000,0x00000000d5b00000)
  to   space 1024K, 0% used [0x00000000d5900000,0x00000000d5900000,0x00000000d5a00000)
 ParOldGen       total 321024K, used 320918K [0x0000000080000000, 0x0000000093980000, 0x00000000d5580000)
  object space 321024K, 99% used [0x0000000080000000,0x0000000093965bd0,0x0000000093980000)
 Metaspace       used 70258K, committed 71744K, reserved 1114112K
  class space    used 7322K, committed 8000K, reserved 1048576K
}
Event: 318.549 GC heap after
{Heap after GC invocations=292 (full 3):
 PSYoungGen      total 3584K, used 1000K [0x00000000d5580000, 0x00000000d5e00000, 0x0000000100000000)
  eden space 2560K, 0% used [0x00000000d5580000,0x00000000d5580000,0x00000000d5800000)
  from space 1024K, 97% used [0x00000000d5900000,0x00000000d59fa3d0,0x00000000d5a00000)
  to   space 3072K, 0% used [0x00000000d5b00000,0x00000000d5b00000,0x00000000d5e00000)
 ParOldGen       total 322560K, used 322230K [0x0000000080000000, 0x0000000093b00000, 0x00000000d5580000)
  object space 322560K, 99% used [0x0000000080000000,0x0000000093aadbd0,0x0000000093b00000)
 Metaspace       used 70258K, committed 71744K, reserved 1114112K
  class space    used 7322K, committed 8000K, reserved 1048576K
}
Event: 318.557 GC heap before
{Heap before GC invocations=293 (full 3):
 PSYoungGen      total 3584K, used 3560K [0x00000000d5580000, 0x00000000d5e00000, 0x0000000100000000)
  eden space 2560K, 100% used [0x00000000d5580000,0x00000000d5800000,0x00000000d5800000)
  from space 1024K, 97% used [0x00000000d5900000,0x00000000d59fa3d0,0x00000000d5a00000)
  to   space 3072K, 0% used [0x00000000d5b00000,0x00000000d5b00000,0x00000000d5e00000)
 ParOldGen       total 322560K, used 322230K [0x0000000080000000, 0x0000000093b00000, 0x00000000d5580000)
  object space 322560K, 99% used [0x0000000080000000,0x0000000093aadbd0,0x0000000093b00000)
 Metaspace       used 70258K, committed 71744K, reserved 1114112K
  class space    used 7322K, committed 8000K, reserved 1048576K
}
Event: 318.562 GC heap after
{Heap after GC invocations=293 (full 3):
 PSYoungGen      total 5632K, used 2624K [0x00000000d5580000, 0x00000000d5e00000, 0x0000000100000000)
  eden space 2560K, 0% used [0x00000000d5580000,0x00000000d5580000,0x00000000d5800000)
  from space 3072K, 85% used [0x00000000d5b00000,0x00000000d5d90000,0x00000000d5e00000)
  to   space 3072K, 0% used [0x00000000d5800000,0x00000000d5800000,0x00000000d5b00000)
 ParOldGen       total 323584K, used 323279K [0x0000000080000000, 0x0000000093c00000, 0x00000000d5580000)
  object space 323584K, 99% used [0x0000000080000000,0x0000000093bb3fb0,0x0000000093c00000)
 Metaspace       used 70258K, committed 71744K, reserved 1114112K
  class space    used 7322K, committed 8000K, reserved 1048576K
}
Event: 318.591 GC heap before
{Heap before GC invocations=294 (full 3):
 PSYoungGen      total 5632K, used 5184K [0x00000000d5580000, 0x00000000d5e00000, 0x0000000100000000)
  eden space 2560K, 100% used [0x00000000d5580000,0x00000000d5800000,0x00000000d5800000)
  from space 3072K, 85% used [0x00000000d5b00000,0x00000000d5d90000,0x00000000d5e00000)
  to   space 3072K, 0% used [0x00000000d5800000,0x00000000d5800000,0x00000000d5b00000)
 ParOldGen       total 323584K, used 323279K [0x0000000080000000, 0x0000000093c00000, 0x00000000d5580000)
  object space 323584K, 99% used [0x0000000080000000,0x0000000093bb3fb0,0x0000000093c00000)
 Metaspace       used 70258K, committed 71744K, reserved 1114112K
  class space    used 7322K, committed 8000K, reserved 1048576K
}
Event: 318.597 GC heap after
{Heap after GC invocations=294 (full 3):
 PSYoungGen      total 5120K, used 2112K [0x00000000d5580000, 0x00000000d5d00000, 0x0000000100000000)
  eden space 2560K, 0% used [0x00000000d5580000,0x00000000d5580000,0x00000000d5800000)
  from space 2560K, 82% used [0x00000000d5800000,0x00000000d5a10000,0x00000000d5a80000)
  to   space 2560K, 0% used [0x00000000d5a80000,0x00000000d5a80000,0x00000000d5d00000)
 ParOldGen       total 326144K, used 325863K [0x0000000080000000, 0x0000000093e80000, 0x00000000d5580000)
  object space 326144K, 99% used [0x0000000080000000,0x0000000093e39fb0,0x0000000093e80000)
 Metaspace       used 70258K, committed 71744K, reserved 1114112K
  class space    used 7322K, committed 8000K, reserved 1048576K
}
Event: 318.631 GC heap before
{Heap before GC invocations=295 (full 3):
 PSYoungGen      total 5120K, used 4672K [0x00000000d5580000, 0x00000000d5d00000, 0x0000000100000000)
  eden space 2560K, 100% used [0x00000000d5580000,0x00000000d5800000,0x00000000d5800000)
  from space 2560K, 82% used [0x00000000d5800000,0x00000000d5a10000,0x00000000d5a80000)
  to   space 2560K, 0% used [0x00000000d5a80000,0x00000000d5a80000,0x00000000d5d00000)
 ParOldGen       total 326144K, used 325863K [0x0000000080000000, 0x0000000093e80000, 0x00000000d5580000)
  object space 326144K, 99% used [0x0000000080000000,0x0000000093e39fb0,0x0000000093e80000)
 Metaspace       used 70258K, committed 71744K, reserved 1114112K
  class space    used 7322K, committed 8000K, reserved 1048576K
}
Event: 318.635 GC heap after
{Heap after GC invocations=295 (full 3):
 PSYoungGen      total 5120K, used 2435K [0x00000000d5580000, 0x00000000d5d00000, 0x0000000100000000)
  eden space 2560K, 0% used [0x00000000d5580000,0x00000000d5580000,0x00000000d5800000)
  from space 2560K, 95% used [0x00000000d5a80000,0x00000000d5ce0d60,0x00000000d5d00000)
  to   space 2560K, 0% used [0x00000000d5800000,0x00000000d5800000,0x00000000d5a80000)
 ParOldGen       total 328192K, used 327783K [0x0000000080000000, 0x0000000094080000, 0x00000000d5580000)
  object space 328192K, 99% used [0x0000000080000000,0x0000000094019fb0,0x0000000094080000)
 Metaspace       used 70258K, committed 71744K, reserved 1114112K
  class space    used 7322K, committed 8000K, reserved 1048576K
}
Event: 377.404 GC heap before
{Heap before GC invocations=296 (full 3):
 PSYoungGen      total 5120K, used 4995K [0x00000000d5580000, 0x00000000d5d00000, 0x0000000100000000)
  eden space 2560K, 100% used [0x00000000d5580000,0x00000000d5800000,0x00000000d5800000)
  from space 2560K, 95% used [0x00000000d5a80000,0x00000000d5ce0d60,0x00000000d5d00000)
  to   space 2560K, 0% used [0x00000000d5800000,0x00000000d5800000,0x00000000d5a80000)
 ParOldGen       total 328192K, used 327783K [0x0000000080000000, 0x0000000094080000, 0x00000000d5580000)
  object space 328192K, 99% used [0x0000000080000000,0x0000000094019fb0,0x0000000094080000)
 Metaspace       used 70298K, committed 71808K, reserved 1114112K
  class space    used 7324K, committed 8000K, reserved 1048576K
}
Event: 377.411 GC heap after
{Heap after GC invocations=296 (full 3):
 PSYoungGen      total 5120K, used 2000K [0x00000000d5580000, 0x00000000d5d00000, 0x0000000100000000)
  eden space 2560K, 0% used [0x00000000d5580000,0x00000000d5580000,0x00000000d5800000)
  from space 2560K, 78% used [0x00000000d5800000,0x00000000d59f4000,0x00000000d5a80000)
  to   space 2560K, 0% used [0x00000000d5a80000,0x00000000d5a80000,0x00000000d5d00000)
 ParOldGen       total 330240K, used 330059K [0x0000000080000000, 0x0000000094280000, 0x00000000d5580000)
  object space 330240K, 99% used [0x0000000080000000,0x0000000094252d10,0x0000000094280000)
 Metaspace       used 70298K, committed 71808K, reserved 1114112K
  class space    used 7324K, committed 8000K, reserved 1048576K
}

