# JRE version: OpenJDK Runtime Environment Temurin-21.0.11+10 (21.0.11+10) (build 21.0.11+10-LTS)
# Java VM: OpenJDK 64-Bit Server VM Temurin-21.0.11+10 (21.0.11+10-LTS, mixed mode, sharing, tiered, compressed oops, compressed class ptrs, parallel gc, windows-amd64)
GC Precious Log:
 CardTable entry size: 512
 CPUs: 16 total, 16 available
 Memory: 14021M
 Large Page Support: Disabled
 NUMA Support: Disabled
 Compressed Oops: Enabled (32-bit)
 Alignments: Space 512K, Generation 512K, Heap 2M
 Heap Min Capacity: 100M
 Heap Initial Capacity: 100M
 Heap Max Capacity: 2G
 Pre-touch: Disabled
 Parallel Workers: 13
Heap:
 PSYoungGen      total 3072K, used 1309K [0x00000000d5580000, 0x00000000d5980000, 0x0000000100000000)
  eden space 2048K, 49% used [0x00000000d5580000,0x00000000d567f610,0x00000000d5780000)
  from space 1024K, 28% used [0x00000000d5780000,0x00000000d57c8000,0x00000000d5880000)
  to   space 512K, 0% used [0x00000000d5900000,0x00000000d5900000,0x00000000d5980000)
 ParOldGen       total 615936K, used 615600K [0x0000000080000000, 0x00000000a5980000, 0x00000000d5580000)
  object space 615936K, 99% used [0x0000000080000000,0x00000000a592c2d0,0x00000000a5980000)
 Metaspace       used 70080K, committed 71552K, reserved 1114112K
  class space    used 7421K, committed 8064K, reserved 1048576K
GC Heap History (20 events):
Event: 1021.530 GC heap before
{Heap before GC invocations=637 (full 3):
 PSYoungGen      total 5120K, used 3088K [0x00000000d5580000, 0x00000000d5d80000, 0x0000000100000000)
  eden space 2560K, 100% used [0x00000000d5580000,0x00000000d5800000,0x00000000d5800000)
  from space 2560K, 20% used [0x00000000d5980000,0x00000000d5a04010,0x00000000d5c00000)
  to   space 1024K, 0% used [0x00000000d5c80000,0x00000000d5c80000,0x00000000d5d80000)
 ParOldGen       total 603648K, used 603253K [0x0000000080000000, 0x00000000a4d80000, 0x00000000d5580000)
  object space 603648K, 99% used [0x0000000080000000,0x00000000a4d1d538,0x00000000a4d80000)
 Metaspace       used 70014K, committed 71488K, reserved 1114112K
  class space    used 7419K, committed 8064K, reserved 1048576K
}
Event: 1021.533 GC heap after
{Heap after GC invocations=637 (full 3):
 PSYoungGen      total 3584K, used 1000K [0x00000000d5580000, 0x00000000d5d80000, 0x0000000100000000)
  eden space 2560K, 0% used [0x00000000d5580000,0x00000000d5580000,0x00000000d5800000)
  from space 1024K, 97% used [0x00000000d5c80000,0x00000000d5d7a3d0,0x00000000d5d80000)
  to   space 2560K, 0% used [0x00000000d5880000,0x00000000d5880000,0x00000000d5b00000)
 ParOldGen       total 604672K, used 604241K [0x0000000080000000, 0x00000000a4e80000, 0x00000000d5580000)
  object space 604672K, 99% used [0x0000000080000000,0x00000000a4e14720,0x00000000a4e80000)
 Metaspace       used 70014K, committed 71488K, reserved 1114112K
  class space    used 7419K, committed 8064K, reserved 1048576K
}
Event: 1021.542 GC heap before
{Heap before GC invocations=638 (full 3):
 PSYoungGen      total 3584K, used 3560K [0x00000000d5580000, 0x00000000d5d80000, 0x0000000100000000)
  eden space 2560K, 100% used [0x00000000d5580000,0x00000000d5800000,0x00000000d5800000)
  from space 1024K, 97% used [0x00000000d5c80000,0x00000000d5d7a3d0,0x00000000d5d80000)
  to   space 2560K, 0% used [0x00000000d5880000,0x00000000d5880000,0x00000000d5b00000)
 ParOldGen       total 604672K, used 604241K [0x0000000080000000, 0x00000000a4e80000, 0x00000000d5580000)
  object space 604672K, 99% used [0x0000000080000000,0x00000000a4e14720,0x00000000a4e80000)
 Metaspace       used 70014K, committed 71488K, reserved 1114112K
  class space    used 7419K, committed 8064K, reserved 1048576K
}
Event: 1021.545 GC heap after
{Heap after GC invocations=638 (full 3):
 PSYoungGen      total 5120K, used 2560K [0x00000000d5580000, 0x00000000d6000000, 0x0000000100000000)
  eden space 2560K, 0% used [0x00000000d5580000,0x00000000d5580000,0x00000000d5800000)
  from space 2560K, 100% used [0x00000000d5880000,0x00000000d5b00000,0x00000000d5b00000)
  to   space 4096K, 0% used [0x00000000d5c00000,0x00000000d5c00000,0x00000000d6000000)
 ParOldGen       total 605696K, used 605234K [0x0000000080000000, 0x00000000a4f80000, 0x00000000d5580000)
  object space 605696K, 99% used [0x0000000080000000,0x00000000a4f0cb00,0x00000000a4f80000)
 Metaspace       used 70014K, committed 71488K, reserved 1114112K
  class space    used 7419K, committed 8064K, reserved 1048576K
}
Event: 1021.563 GC heap before
{Heap before GC invocations=639 (full 3):
 PSYoungGen      total 5120K, used 4965K [0x00000000d5580000, 0x00000000d6000000, 0x0000000100000000)
  eden space 2560K, 93% used [0x00000000d5580000,0x00000000d57d9490,0x00000000d5800000)
  from space 2560K, 100% used [0x00000000d5880000,0x00000000d5b00000,0x00000000d5b00000)
  to   space 4096K, 0% used [0x00000000d5c00000,0x00000000d5c00000,0x00000000d6000000)
 ParOldGen       total 605696K, used 605234K [0x0000000080000000, 0x00000000a4f80000, 0x00000000d5580000)
  object space 605696K, 99% used [0x0000000080000000,0x00000000a4f0cb00,0x00000000a4f80000)
 Metaspace       used 70014K, committed 71488K, reserved 1114112K
  class space    used 7419K, committed 8064K, reserved 1048576K
}
Event: 1021.568 GC heap after
{Heap after GC invocations=639 (full 3):
 PSYoungGen      total 5120K, used 2192K [0x00000000d5580000, 0x00000000d5e80000, 0x0000000100000000)
  eden space 2560K, 0% used [0x00000000d5580000,0x00000000d5580000,0x00000000d5800000)
  from space 2560K, 85% used [0x00000000d5c00000,0x00000000d5e24000,0x00000000d5e80000)
  to   space 3072K, 0% used [0x00000000d5880000,0x00000000d5880000,0x00000000d5b80000)
 ParOldGen       total 608256K, used 607794K [0x0000000080000000, 0x00000000a5200000, 0x00000000d5580000)
  object space 608256K, 99% used [0x0000000080000000,0x00000000a518cb00,0x00000000a5200000)
 Metaspace       used 70014K, committed 71488K, reserved 1114112K
  class space    used 7419K, committed 8064K, reserved 1048576K
}
Event: 1021.602 GC heap before
{Heap before GC invocations=640 (full 3):
 PSYoungGen      total 5120K, used 4752K [0x00000000d5580000, 0x00000000d5e80000, 0x0000000100000000)
  eden space 2560K, 100% used [0x00000000d5580000,0x00000000d5800000,0x00000000d5800000)
  from space 2560K, 85% used [0x00000000d5c00000,0x00000000d5e24000,0x00000000d5e80000)
  to   space 3072K, 0% used [0x00000000d5880000,0x00000000d5880000,0x00000000d5b80000)
 ParOldGen       total 608256K, used 607794K [0x0000000080000000, 0x00000000a5200000, 0x00000000d5580000)
  object space 608256K, 99% used [0x0000000080000000,0x00000000a518cb00,0x00000000a5200000)
 Metaspace       used 70017K, committed 71488K, reserved 1114112K
  class space    used 7419K, committed 8064K, reserved 1048576K
}
Event: 1021.608 GC heap after
{Heap after GC invocations=640 (full 3):
 PSYoungGen      total 5120K, used 2435K [0x00000000d5580000, 0x00000000d5d00000, 0x0000000100000000)
  eden space 2560K, 0% used [0x00000000d5580000,0x00000000d5580000,0x00000000d5800000)
  from space 2560K, 95% used [0x00000000d5880000,0x00000000d5ae0d60,0x00000000d5b00000)
  to   space 2048K, 0% used [0x00000000d5b00000,0x00000000d5b00000,0x00000000d5d00000)
 ParOldGen       total 609792K, used 609514K [0x0000000080000000, 0x00000000a5380000, 0x00000000d5580000)
  object space 609792K, 99% used [0x0000000080000000,0x00000000a533ab00,0x00000000a5380000)
 Metaspace       used 70017K, committed 71488K, reserved 1114112K
  class space    used 7419K, committed 8064K, reserved 1048576K
}
Event: 1021.619 GC heap before
{Heap before GC invocations=641 (full 3):
 PSYoungGen      total 5120K, used 4995K [0x00000000d5580000, 0x00000000d5d00000, 0x0000000100000000)
  eden space 2560K, 100% used [0x00000000d5580000,0x00000000d5800000,0x00000000d5800000)
  from space 2560K, 95% used [0x00000000d5880000,0x00000000d5ae0d60,0x00000000d5b00000)
  to   space 2048K, 0% used [0x00000000d5b00000,0x00000000d5b00000,0x00000000d5d00000)
 ParOldGen       total 609792K, used 609514K [0x0000000080000000, 0x00000000a5380000, 0x00000000d5580000)
  object space 609792K, 99% used [0x0000000080000000,0x00000000a533ab00,0x00000000a5380000)
 Metaspace       used 70028K, committed 71552K, reserved 1114112K
  class space    used 7421K, committed 8064K, reserved 1048576K
}
Event: 1021.624 GC heap after
{Heap after GC invocations=641 (full 3):
 PSYoungGen      total 2560K, used 2024K [0x00000000d5580000, 0x00000000d6300000, 0x0000000100000000)
  eden space 512K, 0% used [0x00000000d5580000,0x00000000d5580000,0x00000000d5600000)
  from space 2048K, 98% used [0x00000000d5b00000,0x00000000d5cfa000,0x00000000d5d00000)
  to   space 5120K, 0% used [0x00000000d5600000,0x00000000d5600000,0x00000000d5b00000)
 ParOldGen       total 612352K, used 612294K [0x0000000080000000, 0x00000000a5600000, 0x00000000d5580000)
  object space 612352K, 99% used [0x0000000080000000,0x00000000a55f1880,0x00000000a5600000)
 Metaspace       used 70028K, committed 71552K, reserved 1114112K
  class space    used 7421K, committed 8064K, reserved 1048576K
}
Event: 1021.624 GC heap before
{Heap before GC invocations=642 (full 3):
 PSYoungGen      total 2560K, used 2536K [0x00000000d5580000, 0x00000000d6300000, 0x0000000100000000)
  eden space 512K, 100% used [0x00000000d5580000,0x00000000d5600000,0x00000000d5600000)
  from space 2048K, 98% used [0x00000000d5b00000,0x00000000d5cfa000,0x00000000d5d00000)
  to   space 5120K, 0% used [0x00000000d5600000,0x00000000d5600000,0x00000000d5b00000)
 ParOldGen       total 612352K, used 612294K [0x0000000080000000, 0x00000000a5600000, 0x00000000d5580000)
  object space 612352K, 99% used [0x0000000080000000,0x00000000a55f1880,0x00000000a5600000)
 Metaspace       used 70028K, committed 71552K, reserved 1114112K
  class space    used 7421K, committed 8064K, reserved 1048576K
}
Event: 1021.628 GC heap after
{Heap after GC invocations=642 (full 3):
 PSYoungGen      total 1536K, used 720K [0x00000000d5580000, 0x00000000d5b80000, 0x0000000100000000)
  eden space 512K, 0% used [0x00000000d5580000,0x00000000d5580000,0x00000000d5600000)
  from space 1024K, 70% used [0x00000000d5600000,0x00000000d56b4000,0x00000000d5700000)
  to   space 2560K, 0% used [0x00000000d5900000,0x00000000d5900000,0x00000000d5b80000)
 ParOldGen       total 614400K, used 614210K [0x0000000080000000, 0x00000000a5800000, 0x00000000d5580000)
  object space 614400K, 99% used [0x0000000080000000,0x00000000a57d0880,0x00000000a5800000)
 Metaspace       used 70028K, committed 71552K, reserved 1114112K
  class space    used 7421K, committed 8064K, reserved 1048576K
}
Event: 1021.634 GC heap before
{Heap before GC invocations=643 (full 3):
 PSYoungGen      total 1536K, used 1232K [0x00000000d5580000, 0x00000000d5b80000, 0x0000000100000000)
  eden space 512K, 100% used [0x00000000d5580000,0x00000000d5600000,0x00000000d5600000)
  from space 1024K, 70% used [0x00000000d5600000,0x00000000d56b4000,0x00000000d5700000)
  to   space 2560K, 0% used [0x00000000d5900000,0x00000000d5900000,0x00000000d5b80000)
 ParOldGen       total 614400K, used 614210K [0x0000000080000000, 0x00000000a5800000, 0x00000000d5580000)
  object space 614400K, 99% used [0x0000000080000000,0x00000000a57d0880,0x00000000a5800000)
 Metaspace       used 70028K, committed 71552K, reserved 1114112K
  class space    used 7421K, committed 8064K, reserved 1048576K
}
Event: 1021.636 GC heap after
{Heap after GC invocations=643 (full 3):
 PSYoungGen      total 2048K, used 544K [0x00000000d5580000, 0x00000000d5a00000, 0x0000000100000000)
  eden space 1024K, 0% used [0x00000000d5580000,0x00000000d5580000,0x00000000d5680000)
  from space 1024K, 53% used [0x00000000d5900000,0x00000000d5988000,0x00000000d5a00000)
  to   space 1024K, 0% used [0x00000000d5800000,0x00000000d5800000,0x00000000d5900000)
 ParOldGen       total 614912K, used 614714K [0x0000000080000000, 0x00000000a5880000, 0x00000000d5580000)
  object space 614912K, 99% used [0x0000000080000000,0x00000000a584e880,0x00000000a5880000)
 Metaspace       used 70028K, committed 71552K, reserved 1114112K
  class space    used 7421K, committed 8064K, reserved 1048576K
}
Event: 1021.684 GC heap before
{Heap before GC invocations=644 (full 3):
 PSYoungGen      total 2048K, used 1567K [0x00000000d5580000, 0x00000000d5a00000, 0x0000000100000000)
  eden space 1024K, 99% used [0x00000000d5580000,0x00000000d567ffe8,0x00000000d5680000)
  from space 1024K, 53% used [0x00000000d5900000,0x00000000d5988000,0x00000000d5a00000)
  to   space 1024K, 0% used [0x00000000d5800000,0x00000000d5800000,0x00000000d5900000)
 ParOldGen       total 614912K, used 614714K [0x0000000080000000, 0x00000000a5880000, 0x00000000d5580000)
  object space 614912K, 99% used [0x0000000080000000,0x00000000a584e880,0x00000000a5880000)
 Metaspace       used 70055K, committed 71552K, reserved 1114112K
  class space    used 7421K, committed 8064K, reserved 1048576K
}
Event: 1021.688 GC heap after
{Heap after GC invocations=644 (full 3):
 PSYoungGen      total 2560K, used 352K [0x00000000d5580000, 0x00000000d5980000, 0x0000000100000000)
  eden space 1536K, 0% used [0x00000000d5580000,0x00000000d5580000,0x00000000d5700000)
  from space 1024K, 34% used [0x00000000d5800000,0x00000000d5858000,0x00000000d5900000)
  to   space 512K, 0% used [0x00000000d5900000,0x00000000d5900000,0x00000000d5980000)
 ParOldGen       total 615424K, used 615050K [0x0000000080000000, 0x00000000a5900000, 0x00000000d5580000)
  object space 615424K, 99% used [0x0000000080000000,0x00000000a58a2880,0x00000000a5900000)
 Metaspace       used 70055K, committed 71552K, reserved 1114112K
  class space    used 7421K, committed 8064K, reserved 1048576K
}
Event: 1021.702 GC heap before
{Heap before GC invocations=645 (full 3):
 PSYoungGen      total 2560K, used 1888K [0x00000000d5580000, 0x00000000d5980000, 0x0000000100000000)
  eden space 1536K, 100% used [0x00000000d5580000,0x00000000d5700000,0x00000000d5700000)
  from space 1024K, 34% used [0x00000000d5800000,0x00000000d5858000,0x00000000d5900000)
  to   space 512K, 0% used [0x00000000d5900000,0x00000000d5900000,0x00000000d5980000)
 ParOldGen       total 615424K, used 615050K [0x0000000080000000, 0x00000000a5900000, 0x00000000d5580000)
  object space 615424K, 99% used [0x0000000080000000,0x00000000a58a2880,0x00000000a5900000)
 Metaspace       used 70058K, committed 71552K, reserved 1114112K
  class space    used 7421K, committed 8064K, reserved 1048576K
}
Event: 1021.704 GC heap after
{Heap after GC invocations=645 (full 3):
 PSYoungGen      total 2560K, used 496K [0x00000000d5580000, 0x00000000d5980000, 0x0000000100000000)
  eden space 2048K, 0% used [0x00000000d5580000,0x00000000d5580000,0x00000000d5780000)
  from space 512K, 96% used [0x00000000d5900000,0x00000000d597c010,0x00000000d5980000)
  to   space 1024K, 0% used [0x00000000d5780000,0x00000000d5780000,0x00000000d5880000)
 ParOldGen       total 615424K, used 615218K [0x0000000080000000, 0x00000000a5900000, 0x00000000d5580000)
  object space 615424K, 99% used [0x0000000080000000,0x00000000a58cc880,0x00000000a5900000)
 Metaspace       used 70058K, committed 71552K, reserved 1114112K
  class space    used 7421K, committed 8064K, reserved 1048576K
}
Event: 1021.724 GC heap before
{Heap before GC invocations=646 (full 3):
 PSYoungGen      total 2560K, used 2544K [0x00000000d5580000, 0x00000000d5980000, 0x0000000100000000)
  eden space 2048K, 100% used [0x00000000d5580000,0x00000000d5780000,0x00000000d5780000)
  from space 512K, 96% used [0x00000000d5900000,0x00000000d597c010,0x00000000d5980000)
  to   space 1024K, 0% used [0x00000000d5780000,0x00000000d5780000,0x00000000d5880000)
 ParOldGen       total 615424K, used 615218K [0x0000000080000000, 0x00000000a5900000, 0x00000000d5580000)
  object space 615424K, 99% used [0x0000000080000000,0x00000000a58cc880,0x00000000a5900000)
 Metaspace       used 70073K, committed 71552K, reserved 1114112K
  class space    used 7421K, committed 8064K, reserved 1048576K
}
Event: 1021.726 GC heap after
{Heap after GC invocations=646 (full 3):
 PSYoungGen      total 3072K, used 288K [0x00000000d5580000, 0x00000000d5980000, 0x0000000100000000)
  eden space 2048K, 0% used [0x00000000d5580000,0x00000000d5580000,0x00000000d5780000)
  from space 1024K, 28% used [0x00000000d5780000,0x00000000d57c8000,0x00000000d5880000)
  to   space 512K, 0% used [0x00000000d5900000,0x00000000d5900000,0x00000000d5980000)
 ParOldGen       total 615936K, used 615600K [0x0000000080000000, 0x00000000a5980000, 0x00000000d5580000)
  object space 615936K, 99% used [0x0000000080000000,0x00000000a592c2d0,0x00000000a5980000)
 Metaspace       used 70073K, committed 71552K, reserved 1114112K
  class space    used 7421K, committed 8064K, reserved 1048576K
}

