# JRE version: OpenJDK Runtime Environment Temurin-21.0.10+7 (21.0.10+7) (build 21.0.10+7-LTS)
# Java VM: OpenJDK 64-Bit Server VM Temurin-21.0.10+7 (21.0.10+7-LTS, mixed mode, sharing, tiered, compressed oops, compressed class ptrs, parallel gc, windows-amd64)
GC Precious Log:
 CardTable entry size: 512
 CPUs: 16 total, 16 available
 Memory: 14021M
 Large Page Support: Disabled
 NUMA Support: Disabled
 Compressed Oops: Enabled (32-bit)
 Alignments: Space 512K, Generation 512K, Heap 2M
 Heap Min Capacity: 100M
 Heap Initial Capacity: 100M
 Heap Max Capacity: 2G
 Pre-touch: Disabled
 Parallel Workers: 13
Heap:
 PSYoungGen      total 2560K, used 1750K [0x00000000d5580000, 0x00000000d5a00000, 0x0000000100000000)
  eden space 2048K, 71% used [0x00000000d5580000,0x00000000d56edb98,0x00000000d5780000)
  from space 512K, 56% used [0x00000000d5900000,0x00000000d5948000,0x00000000d5980000)
  to   space 512K, 0% used [0x00000000d5980000,0x00000000d5980000,0x00000000d5a00000)
 ParOldGen       total 172544K, used 172062K [0x0000000080000000, 0x000000008a880000, 0x00000000d5580000)
  object space 172544K, 99% used [0x0000000080000000,0x000000008a807888,0x000000008a880000)
 Metaspace       used 66776K, committed 68224K, reserved 1114112K
  class space    used 7112K, committed 7744K, reserved 1048576K
GC Heap History (20 events):
Event: 515.368 GC heap before
{Heap before GC invocations=79 (full 3):
 PSYoungGen      total 5120K, used 4016K [0x00000000d5580000, 0x00000000d5d00000, 0x0000000100000000)
  eden space 3584K, 100% used [0x00000000d5580000,0x00000000d5900000,0x00000000d5900000)
  from space 1536K, 28% used [0x00000000d5a80000,0x00000000d5aec010,0x00000000d5c00000)
  to   space 1024K, 0% used [0x00000000d5c00000,0x00000000d5c00000,0x00000000d5d00000)
 ParOldGen       total 160256K, used 160161K [0x0000000080000000, 0x0000000089c80000, 0x00000000d5580000)
  object space 160256K, 99% used [0x0000000080000000,0x0000000089c68738,0x0000000089c80000)
 Metaspace       used 66552K, committed 68032K, reserved 1114112K
  class space    used 7099K, committed 7744K, reserved 1048576K
}
Event: 515.370 GC heap after
{Heap after GC invocations=79 (full 3):
 PSYoungGen      total 4096K, used 192K [0x00000000d5580000, 0x00000000d5c80000, 0x0000000100000000)
  eden space 3584K, 0% used [0x00000000d5580000,0x00000000d5580000,0x00000000d5900000)
  from space 512K, 37% used [0x00000000d5c00000,0x00000000d5c30000,0x00000000d5c80000)
  to   space 512K, 0% used [0x00000000d5b80000,0x00000000d5b80000,0x00000000d5c00000)
 ParOldGen       total 160768K, used 160281K [0x0000000080000000, 0x0000000089d00000, 0x00000000d5580000)
  object space 160768K, 99% used [0x0000000080000000,0x0000000089c86738,0x0000000089d00000)
 Metaspace       used 66552K, committed 68032K, reserved 1114112K
  class space    used 7099K, committed 7744K, reserved 1048576K
}
Event: 515.656 GC heap before
{Heap before GC invocations=80 (full 3):
 PSYoungGen      total 4096K, used 3776K [0x00000000d5580000, 0x00000000d5c80000, 0x0000000100000000)
  eden space 3584K, 100% used [0x00000000d5580000,0x00000000d5900000,0x00000000d5900000)
  from space 512K, 37% used [0x00000000d5c00000,0x00000000d5c30000,0x00000000d5c80000)
  to   space 512K, 0% used [0x00000000d5b80000,0x00000000d5b80000,0x00000000d5c00000)
 ParOldGen       total 160768K, used 160281K [0x0000000080000000, 0x0000000089d00000, 0x00000000d5580000)
  object space 160768K, 99% used [0x0000000080000000,0x0000000089c86738,0x0000000089d00000)
 Metaspace       used 66568K, committed 68032K, reserved 1114112K
  class space    used 7099K, committed 7744K, reserved 1048576K
}
Event: 515.659 GC heap after
{Heap after GC invocations=80 (full 3):
 PSYoungGen      total 4096K, used 500K [0x00000000d5580000, 0x00000000d5f00000, 0x0000000100000000)
  eden space 3584K, 0% used [0x00000000d5580000,0x00000000d5580000,0x00000000d5900000)
  from space 512K, 97% used [0x00000000d5b80000,0x00000000d5bfd1e8,0x00000000d5c00000)
  to   space 3072K, 0% used [0x00000000d5c00000,0x00000000d5c00000,0x00000000d5f00000)
 ParOldGen       total 162304K, used 162190K [0x0000000080000000, 0x0000000089e80000, 0x00000000d5580000)
  object space 162304K, 99% used [0x0000000080000000,0x0000000089e63930,0x0000000089e80000)
 Metaspace       used 66568K, committed 68032K, reserved 1114112K
  class space    used 7099K, committed 7744K, reserved 1048576K
}
Event: 515.688 GC heap before
{Heap before GC invocations=81 (full 3):
 PSYoungGen      total 4096K, used 4084K [0x00000000d5580000, 0x00000000d5f00000, 0x0000000100000000)
  eden space 3584K, 100% used [0x00000000d5580000,0x00000000d5900000,0x00000000d5900000)
  from space 512K, 97% used [0x00000000d5b80000,0x00000000d5bfd1e8,0x00000000d5c00000)
  to   space 3072K, 0% used [0x00000000d5c00000,0x00000000d5c00000,0x00000000d5f00000)
 ParOldGen       total 162304K, used 162190K [0x0000000080000000, 0x0000000089e80000, 0x00000000d5580000)
  object space 162304K, 99% used [0x0000000080000000,0x0000000089e63930,0x0000000089e80000)
 Metaspace       used 66568K, committed 68032K, reserved 1114112K
  class space    used 7099K, committed 7744K, reserved 1048576K
}
Event: 515.692 GC heap after
{Heap after GC invocations=81 (full 3):
 PSYoungGen      total 5120K, used 3072K [0x00000000d5580000, 0x00000000d6200000, 0x0000000100000000)
  eden space 2048K, 0% used [0x00000000d5580000,0x00000000d5580000,0x00000000d5780000)
  from space 3072K, 100% used [0x00000000d5c00000,0x00000000d5f00000,0x00000000d5f00000)
  to   space 4608K, 0% used [0x00000000d5780000,0x00000000d5780000,0x00000000d5c00000)
 ParOldGen       total 163328K, used 163034K [0x0000000080000000, 0x0000000089f80000, 0x00000000d5580000)
  object space 163328K, 99% used [0x0000000080000000,0x0000000089f36b18,0x0000000089f80000)
 Metaspace       used 66568K, committed 68032K, reserved 1114112K
  class space    used 7099K, committed 7744K, reserved 1048576K
}
Event: 515.716 GC heap before
{Heap before GC invocations=82 (full 3):
 PSYoungGen      total 5120K, used 5120K [0x00000000d5580000, 0x00000000d6200000, 0x0000000100000000)
  eden space 2048K, 100% used [0x00000000d5580000,0x00000000d5780000,0x00000000d5780000)
  from space 3072K, 100% used [0x00000000d5c00000,0x00000000d5f00000,0x00000000d5f00000)
  to   space 4608K, 0% used [0x00000000d5780000,0x00000000d5780000,0x00000000d5c00000)
 ParOldGen       total 163328K, used 163034K [0x0000000080000000, 0x0000000089f80000, 0x00000000d5580000)
  object space 163328K, 99% used [0x0000000080000000,0x0000000089f36b18,0x0000000089f80000)
 Metaspace       used 66568K, committed 68032K, reserved 1114112K
  class space    used 7099K, committed 7744K, reserved 1048576K
}
Event: 515.723 GC heap after
{Heap after GC invocations=82 (full 3):
 PSYoungGen      total 4096K, used 1728K [0x00000000d5580000, 0x00000000d5c80000, 0x0000000100000000)
  eden space 2048K, 0% used [0x00000000d5580000,0x00000000d5580000,0x00000000d5780000)
  from space 2048K, 84% used [0x00000000d5780000,0x00000000d5930000,0x00000000d5980000)
  to   space 2560K, 0% used [0x00000000d5a00000,0x00000000d5a00000,0x00000000d5c80000)
 ParOldGen       total 166400K, used 165930K [0x0000000080000000, 0x000000008a280000, 0x00000000d5580000)
  object space 166400K, 99% used [0x0000000080000000,0x000000008a20ab18,0x000000008a280000)
 Metaspace       used 66568K, committed 68032K, reserved 1114112K
  class space    used 7099K, committed 7744K, reserved 1048576K
}
Event: 515.739 GC heap before
{Heap before GC invocations=83 (full 3):
 PSYoungGen      total 4096K, used 3776K [0x00000000d5580000, 0x00000000d5c80000, 0x0000000100000000)
  eden space 2048K, 100% used [0x00000000d5580000,0x00000000d5780000,0x00000000d5780000)
  from space 2048K, 84% used [0x00000000d5780000,0x00000000d5930000,0x00000000d5980000)
  to   space 2560K, 0% used [0x00000000d5a00000,0x00000000d5a00000,0x00000000d5c80000)
 ParOldGen       total 166400K, used 165930K [0x0000000080000000, 0x000000008a280000, 0x00000000d5580000)
  object space 166400K, 99% used [0x0000000080000000,0x000000008a20ab18,0x000000008a280000)
 Metaspace       used 66589K, committed 68032K, reserved 1114112K
  class space    used 7101K, committed 7744K, reserved 1048576K
}
Event: 515.743 GC heap after
{Heap after GC invocations=83 (full 3):
 PSYoungGen      total 4096K, used 1603K [0x00000000d5580000, 0x00000000d5c00000, 0x0000000100000000)
  eden space 2048K, 0% used [0x00000000d5580000,0x00000000d5580000,0x00000000d5780000)
  from space 2048K, 78% used [0x00000000d5a00000,0x00000000d5b90d60,0x00000000d5c00000)
  to   space 2048K, 0% used [0x00000000d5780000,0x00000000d5780000,0x00000000d5980000)
 ParOldGen       total 167936K, used 167498K [0x0000000080000000, 0x000000008a400000, 0x00000000d5580000)
  object space 167936K, 99% used [0x0000000080000000,0x000000008a392b18,0x000000008a400000)
 Metaspace       used 66589K, committed 68032K, reserved 1114112K
  class space    used 7101K, committed 7744K, reserved 1048576K
}
Event: 515.752 GC heap before
{Heap before GC invocations=84 (full 3):
 PSYoungGen      total 4096K, used 3651K [0x00000000d5580000, 0x00000000d5c00000, 0x0000000100000000)
  eden space 2048K, 100% used [0x00000000d5580000,0x00000000d5780000,0x00000000d5780000)
  from space 2048K, 78% used [0x00000000d5a00000,0x00000000d5b90d60,0x00000000d5c00000)
  to   space 2048K, 0% used [0x00000000d5780000,0x00000000d5780000,0x00000000d5980000)
 ParOldGen       total 167936K, used 167498K [0x0000000080000000, 0x000000008a400000, 0x00000000d5580000)
  object space 167936K, 99% used [0x0000000080000000,0x000000008a392b18,0x000000008a400000)
 Metaspace       used 66610K, committed 68096K, reserved 1114112K
  class space    used 7101K, committed 7744K, reserved 1048576K
}
Event: 515.754 GC heap after
{Heap after GC invocations=84 (full 3):
 PSYoungGen      total 4096K, used 2048K [0x00000000d5580000, 0x00000000d5c80000, 0x0000000100000000)
  eden space 2048K, 0% used [0x00000000d5580000,0x00000000d5580000,0x00000000d5780000)
  from space 2048K, 100% used [0x00000000d5780000,0x00000000d5980000,0x00000000d5980000)
  to   space 2560K, 0% used [0x00000000d5a00000,0x00000000d5a00000,0x00000000d5c80000)
 ParOldGen       total 169472K, used 168990K [0x0000000080000000, 0x000000008a580000, 0x00000000d5580000)
  object space 169472K, 99% used [0x0000000080000000,0x000000008a507888,0x000000008a580000)
 Metaspace       used 66610K, committed 68096K, reserved 1114112K
  class space    used 7101K, committed 7744K, reserved 1048576K
}
Event: 516.032 GC heap before
{Heap before GC invocations=85 (full 3):
 PSYoungGen      total 4096K, used 4094K [0x00000000d5580000, 0x00000000d5c80000, 0x0000000100000000)
  eden space 2048K, 99% used [0x00000000d5580000,0x00000000d577f8e8,0x00000000d5780000)
  from space 2048K, 100% used [0x00000000d5780000,0x00000000d5980000,0x00000000d5980000)
  to   space 2560K, 0% used [0x00000000d5a00000,0x00000000d5a00000,0x00000000d5c80000)
 ParOldGen       total 169472K, used 168990K [0x0000000080000000, 0x000000008a580000, 0x00000000d5580000)
  object space 169472K, 99% used [0x0000000080000000,0x000000008a507888,0x000000008a580000)
 Metaspace       used 66615K, committed 68096K, reserved 1114112K
  class space    used 7101K, committed 7744K, reserved 1048576K
}
Event: 516.036 GC heap after
{Heap after GC invocations=85 (full 3):
 PSYoungGen      total 3584K, used 1376K [0x00000000d5580000, 0x00000000d5b80000, 0x0000000100000000)
  eden space 2048K, 0% used [0x00000000d5580000,0x00000000d5580000,0x00000000d5780000)
  from space 1536K, 89% used [0x00000000d5a00000,0x00000000d5b58000,0x00000000d5b80000)
  to   space 2048K, 0% used [0x00000000d5780000,0x00000000d5780000,0x00000000d5980000)
 ParOldGen       total 171008K, used 170838K [0x0000000080000000, 0x000000008a700000, 0x00000000d5580000)
  object space 171008K, 99% used [0x0000000080000000,0x000000008a6d5888,0x000000008a700000)
 Metaspace       used 66615K, committed 68096K, reserved 1114112K
  class space    used 7101K, committed 7744K, reserved 1048576K
}
Event: 516.054 GC heap before
{Heap before GC invocations=86 (full 3):
 PSYoungGen      total 3584K, used 3424K [0x00000000d5580000, 0x00000000d5b80000, 0x0000000100000000)
  eden space 2048K, 100% used [0x00000000d5580000,0x00000000d5780000,0x00000000d5780000)
  from space 1536K, 89% used [0x00000000d5a00000,0x00000000d5b58000,0x00000000d5b80000)
  to   space 2048K, 0% used [0x00000000d5780000,0x00000000d5780000,0x00000000d5980000)
 ParOldGen       total 171008K, used 170838K [0x0000000080000000, 0x000000008a700000, 0x00000000d5580000)
  object space 171008K, 99% used [0x0000000080000000,0x000000008a6d5888,0x000000008a700000)
 Metaspace       used 66624K, committed 68096K, reserved 1114112K
  class space    used 7101K, committed 7744K, reserved 1048576K
}
Event: 516.057 GC heap after
{Heap after GC invocations=86 (full 3):
 PSYoungGen      total 4096K, used 416K [0x00000000d5580000, 0x00000000d5a80000, 0x0000000100000000)
  eden space 2048K, 0% used [0x00000000d5580000,0x00000000d5580000,0x00000000d5780000)
  from space 2048K, 20% used [0x00000000d5780000,0x00000000d57e8000,0x00000000d5980000)
  to   space 1024K, 0% used [0x00000000d5980000,0x00000000d5980000,0x00000000d5a80000)
 ParOldGen       total 172032K, used 172030K [0x0000000080000000, 0x000000008a800000, 0x00000000d5580000)
  object space 172032K, 99% used [0x0000000080000000,0x000000008a7ff888,0x000000008a800000)
 Metaspace       used 66624K, committed 68096K, reserved 1114112K
  class space    used 7101K, committed 7744K, reserved 1048576K
}
Event: 524.850 GC heap before
{Heap before GC invocations=87 (full 3):
 PSYoungGen      total 4096K, used 2464K [0x00000000d5580000, 0x00000000d5a80000, 0x0000000100000000)
  eden space 2048K, 100% used [0x00000000d5580000,0x00000000d5780000,0x00000000d5780000)
  from space 2048K, 20% used [0x00000000d5780000,0x00000000d57e8000,0x00000000d5980000)
  to   space 1024K, 0% used [0x00000000d5980000,0x00000000d5980000,0x00000000d5a80000)
 ParOldGen       total 172032K, used 172030K [0x0000000080000000, 0x000000008a800000, 0x00000000d5580000)
  object space 172032K, 99% used [0x0000000080000000,0x000000008a7ff888,0x000000008a800000)
 Metaspace       used 66653K, committed 68096K, reserved 1114112K
  class space    used 7101K, committed 7744K, reserved 1048576K
}
Event: 524.851 GC heap after
{Heap after GC invocations=87 (full 3):
 PSYoungGen      total 2560K, used 224K [0x00000000d5580000, 0x00000000d5a00000, 0x0000000100000000)
  eden space 2048K, 0% used [0x00000000d5580000,0x00000000d5580000,0x00000000d5780000)
  from space 512K, 43% used [0x00000000d5980000,0x00000000d59b8000,0x00000000d5a00000)
  to   space 512K, 0% used [0x00000000d5900000,0x00000000d5900000,0x00000000d5980000)
 ParOldGen       total 172544K, used 172046K [0x0000000080000000, 0x000000008a880000, 0x00000000d5580000)
  object space 172544K, 99% used [0x0000000080000000,0x000000008a803888,0x000000008a880000)
 Metaspace       used 66653K, committed 68096K, reserved 1114112K
  class space    used 7101K, committed 7744K, reserved 1048576K
}
Event: 571.304 GC heap before
{Heap before GC invocations=88 (full 3):
 PSYoungGen      total 2560K, used 2272K [0x00000000d5580000, 0x00000000d5a00000, 0x0000000100000000)
  eden space 2048K, 100% used [0x00000000d5580000,0x00000000d5780000,0x00000000d5780000)
  from space 512K, 43% used [0x00000000d5980000,0x00000000d59b8000,0x00000000d5a00000)
  to   space 512K, 0% used [0x00000000d5900000,0x00000000d5900000,0x00000000d5980000)
 ParOldGen       total 172544K, used 172046K [0x0000000080000000, 0x000000008a880000, 0x00000000d5580000)
  object space 172544K, 99% used [0x0000000080000000,0x000000008a803888,0x000000008a880000)
 Metaspace       used 66686K, committed 68160K, reserved 1114112K
  class space    used 7103K, committed 7744K, reserved 1048576K
}
Event: 571.305 GC heap after
{Heap after GC invocations=88 (full 3):
 PSYoungGen      total 2560K, used 288K [0x00000000d5580000, 0x00000000d5a00000, 0x0000000100000000)
  eden space 2048K, 0% used [0x00000000d5580000,0x00000000d5580000,0x00000000d5780000)
  from space 512K, 56% used [0x00000000d5900000,0x00000000d5948000,0x00000000d5980000)
  to   space 512K, 0% used [0x00000000d5980000,0x00000000d5980000,0x00000000d5a00000)
 ParOldGen       total 172544K, used 172062K [0x0000000080000000, 0x000000008a880000, 0x00000000d5580000)
  object space 172544K, 99% used [0x0000000080000000,0x000000008a807888,0x000000008a880000)
 Metaspace       used 66686K, committed 68160K, reserved 1114112K
  class space    used 7103K, committed 7744K, reserved 1048576K
}

