# JRE version: OpenJDK Runtime Environment Temurin-21.0.11+10 (21.0.11+10) (build 21.0.11+10-LTS)
# Java VM: OpenJDK 64-Bit Server VM Temurin-21.0.11+10 (21.0.11+10-LTS, mixed mode, sharing, tiered, compressed oops, compressed class ptrs, parallel gc, windows-amd64)
GC Precious Log:
 CardTable entry size: 512
 CPUs: 16 total, 16 available
 Memory: 14021M
 Large Page Support: Disabled
 NUMA Support: Disabled
 Compressed Oops: Enabled (32-bit)
 Alignments: Space 512K, Generation 512K, Heap 2M
 Heap Min Capacity: 100M
 Heap Initial Capacity: 100M
 Heap Max Capacity: 2G
 Pre-touch: Disabled
 Parallel Workers: 13
Heap:
 PSYoungGen      total 3584K, used 2372K [0x00000000d5580000, 0x00000000d5d00000, 0x0000000100000000)
  eden space 2560K, 55% used [0x00000000d5580000,0x00000000d56e5038,0x00000000d5800000)
  from space 1024K, 92% used [0x00000000d5c00000,0x00000000d5cec000,0x00000000d5d00000)
  to   space 2048K, 0% used [0x00000000d5900000,0x00000000d5900000,0x00000000d5b00000)
 ParOldGen       total 602624K, used 602588K [0x0000000080000000, 0x00000000a4c80000, 0x00000000d5580000)
  object space 602624K, 99% used [0x0000000080000000,0x00000000a4c77248,0x00000000a4c80000)
 Metaspace       used 81705K, committed 83456K, reserved 1179648K
  class space    used 8293K, committed 9088K, reserved 1048576K
GC Heap History (20 events):
Event: 251.778 GC heap before
{Heap before GC invocations=905 (full 4):
 PSYoungGen      total 3072K, used 2973K [0x00000000d5580000, 0x00000000d5900000, 0x0000000100000000)
  eden space 2560K, 99% used [0x00000000d5580000,0x00000000d57ff470,0x00000000d5800000)
  from space 512K, 81% used [0x00000000d5880000,0x00000000d58e8000,0x00000000d5900000)
  to   space 512K, 0% used [0x00000000d5800000,0x00000000d5800000,0x00000000d5880000)
 ParOldGen       total 592384K, used 592070K [0x0000000080000000, 0x00000000a4280000, 0x00000000d5580000)
  object space 592384K, 99% used [0x0000000080000000,0x00000000a4231a58,0x00000000a4280000)
 Metaspace       used 81402K, committed 83072K, reserved 1179648K
  class space    used 8263K, committed 8960K, reserved 1048576K
}
Event: 251.781 GC heap after
{Heap after GC invocations=905 (full 4):
 PSYoungGen      total 3072K, used 320K [0x00000000d5580000, 0x00000000d5900000, 0x0000000100000000)
  eden space 2560K, 0% used [0x00000000d5580000,0x00000000d5580000,0x00000000d5800000)
  from space 512K, 62% used [0x00000000d5800000,0x00000000d5850000,0x00000000d5880000)
  to   space 512K, 0% used [0x00000000d5880000,0x00000000d5880000,0x00000000d5900000)
 ParOldGen       total 592384K, used 592078K [0x0000000080000000, 0x00000000a4280000, 0x00000000d5580000)
  object space 592384K, 99% used [0x0000000080000000,0x00000000a4233a58,0x00000000a4280000)
 Metaspace       used 81402K, committed 83072K, reserved 1179648K
  class space    used 8263K, committed 8960K, reserved 1048576K
}
Event: 251.825 GC heap before
{Heap before GC invocations=906 (full 4):
 PSYoungGen      total 3072K, used 2880K [0x00000000d5580000, 0x00000000d5900000, 0x0000000100000000)
  eden space 2560K, 100% used [0x00000000d5580000,0x00000000d5800000,0x00000000d5800000)
  from space 512K, 62% used [0x00000000d5800000,0x00000000d5850000,0x00000000d5880000)
  to   space 512K, 0% used [0x00000000d5880000,0x00000000d5880000,0x00000000d5900000)
 ParOldGen       total 592384K, used 592078K [0x0000000080000000, 0x00000000a4280000, 0x00000000d5580000)
  object space 592384K, 99% used [0x0000000080000000,0x00000000a4233a58,0x00000000a4280000)
 Metaspace       used 81416K, committed 83072K, reserved 1179648K
  class space    used 8264K, committed 8960K, reserved 1048576K
}
Event: 251.829 GC heap after
{Heap after GC invocations=906 (full 4):
 PSYoungGen      total 1024K, used 500K [0x00000000d5580000, 0x00000000d5e00000, 0x0000000100000000)
  eden space 512K, 0% used [0x00000000d5580000,0x00000000d5580000,0x00000000d5600000)
  from space 512K, 97% used [0x00000000d5880000,0x00000000d58fd1e8,0x00000000d5900000)
  to   space 2560K, 0% used [0x00000000d5600000,0x00000000d5600000,0x00000000d5880000)
 ParOldGen       total 594432K, used 594035K [0x0000000080000000, 0x00000000a4480000, 0x00000000d5580000)
  object space 594432K, 99% used [0x0000000080000000,0x00000000a441cc40,0x00000000a4480000)
 Metaspace       used 81416K, committed 83072K, reserved 1179648K
  class space    used 8264K, committed 8960K, reserved 1048576K
}
Event: 251.831 GC heap before
{Heap before GC invocations=907 (full 4):
 PSYoungGen      total 1024K, used 1012K [0x00000000d5580000, 0x00000000d5e00000, 0x0000000100000000)
  eden space 512K, 100% used [0x00000000d5580000,0x00000000d5600000,0x00000000d5600000)
  from space 512K, 97% used [0x00000000d5880000,0x00000000d58fd1e8,0x00000000d5900000)
  to   space 2560K, 0% used [0x00000000d5600000,0x00000000d5600000,0x00000000d5880000)
 ParOldGen       total 594432K, used 594035K [0x0000000080000000, 0x00000000a4480000, 0x00000000d5580000)
  object space 594432K, 99% used [0x0000000080000000,0x00000000a441cc40,0x00000000a4480000)
 Metaspace       used 81416K, committed 83072K, reserved 1179648K
  class space    used 8264K, committed 8960K, reserved 1048576K
}
Event: 251.835 GC heap after
{Heap after GC invocations=907 (full 4):
 PSYoungGen      total 1536K, used 736K [0x00000000d5580000, 0x00000000d5980000, 0x0000000100000000)
  eden space 512K, 0% used [0x00000000d5580000,0x00000000d5580000,0x00000000d5600000)
  from space 1024K, 71% used [0x00000000d5600000,0x00000000d56b8000,0x00000000d5700000)
  to   space 1536K, 0% used [0x00000000d5800000,0x00000000d5800000,0x00000000d5980000)
 ParOldGen       total 594944K, used 594575K [0x0000000080000000, 0x00000000a4500000, 0x00000000d5580000)
  object space 594944K, 99% used [0x0000000080000000,0x00000000a44a3e38,0x00000000a4500000)
 Metaspace       used 81416K, committed 83072K, reserved 1179648K
  class space    used 8264K, committed 8960K, reserved 1048576K
}
Event: 251.836 GC heap before
{Heap before GC invocations=908 (full 4):
 PSYoungGen      total 1536K, used 1248K [0x00000000d5580000, 0x00000000d5980000, 0x0000000100000000)
  eden space 512K, 100% used [0x00000000d5580000,0x00000000d5600000,0x00000000d5600000)
  from space 1024K, 71% used [0x00000000d5600000,0x00000000d56b8000,0x00000000d5700000)
  to   space 1536K, 0% used [0x00000000d5800000,0x00000000d5800000,0x00000000d5980000)
 ParOldGen       total 594944K, used 594575K [0x0000000080000000, 0x00000000a4500000, 0x00000000d5580000)
  object space 594944K, 99% used [0x0000000080000000,0x00000000a44a3e38,0x00000000a4500000)
 Metaspace       used 81416K, committed 83072K, reserved 1179648K
  class space    used 8264K, committed 8960K, reserved 1048576K
}
Event: 251.839 GC heap after
{Heap after GC invocations=908 (full 4):
 PSYoungGen      total 2048K, used 704K [0x00000000d5580000, 0x00000000d5900000, 0x0000000100000000)
  eden space 1024K, 0% used [0x00000000d5580000,0x00000000d5580000,0x00000000d5680000)
  from space 1024K, 68% used [0x00000000d5800000,0x00000000d58b0000,0x00000000d5900000)
  to   space 1024K, 0% used [0x00000000d5700000,0x00000000d5700000,0x00000000d5800000)
 ParOldGen       total 595456K, used 595095K [0x0000000080000000, 0x00000000a4580000, 0x00000000d5580000)
  object space 595456K, 99% used [0x0000000080000000,0x00000000a4525e38,0x00000000a4580000)
 Metaspace       used 81416K, committed 83072K, reserved 1179648K
  class space    used 8264K, committed 8960K, reserved 1048576K
}
Event: 251.842 GC heap before
{Heap before GC invocations=909 (full 4):
 PSYoungGen      total 2048K, used 1728K [0x00000000d5580000, 0x00000000d5900000, 0x0000000100000000)
  eden space 1024K, 100% used [0x00000000d5580000,0x00000000d5680000,0x00000000d5680000)
  from space 1024K, 68% used [0x00000000d5800000,0x00000000d58b0000,0x00000000d5900000)
  to   space 1024K, 0% used [0x00000000d5700000,0x00000000d5700000,0x00000000d5800000)
 ParOldGen       total 595456K, used 595095K [0x0000000080000000, 0x00000000a4580000, 0x00000000d5580000)
  object space 595456K, 99% used [0x0000000080000000,0x00000000a4525e38,0x00000000a4580000)
 Metaspace       used 81416K, committed 83072K, reserved 1179648K
  class space    used 8264K, committed 8960K, reserved 1048576K
}
Event: 251.844 GC heap after
{Heap after GC invocations=909 (full 4):
 PSYoungGen      total 2560K, used 1024K [0x00000000d5580000, 0x00000000d5b00000, 0x0000000100000000)
  eden space 1536K, 0% used [0x00000000d5580000,0x00000000d5580000,0x00000000d5700000)
  from space 1024K, 100% used [0x00000000d5700000,0x00000000d5800000,0x00000000d5800000)
  to   space 2048K, 0% used [0x00000000d5900000,0x00000000d5900000,0x00000000d5b00000)
 ParOldGen       total 595968K, used 595687K [0x0000000080000000, 0x00000000a4600000, 0x00000000d5580000)
  object space 595968K, 99% used [0x0000000080000000,0x00000000a45b9e38,0x00000000a4600000)
 Metaspace       used 81416K, committed 83072K, reserved 1179648K
  class space    used 8264K, committed 8960K, reserved 1048576K
}
Event: 251.851 GC heap before
{Heap before GC invocations=910 (full 4):
 PSYoungGen      total 2560K, used 2560K [0x00000000d5580000, 0x00000000d5b00000, 0x0000000100000000)
  eden space 1536K, 100% used [0x00000000d5580000,0x00000000d5700000,0x00000000d5700000)
  from space 1024K, 100% used [0x00000000d5700000,0x00000000d5800000,0x00000000d5800000)
  to   space 2048K, 0% used [0x00000000d5900000,0x00000000d5900000,0x00000000d5b00000)
 ParOldGen       total 595968K, used 595687K [0x0000000080000000, 0x00000000a4600000, 0x00000000d5580000)
  object space 595968K, 99% used [0x0000000080000000,0x00000000a45b9e38,0x00000000a4600000)
 Metaspace       used 81416K, committed 83072K, reserved 1179648K
  class space    used 8264K, committed 8960K, reserved 1048576K
}
Event: 251.855 GC heap after
{Heap after GC invocations=910 (full 4):
 PSYoungGen      total 3584K, used 1512K [0x00000000d5580000, 0x00000000d5b80000, 0x0000000100000000)
  eden space 1536K, 0% used [0x00000000d5580000,0x00000000d5580000,0x00000000d5700000)
  from space 2048K, 73% used [0x00000000d5900000,0x00000000d5a7a000,0x00000000d5b00000)
  to   space 2048K, 0% used [0x00000000d5700000,0x00000000d5700000,0x00000000d5900000)
 ParOldGen       total 596992K, used 596671K [0x0000000080000000, 0x00000000a4700000, 0x00000000d5580000)
  object space 596992K, 99% used [0x0000000080000000,0x00000000a46afe38,0x00000000a4700000)
 Metaspace       used 81416K, committed 83072K, reserved 1179648K
  class space    used 8264K, committed 8960K, reserved 1048576K
}
Event: 251.867 GC heap before
{Heap before GC invocations=911 (full 4):
 PSYoungGen      total 3584K, used 3048K [0x00000000d5580000, 0x00000000d5b80000, 0x0000000100000000)
  eden space 1536K, 100% used [0x00000000d5580000,0x00000000d5700000,0x00000000d5700000)
  from space 2048K, 73% used [0x00000000d5900000,0x00000000d5a7a000,0x00000000d5b00000)
  to   space 2048K, 0% used [0x00000000d5700000,0x00000000d5700000,0x00000000d5900000)
 ParOldGen       total 596992K, used 596671K [0x0000000080000000, 0x00000000a4700000, 0x00000000d5580000)
  object space 596992K, 99% used [0x0000000080000000,0x00000000a46afe38,0x00000000a4700000)
 Metaspace       used 81416K, committed 83072K, reserved 1179648K
  class space    used 8264K, committed 8960K, reserved 1048576K
}
Event: 251.871 GC heap after
{Heap after GC invocations=911 (full 4):
 PSYoungGen      total 3584K, used 1312K [0x00000000d5580000, 0x00000000d5a80000, 0x0000000100000000)
  eden space 1536K, 0% used [0x00000000d5580000,0x00000000d5580000,0x00000000d5700000)
  from space 2048K, 64% used [0x00000000d5700000,0x00000000d5848000,0x00000000d5900000)
  to   space 1536K, 0% used [0x00000000d5900000,0x00000000d5900000,0x00000000d5a80000)
 ParOldGen       total 598016K, used 597903K [0x0000000080000000, 0x00000000a4800000, 0x00000000d5580000)
  object space 598016K, 99% used [0x0000000080000000,0x00000000a47e3e38,0x00000000a4800000)
 Metaspace       used 81416K, committed 83072K, reserved 1179648K
  class space    used 8264K, committed 8960K, reserved 1048576K
}
Event: 251.889 GC heap before
{Heap before GC invocations=912 (full 4):
 PSYoungGen      total 3584K, used 2848K [0x00000000d5580000, 0x00000000d5a80000, 0x0000000100000000)
  eden space 1536K, 100% used [0x00000000d5580000,0x00000000d5700000,0x00000000d5700000)
  from space 2048K, 64% used [0x00000000d5700000,0x00000000d5848000,0x00000000d5900000)
  to   space 1536K, 0% used [0x00000000d5900000,0x00000000d5900000,0x00000000d5a80000)
 ParOldGen       total 598016K, used 597903K [0x0000000080000000, 0x00000000a4800000, 0x00000000d5580000)
  object space 598016K, 99% used [0x0000000080000000,0x00000000a47e3e38,0x00000000a4800000)
 Metaspace       used 81416K, committed 83072K, reserved 1179648K
  class space    used 8264K, committed 8960K, reserved 1048576K
}
Event: 251.892 GC heap after
{Heap after GC invocations=912 (full 4):
 PSYoungGen      total 3584K, used 1475K [0x00000000d5580000, 0x00000000d5a80000, 0x0000000100000000)
  eden space 2048K, 0% used [0x00000000d5580000,0x00000000d5580000,0x00000000d5780000)
  from space 1536K, 96% used [0x00000000d5900000,0x00000000d5a70d60,0x00000000d5a80000)
  to   space 1536K, 0% used [0x00000000d5780000,0x00000000d5780000,0x00000000d5900000)
 ParOldGen       total 599552K, used 599151K [0x0000000080000000, 0x00000000a4980000, 0x00000000d5580000)
  object space 599552K, 99% used [0x0000000080000000,0x00000000a491be38,0x00000000a4980000)
 Metaspace       used 81416K, committed 83072K, reserved 1179648K
  class space    used 8264K, committed 8960K, reserved 1048576K
}
Event: 251.901 GC heap before
{Heap before GC invocations=913 (full 4):
 PSYoungGen      total 3584K, used 3513K [0x00000000d5580000, 0x00000000d5a80000, 0x0000000100000000)
  eden space 2048K, 99% used [0x00000000d5580000,0x00000000d577d8a0,0x00000000d5780000)
  from space 1536K, 96% used [0x00000000d5900000,0x00000000d5a70d60,0x00000000d5a80000)
  to   space 1536K, 0% used [0x00000000d5780000,0x00000000d5780000,0x00000000d5900000)
 ParOldGen       total 599552K, used 599151K [0x0000000080000000, 0x00000000a4980000, 0x00000000d5580000)
  object space 599552K, 99% used [0x0000000080000000,0x00000000a491be38,0x00000000a4980000)
 Metaspace       used 81416K, committed 83072K, reserved 1179648K
  class space    used 8264K, committed 8960K, reserved 1048576K
}
Event: 251.905 GC heap after
{Heap after GC invocations=913 (full 4):
 PSYoungGen      total 3584K, used 1536K [0x00000000d5580000, 0x00000000d6000000, 0x0000000100000000)
  eden space 2048K, 0% used [0x00000000d5580000,0x00000000d5580000,0x00000000d5780000)
  from space 1536K, 100% used [0x00000000d5780000,0x00000000d5900000,0x00000000d5900000)
  to   space 4096K, 0% used [0x00000000d5c00000,0x00000000d5c00000,0x00000000d6000000)
 ParOldGen       total 601088K, used 601036K [0x0000000080000000, 0x00000000a4b00000, 0x00000000d5580000)
  object space 601088K, 99% used [0x0000000080000000,0x00000000a4af3248,0x00000000a4b00000)
 Metaspace       used 81416K, committed 83072K, reserved 1179648K
  class space    used 8264K, committed 8960K, reserved 1048576K
}
Event: 323.105 GC heap before
{Heap before GC invocations=914 (full 4):
 PSYoungGen      total 3584K, used 3584K [0x00000000d5580000, 0x00000000d6000000, 0x0000000100000000)
  eden space 2048K, 100% used [0x00000000d5580000,0x00000000d5780000,0x00000000d5780000)
  from space 1536K, 100% used [0x00000000d5780000,0x00000000d5900000,0x00000000d5900000)
  to   space 4096K, 0% used [0x00000000d5c00000,0x00000000d5c00000,0x00000000d6000000)
 ParOldGen       total 601088K, used 601036K [0x0000000080000000, 0x00000000a4b00000, 0x00000000d5580000)
  object space 601088K, 99% used [0x0000000080000000,0x00000000a4af3248,0x00000000a4b00000)
 Metaspace       used 81484K, committed 83200K, reserved 1179648K
  class space    used 8272K, committed 9024K, reserved 1048576K
}
Event: 323.112 GC heap after
{Heap after GC invocations=914 (full 4):
 PSYoungGen      total 3584K, used 944K [0x00000000d5580000, 0x00000000d5d00000, 0x0000000100000000)
  eden space 2560K, 0% used [0x00000000d5580000,0x00000000d5580000,0x00000000d5800000)
  from space 1024K, 92% used [0x00000000d5c00000,0x00000000d5cec000,0x00000000d5d00000)
  to   space 2048K, 0% used [0x00000000d5900000,0x00000000d5900000,0x00000000d5b00000)
 ParOldGen       total 602624K, used 602588K [0x0000000080000000, 0x00000000a4c80000, 0x00000000d5580000)
  object space 602624K, 99% used [0x0000000080000000,0x00000000a4c77248,0x00000000a4c80000)
 Metaspace       used 81484K, committed 83200K, reserved 1179648K
  class space    used 8272K, committed 9024K, reserved 1048576K
}

