# JRE version: OpenJDK Runtime Environment Temurin-21.0.10+7 (21.0.10+7) (build 21.0.10+7-LTS)
# Java VM: OpenJDK 64-Bit Server VM Temurin-21.0.10+7 (21.0.10+7-LTS, mixed mode, sharing, tiered, compressed oops, compressed class ptrs, parallel gc, windows-amd64)
GC Precious Log:
 CardTable entry size: 512
 CPUs: 16 total, 16 available
 Memory: 15557M
 Large Page Support: Disabled
 NUMA Support: Disabled
 Compressed Oops: Enabled (32-bit)
 Alignments: Space 512K, Generation 512K, Heap 2M
 Heap Min Capacity: 100M
 Heap Initial Capacity: 100M
 Heap Max Capacity: 2G
 Pre-touch: Disabled
 Parallel Workers: 13
Heap:
 PSYoungGen      total 25088K, used 24457K [0x00000000d5580000, 0x00000000d8480000, 0x0000000100000000)
  eden space 16896K, 97% used [0x00000000d5580000,0x00000000d659a620,0x00000000d6600000)
  from space 8192K, 97% used [0x00000000d7c80000,0x00000000d8448000,0x00000000d8480000)
  to   space 12800K, 0% used [0x00000000d6b80000,0x00000000d6b80000,0x00000000d7800000)
 ParOldGen       total 123904K, used 123556K [0x0000000080000000, 0x0000000087900000, 0x00000000d5580000)
  object space 123904K, 99% used [0x0000000080000000,0x00000000878a9278,0x0000000087900000)
 Metaspace       used 67262K, committed 68608K, reserved 1114112K
  class space    used 7206K, committed 7808K, reserved 1048576K
GC Heap History (20 events):
Event: 14.994 GC heap before
{Heap before GC invocations=36 (full 2):
 PSYoungGen      total 21504K, used 5952K [0x00000000d5580000, 0x00000000d6e80000, 0x0000000100000000)
  eden space 20480K, 26% used [0x00000000d5580000,0x00000000d5ab8348,0x00000000d6980000)
  from space 1024K, 59% used [0x00000000d6c80000,0x00000000d6d18020,0x00000000d6d80000)
  to   space 1024K, 0% used [0x00000000d6d80000,0x00000000d6d80000,0x00000000d6e80000)
 ParOldGen       total 68608K, used 44369K [0x0000000080000000, 0x0000000084300000, 0x00000000d5580000)
  object space 68608K, 64% used [0x0000000080000000,0x0000000082b546b8,0x0000000084300000)
 Metaspace       used 58611K, committed 59776K, reserved 1114112K
  class space    used 6397K, committed 6912K, reserved 1048576K
}
Event: 14.996 GC heap after
{Heap after GC invocations=36 (full 2):
 PSYoungGen      total 20992K, used 447K [0x00000000d5580000, 0x00000000d6e00000, 0x0000000100000000)
  eden space 20480K, 0% used [0x00000000d5580000,0x00000000d5580000,0x00000000d6980000)
  from space 512K, 87% used [0x00000000d6d80000,0x00000000d6defef8,0x00000000d6e00000)
  to   space 1024K, 0% used [0x00000000d6c00000,0x00000000d6c00000,0x00000000d6d00000)
 ParOldGen       total 68608K, used 44712K [0x0000000080000000, 0x0000000084300000, 0x00000000d5580000)
  object space 68608K, 65% used [0x0000000080000000,0x0000000082baa248,0x0000000084300000)
 Metaspace       used 58611K, committed 59776K, reserved 1114112K
  class space    used 6397K, committed 6912K, reserved 1048576K
}
Event: 14.996 GC heap before
{Heap before GC invocations=37 (full 3):
 PSYoungGen      total 20992K, used 447K [0x00000000d5580000, 0x00000000d6e00000, 0x0000000100000000)
  eden space 20480K, 0% used [0x00000000d5580000,0x00000000d5580000,0x00000000d6980000)
  from space 512K, 87% used [0x00000000d6d80000,0x00000000d6defef8,0x00000000d6e00000)
  to   space 1024K, 0% used [0x00000000d6c00000,0x00000000d6c00000,0x00000000d6d00000)
 ParOldGen       total 68608K, used 44712K [0x0000000080000000, 0x0000000084300000, 0x00000000d5580000)
  object space 68608K, 65% used [0x0000000080000000,0x0000000082baa248,0x0000000084300000)
 Metaspace       used 58611K, committed 59776K, reserved 1114112K
  class space    used 6397K, committed 6912K, reserved 1048576K
}
Event: 15.125 GC heap after
{Heap after GC invocations=37 (full 3):
 PSYoungGen      total 20992K, used 0K [0x00000000d5580000, 0x00000000d6e00000, 0x0000000100000000)
  eden space 20480K, 0% used [0x00000000d5580000,0x00000000d5580000,0x00000000d6980000)
  from space 512K, 0% used [0x00000000d6d80000,0x00000000d6d80000,0x00000000d6e00000)
  to   space 1024K, 0% used [0x00000000d6c00000,0x00000000d6c00000,0x00000000d6d00000)
 ParOldGen       total 68608K, used 41785K [0x0000000080000000, 0x0000000084300000, 0x00000000d5580000)
  object space 68608K, 60% used [0x0000000080000000,0x00000000828ce6b8,0x0000000084300000)
 Metaspace       used 58611K, committed 59776K, reserved 1114112K
  class space    used 6397K, committed 6912K, reserved 1048576K
}
Event: 16.009 GC heap before
{Heap before GC invocations=38 (full 3):
 PSYoungGen      total 20992K, used 20453K [0x00000000d5580000, 0x00000000d6e00000, 0x0000000100000000)
  eden space 20480K, 99% used [0x00000000d5580000,0x00000000d6979700,0x00000000d6980000)
  from space 512K, 0% used [0x00000000d6d80000,0x00000000d6d80000,0x00000000d6e00000)
  to   space 1024K, 0% used [0x00000000d6c00000,0x00000000d6c00000,0x00000000d6d00000)
 ParOldGen       total 68608K, used 41785K [0x0000000080000000, 0x0000000084300000, 0x00000000d5580000)
  object space 68608K, 60% used [0x0000000080000000,0x00000000828ce6b8,0x0000000084300000)
 Metaspace       used 61747K, committed 62976K, reserved 1114112K
  class space    used 6696K, committed 7168K, reserved 1048576K
}
Event: 16.011 GC heap after
{Heap after GC invocations=38 (full 3):
 PSYoungGen      total 21504K, used 1008K [0x00000000d5580000, 0x00000000d6e00000, 0x0000000100000000)
  eden space 20480K, 0% used [0x00000000d5580000,0x00000000d5580000,0x00000000d6980000)
  from space 1024K, 98% used [0x00000000d6c00000,0x00000000d6cfc100,0x00000000d6d00000)
  to   space 1024K, 0% used [0x00000000d6d00000,0x00000000d6d00000,0x00000000d6e00000)
 ParOldGen       total 68608K, used 41924K [0x0000000080000000, 0x0000000084300000, 0x00000000d5580000)
  object space 68608K, 61% used [0x0000000080000000,0x00000000828f1388,0x0000000084300000)
 Metaspace       used 61747K, committed 62976K, reserved 1114112K
  class space    used 6696K, committed 7168K, reserved 1048576K
}
Event: 16.326 GC heap before
{Heap before GC invocations=39 (full 3):
 PSYoungGen      total 21504K, used 21433K [0x00000000d5580000, 0x00000000d6e00000, 0x0000000100000000)
  eden space 20480K, 99% used [0x00000000d5580000,0x00000000d6972448,0x00000000d6980000)
  from space 1024K, 98% used [0x00000000d6c00000,0x00000000d6cfc100,0x00000000d6d00000)
  to   space 1024K, 0% used [0x00000000d6d00000,0x00000000d6d00000,0x00000000d6e00000)
 ParOldGen       total 68608K, used 41924K [0x0000000080000000, 0x0000000084300000, 0x00000000d5580000)
  object space 68608K, 61% used [0x0000000080000000,0x00000000828f1388,0x0000000084300000)
 Metaspace       used 63602K, committed 64896K, reserved 1114112K
  class space    used 6875K, committed 7360K, reserved 1048576K
}
Event: 16.329 GC heap after
{Heap after GC invocations=39 (full 3):
 PSYoungGen      total 21504K, used 1020K [0x00000000d5580000, 0x00000000d6e80000, 0x0000000100000000)
  eden space 20480K, 0% used [0x00000000d5580000,0x00000000d5580000,0x00000000d6980000)
  from space 1024K, 99% used [0x00000000d6d00000,0x00000000d6dff398,0x00000000d6e00000)
  to   space 2560K, 0% used [0x00000000d6980000,0x00000000d6980000,0x00000000d6c00000)
 ParOldGen       total 68608K, used 43007K [0x0000000080000000, 0x0000000084300000, 0x00000000d5580000)
  object space 68608K, 62% used [0x0000000080000000,0x00000000829ffd10,0x0000000084300000)
 Metaspace       used 63602K, committed 64896K, reserved 1114112K
  class space    used 6875K, committed 7360K, reserved 1048576K
}
Event: 16.546 GC heap before
{Heap before GC invocations=40 (full 3):
 PSYoungGen      total 21504K, used 16338K [0x00000000d5580000, 0x00000000d6e80000, 0x0000000100000000)
  eden space 20480K, 74% used [0x00000000d5580000,0x00000000d64754b0,0x00000000d6980000)
  from space 1024K, 99% used [0x00000000d6d00000,0x00000000d6dff398,0x00000000d6e00000)
  to   space 2560K, 0% used [0x00000000d6980000,0x00000000d6980000,0x00000000d6c00000)
 ParOldGen       total 68608K, used 43007K [0x0000000080000000, 0x0000000084300000, 0x00000000d5580000)
  object space 68608K, 62% used [0x0000000080000000,0x00000000829ffd10,0x0000000084300000)
 Metaspace       used 63943K, committed 65216K, reserved 1114112K
  class space    used 6913K, committed 7424K, reserved 1048576K
}
Event: 16.553 GC heap after
{Heap after GC invocations=40 (full 3):
 PSYoungGen      total 22528K, used 1833K [0x00000000d5580000, 0x00000000d6d80000, 0x0000000100000000)
  eden space 20480K, 0% used [0x00000000d5580000,0x00000000d5580000,0x00000000d6980000)
  from space 2048K, 89% used [0x00000000d6980000,0x00000000d6b4a780,0x00000000d6b80000)
  to   space 2048K, 0% used [0x00000000d6b80000,0x00000000d6b80000,0x00000000d6d80000)
 ParOldGen       total 68608K, used 52918K [0x0000000080000000, 0x0000000084300000, 0x00000000d5580000)
  object space 68608K, 77% used [0x0000000080000000,0x00000000833ad888,0x0000000084300000)
 Metaspace       used 63943K, committed 65216K, reserved 1114112K
  class space    used 6913K, committed 7424K, reserved 1048576K
}
Event: 16.778 GC heap before
{Heap before GC invocations=41 (full 3):
 PSYoungGen      total 22528K, used 22313K [0x00000000d5580000, 0x00000000d6d80000, 0x0000000100000000)
  eden space 20480K, 100% used [0x00000000d5580000,0x00000000d6980000,0x00000000d6980000)
  from space 2048K, 89% used [0x00000000d6980000,0x00000000d6b4a780,0x00000000d6b80000)
  to   space 2048K, 0% used [0x00000000d6b80000,0x00000000d6b80000,0x00000000d6d80000)
 ParOldGen       total 91136K, used 90256K [0x0000000080000000, 0x0000000085900000, 0x00000000d5580000)
  object space 91136K, 99% used [0x0000000080000000,0x00000000858243d8,0x0000000085900000)
 Metaspace       used 64416K, committed 65728K, reserved 1114112K
  class space    used 6955K, committed 7488K, reserved 1048576K
}
Event: 16.781 GC heap after
{Heap after GC invocations=41 (full 3):
 PSYoungGen      total 18944K, used 2021K [0x00000000d5580000, 0x00000000d7480000, 0x0000000100000000)
  eden space 16896K, 0% used [0x00000000d5580000,0x00000000d5580000,0x00000000d6600000)
  from space 2048K, 98% used [0x00000000d6b80000,0x00000000d6d79620,0x00000000d6d80000)
  to   space 5632K, 0% used [0x00000000d6600000,0x00000000d6600000,0x00000000d6b80000)
 ParOldGen       total 93184K, used 92967K [0x0000000080000000, 0x0000000085b00000, 0x00000000d5580000)
  object space 93184K, 99% used [0x0000000080000000,0x0000000085ac9e30,0x0000000085b00000)
 Metaspace       used 64416K, committed 65728K, reserved 1114112K
  class space    used 6955K, committed 7488K, reserved 1048576K
}
Event: 16.851 GC heap before
{Heap before GC invocations=42 (full 3):
 PSYoungGen      total 18944K, used 18917K [0x00000000d5580000, 0x00000000d7480000, 0x0000000100000000)
  eden space 16896K, 100% used [0x00000000d5580000,0x00000000d6600000,0x00000000d6600000)
  from space 2048K, 98% used [0x00000000d6b80000,0x00000000d6d79620,0x00000000d6d80000)
  to   space 5632K, 0% used [0x00000000d6600000,0x00000000d6600000,0x00000000d6b80000)
 ParOldGen       total 93184K, used 92967K [0x0000000080000000, 0x0000000085b00000, 0x00000000d5580000)
  object space 93184K, 99% used [0x0000000080000000,0x0000000085ac9e30,0x0000000085b00000)
 Metaspace       used 64937K, committed 66240K, reserved 1114112K
  class space    used 7000K, committed 7552K, reserved 1048576K
}
Event: 16.858 GC heap after
{Heap after GC invocations=42 (full 3):
 PSYoungGen      total 22528K, used 5604K [0x00000000d5580000, 0x00000000d7c00000, 0x0000000100000000)
  eden space 16896K, 0% used [0x00000000d5580000,0x00000000d5580000,0x00000000d6600000)
  from space 5632K, 99% used [0x00000000d6600000,0x00000000d6b793a8,0x00000000d6b80000)
  to   space 11264K, 0% used [0x00000000d7100000,0x00000000d7100000,0x00000000d7c00000)
 ParOldGen       total 97792K, used 97560K [0x0000000080000000, 0x0000000085f80000, 0x00000000d5580000)
  object space 97792K, 99% used [0x0000000080000000,0x0000000085f463f0,0x0000000085f80000)
 Metaspace       used 64937K, committed 66240K, reserved 1114112K
  class space    used 7000K, committed 7552K, reserved 1048576K
}
Event: 16.925 GC heap before
{Heap before GC invocations=43 (full 3):
 PSYoungGen      total 22528K, used 22500K [0x00000000d5580000, 0x00000000d7c00000, 0x0000000100000000)
  eden space 16896K, 100% used [0x00000000d5580000,0x00000000d6600000,0x00000000d6600000)
  from space 5632K, 99% used [0x00000000d6600000,0x00000000d6b793a8,0x00000000d6b80000)
  to   space 11264K, 0% used [0x00000000d7100000,0x00000000d7100000,0x00000000d7c00000)
 ParOldGen       total 97792K, used 97560K [0x0000000080000000, 0x0000000085f80000, 0x00000000d5580000)
  object space 97792K, 99% used [0x0000000080000000,0x0000000085f463f0,0x0000000085f80000)
 Metaspace       used 65297K, committed 66560K, reserved 1114112K
  class space    used 7026K, committed 7552K, reserved 1048576K
}
Event: 16.938 GC heap after
{Heap after GC invocations=43 (full 3):
 PSYoungGen      total 27648K, used 10387K [0x00000000d5580000, 0x00000000d7b80000, 0x0000000100000000)
  eden space 16896K, 0% used [0x00000000d5580000,0x00000000d5580000,0x00000000d6600000)
  from space 10752K, 96% used [0x00000000d7100000,0x00000000d7b24fb0,0x00000000d7b80000)
  to   space 10752K, 0% used [0x00000000d6680000,0x00000000d6680000,0x00000000d7100000)
 ParOldGen       total 103424K, used 102982K [0x0000000080000000, 0x0000000086500000, 0x00000000d5580000)
  object space 103424K, 99% used [0x0000000080000000,0x0000000086491880,0x0000000086500000)
 Metaspace       used 65297K, committed 66560K, reserved 1114112K
  class space    used 7026K, committed 7552K, reserved 1048576K
}
Event: 17.005 GC heap before
{Heap before GC invocations=44 (full 3):
 PSYoungGen      total 27648K, used 27283K [0x00000000d5580000, 0x00000000d7b80000, 0x0000000100000000)
  eden space 16896K, 100% used [0x00000000d5580000,0x00000000d6600000,0x00000000d6600000)
  from space 10752K, 96% used [0x00000000d7100000,0x00000000d7b24fb0,0x00000000d7b80000)
  to   space 10752K, 0% used [0x00000000d6680000,0x00000000d6680000,0x00000000d7100000)
 ParOldGen       total 103424K, used 102982K [0x0000000080000000, 0x0000000086500000, 0x00000000d5580000)
  object space 103424K, 99% used [0x0000000080000000,0x0000000086491880,0x0000000086500000)
 Metaspace       used 65470K, committed 66752K, reserved 1114112K
  class space    used 7036K, committed 7552K, reserved 1048576K
}
Event: 17.019 GC heap after
{Heap after GC invocations=44 (full 3):
 PSYoungGen      total 27648K, used 10736K [0x00000000d5580000, 0x00000000d9300000, 0x0000000100000000)
  eden space 16896K, 0% used [0x00000000d5580000,0x00000000d5580000,0x00000000d6600000)
  from space 10752K, 99% used [0x00000000d6680000,0x00000000d70fc010,0x00000000d7100000)
  to   space 23040K, 0% used [0x00000000d7c80000,0x00000000d7c80000,0x00000000d9300000)
 ParOldGen       total 113664K, used 113255K [0x0000000080000000, 0x0000000086f00000, 0x00000000d5580000)
  object space 113664K, 99% used [0x0000000080000000,0x0000000086e99ea0,0x0000000086f00000)
 Metaspace       used 65470K, committed 66752K, reserved 1114112K
  class space    used 7036K, committed 7552K, reserved 1048576K
}
Event: 17.216 GC heap before
{Heap before GC invocations=45 (full 3):
 PSYoungGen      total 27648K, used 27620K [0x00000000d5580000, 0x00000000d9300000, 0x0000000100000000)
  eden space 16896K, 99% used [0x00000000d5580000,0x00000000d65fd2d0,0x00000000d6600000)
  from space 10752K, 99% used [0x00000000d6680000,0x00000000d70fc010,0x00000000d7100000)
  to   space 23040K, 0% used [0x00000000d7c80000,0x00000000d7c80000,0x00000000d9300000)
 ParOldGen       total 113664K, used 113255K [0x0000000080000000, 0x0000000086f00000, 0x00000000d5580000)
  object space 113664K, 99% used [0x0000000080000000,0x0000000086e99ea0,0x0000000086f00000)
 Metaspace       used 66301K, committed 67520K, reserved 1114112K
  class space    used 7119K, committed 7616K, reserved 1048576K
}
Event: 17.229 GC heap after
{Heap after GC invocations=45 (full 3):
 PSYoungGen      total 25088K, used 7968K [0x00000000d5580000, 0x00000000d8480000, 0x0000000100000000)
  eden space 16896K, 0% used [0x00000000d5580000,0x00000000d5580000,0x00000000d6600000)
  from space 8192K, 97% used [0x00000000d7c80000,0x00000000d8448000,0x00000000d8480000)
  to   space 12800K, 0% used [0x00000000d6b80000,0x00000000d6b80000,0x00000000d7800000)
 ParOldGen       total 123904K, used 123556K [0x0000000080000000, 0x0000000087900000, 0x00000000d5580000)
  object space 123904K, 99% used [0x0000000080000000,0x00000000878a9278,0x0000000087900000)
 Metaspace       used 66301K, committed 67520K, reserved 1114112K
  class space    used 7119K, committed 7616K, reserved 1048576K
}

