# JRE version: OpenJDK Runtime Environment Temurin-21.0.11+10 (21.0.11+10) (build 21.0.11+10-LTS)
# Java VM: OpenJDK 64-Bit Server VM Temurin-21.0.11+10 (21.0.11+10-LTS, mixed mode, sharing, tiered, compressed oops, compressed class ptrs, parallel gc, windows-amd64)
GC Precious Log:
 CardTable entry size: 512
 CPUs: 16 total, 16 available
 Memory: 14021M
 Large Page Support: Disabled
 NUMA Support: Disabled
 Compressed Oops: Enabled (32-bit)
 Alignments: Space 512K, Generation 512K, Heap 2M
 Heap Min Capacity: 100M
 Heap Initial Capacity: 100M
 Heap Max Capacity: 2G
 Pre-touch: Disabled
 Parallel Workers: 13
Heap:
 PSYoungGen      total 23040K, used 4417K [0x00000000d5580000, 0x00000000d6e00000, 0x0000000100000000)
  eden space 20992K, 12% used [0x00000000d5580000,0x00000000d58013b0,0x00000000d6a00000)
  from space 2048K, 91% used [0x00000000d6a00000,0x00000000d6bd4030,0x00000000d6c00000)
  to   space 2048K, 0% used [0x00000000d6c00000,0x00000000d6c00000,0x00000000d6e00000)
 ParOldGen       total 68608K, used 44349K [0x0000000080000000, 0x0000000084300000, 0x00000000d5580000)
  object space 68608K, 64% used [0x0000000080000000,0x0000000082b4f578,0x0000000084300000)
 Metaspace       used 61564K, committed 62912K, reserved 1114112K
  class space    used 6596K, committed 7232K, reserved 1048576K
GC Heap History (20 events):
Event: 12.506 GC heap before
{Heap before GC invocations=28 (full 2):
 PSYoungGen      total 24064K, used 23648K [0x00000000d5580000, 0x00000000d6f80000, 0x0000000100000000)
  eden space 21504K, 100% used [0x00000000d5580000,0x00000000d6a80000,0x00000000d6a80000)
  from space 2560K, 83% used [0x00000000d6a80000,0x00000000d6c98010,0x00000000d6d00000)
  to   space 2560K, 0% used [0x00000000d6d00000,0x00000000d6d00000,0x00000000d6f80000)
 ParOldGen       total 68608K, used 34440K [0x0000000080000000, 0x0000000084300000, 0x00000000d5580000)
  object space 68608K, 50% used [0x0000000080000000,0x00000000821a23e8,0x0000000084300000)
 Metaspace       used 48035K, committed 49216K, reserved 1114112K
  class space    used 5215K, committed 5760K, reserved 1048576K
}
Event: 12.511 GC heap after
{Heap after GC invocations=28 (full 2):
 PSYoungGen      total 24064K, used 2264K [0x00000000d5580000, 0x00000000d6f80000, 0x0000000100000000)
  eden space 21504K, 0% used [0x00000000d5580000,0x00000000d5580000,0x00000000d6a80000)
  from space 2560K, 88% used [0x00000000d6d00000,0x00000000d6f36200,0x00000000d6f80000)
  to   space 2560K, 0% used [0x00000000d6a80000,0x00000000d6a80000,0x00000000d6d00000)
 ParOldGen       total 68608K, used 36432K [0x0000000080000000, 0x0000000084300000, 0x00000000d5580000)
  object space 68608K, 53% used [0x0000000080000000,0x00000000823943f8,0x0000000084300000)
 Metaspace       used 48035K, committed 49216K, reserved 1114112K
  class space    used 5215K, committed 5760K, reserved 1048576K
}
Event: 13.062 GC heap before
{Heap before GC invocations=29 (full 2):
 PSYoungGen      total 24064K, used 23768K [0x00000000d5580000, 0x00000000d6f80000, 0x0000000100000000)
  eden space 21504K, 100% used [0x00000000d5580000,0x00000000d6a80000,0x00000000d6a80000)
  from space 2560K, 88% used [0x00000000d6d00000,0x00000000d6f36200,0x00000000d6f80000)
  to   space 2560K, 0% used [0x00000000d6a80000,0x00000000d6a80000,0x00000000d6d00000)
 ParOldGen       total 68608K, used 36432K [0x0000000080000000, 0x0000000084300000, 0x00000000d5580000)
  object space 68608K, 53% used [0x0000000080000000,0x00000000823943f8,0x0000000084300000)
 Metaspace       used 50276K, committed 51456K, reserved 1114112K
  class space    used 5456K, committed 6016K, reserved 1048576K
}
Event: 13.067 GC heap after
{Heap after GC invocations=29 (full 2):
 PSYoungGen      total 24064K, used 2528K [0x00000000d5580000, 0x00000000d7580000, 0x0000000100000000)
  eden space 21504K, 0% used [0x00000000d5580000,0x00000000d5580000,0x00000000d6a80000)
  from space 2560K, 98% used [0x00000000d6a80000,0x00000000d6cf82e8,0x00000000d6d00000)
  to   space 5632K, 0% used [0x00000000d7000000,0x00000000d7000000,0x00000000d7580000)
 ParOldGen       total 68608K, used 38841K [0x0000000080000000, 0x0000000084300000, 0x00000000d5580000)
  object space 68608K, 56% used [0x0000000080000000,0x00000000825ee5f8,0x0000000084300000)
 Metaspace       used 50276K, committed 51456K, reserved 1114112K
  class space    used 5456K, committed 6016K, reserved 1048576K
}
Event: 13.786 GC heap before
{Heap before GC invocations=30 (full 2):
 PSYoungGen      total 24064K, used 24032K [0x00000000d5580000, 0x00000000d7580000, 0x0000000100000000)
  eden space 21504K, 100% used [0x00000000d5580000,0x00000000d6a80000,0x00000000d6a80000)
  from space 2560K, 98% used [0x00000000d6a80000,0x00000000d6cf82e8,0x00000000d6d00000)
  to   space 5632K, 0% used [0x00000000d7000000,0x00000000d7000000,0x00000000d7580000)
 ParOldGen       total 68608K, used 38841K [0x0000000080000000, 0x0000000084300000, 0x00000000d5580000)
  object space 68608K, 56% used [0x0000000080000000,0x00000000825ee5f8,0x0000000084300000)
 Metaspace       used 51339K, committed 52544K, reserved 1114112K
  class space    used 5575K, committed 6144K, reserved 1048576K
}
Event: 13.790 GC heap after
{Heap after GC invocations=30 (full 2):
 PSYoungGen      total 22016K, used 512K [0x00000000d5580000, 0x00000000d7080000, 0x0000000100000000)
  eden space 21504K, 0% used [0x00000000d5580000,0x00000000d5580000,0x00000000d6a80000)
  from space 512K, 100% used [0x00000000d7000000,0x00000000d7080000,0x00000000d7080000)
  to   space 2560K, 0% used [0x00000000d6b80000,0x00000000d6b80000,0x00000000d6e00000)
 ParOldGen       total 68608K, used 41297K [0x0000000080000000, 0x0000000084300000, 0x00000000d5580000)
  object space 68608K, 60% used [0x0000000080000000,0x0000000082854690,0x0000000084300000)
 Metaspace       used 51339K, committed 52544K, reserved 1114112K
  class space    used 5575K, committed 6144K, reserved 1048576K
}
Event: 14.184 GC heap before
{Heap before GC invocations=31 (full 2):
 PSYoungGen      total 22016K, used 22016K [0x00000000d5580000, 0x00000000d7080000, 0x0000000100000000)
  eden space 21504K, 100% used [0x00000000d5580000,0x00000000d6a80000,0x00000000d6a80000)
  from space 512K, 100% used [0x00000000d7000000,0x00000000d7080000,0x00000000d7080000)
  to   space 2560K, 0% used [0x00000000d6b80000,0x00000000d6b80000,0x00000000d6e00000)
 ParOldGen       total 68608K, used 41297K [0x0000000080000000, 0x0000000084300000, 0x00000000d5580000)
  object space 68608K, 60% used [0x0000000080000000,0x0000000082854690,0x0000000084300000)
 Metaspace       used 51959K, committed 53184K, reserved 1114112K
  class space    used 5624K, committed 6208K, reserved 1048576K
}
Event: 14.188 GC heap after
{Heap after GC invocations=31 (full 2):
 PSYoungGen      total 24064K, used 1677K [0x00000000d5580000, 0x00000000d7080000, 0x0000000100000000)
  eden space 21504K, 0% used [0x00000000d5580000,0x00000000d5580000,0x00000000d6a80000)
  from space 2560K, 65% used [0x00000000d6b80000,0x00000000d6d23568,0x00000000d6e00000)
  to   space 2048K, 0% used [0x00000000d6e80000,0x00000000d6e80000,0x00000000d7080000)
 ParOldGen       total 68608K, used 41625K [0x0000000080000000, 0x0000000084300000, 0x00000000d5580000)
  object space 68608K, 60% used [0x0000000080000000,0x00000000828a6690,0x0000000084300000)
 Metaspace       used 51959K, committed 53184K, reserved 1114112K
  class space    used 5624K, committed 6208K, reserved 1048576K
}
Event: 14.341 GC heap before
{Heap before GC invocations=32 (full 2):
 PSYoungGen      total 24064K, used 23181K [0x00000000d5580000, 0x00000000d7080000, 0x0000000100000000)
  eden space 21504K, 100% used [0x00000000d5580000,0x00000000d6a80000,0x00000000d6a80000)
  from space 2560K, 65% used [0x00000000d6b80000,0x00000000d6d23568,0x00000000d6e00000)
  to   space 2048K, 0% used [0x00000000d6e80000,0x00000000d6e80000,0x00000000d7080000)
 ParOldGen       total 68608K, used 41625K [0x0000000080000000, 0x0000000084300000, 0x00000000d5580000)
  object space 68608K, 60% used [0x0000000080000000,0x00000000828a6690,0x0000000084300000)
 Metaspace       used 52483K, committed 53696K, reserved 1114112K
  class space    used 5667K, committed 6208K, reserved 1048576K
}
Event: 14.342 GC heap after
{Heap after GC invocations=32 (full 2):
 PSYoungGen      total 22016K, used 384K [0x00000000d5580000, 0x00000000d6f00000, 0x0000000100000000)
  eden space 21504K, 0% used [0x00000000d5580000,0x00000000d5580000,0x00000000d6a80000)
  from space 512K, 75% used [0x00000000d6e80000,0x00000000d6ee0000,0x00000000d6f00000)
  to   space 1024K, 0% used [0x00000000d6d00000,0x00000000d6d00000,0x00000000d6e00000)
 ParOldGen       total 68608K, used 41793K [0x0000000080000000, 0x0000000084300000, 0x00000000d5580000)
  object space 68608K, 60% used [0x0000000080000000,0x00000000828d0690,0x0000000084300000)
 Metaspace       used 52483K, committed 53696K, reserved 1114112K
  class space    used 5667K, committed 6208K, reserved 1048576K
}
Event: 14.685 GC heap before
{Heap before GC invocations=33 (full 2):
 PSYoungGen      total 22016K, used 21887K [0x00000000d5580000, 0x00000000d6f00000, 0x0000000100000000)
  eden space 21504K, 99% used [0x00000000d5580000,0x00000000d6a7fff8,0x00000000d6a80000)
  from space 512K, 75% used [0x00000000d6e80000,0x00000000d6ee0000,0x00000000d6f00000)
  to   space 1024K, 0% used [0x00000000d6d00000,0x00000000d6d00000,0x00000000d6e00000)
 ParOldGen       total 68608K, used 41793K [0x0000000080000000, 0x0000000084300000, 0x00000000d5580000)
  object space 68608K, 60% used [0x0000000080000000,0x00000000828d0690,0x0000000084300000)
 Metaspace       used 54097K, committed 55360K, reserved 1114112K
  class space    used 5870K, committed 6400K, reserved 1048576K
}
Event: 14.687 GC heap after
{Heap after GC invocations=33 (full 2):
 PSYoungGen      total 22528K, used 995K [0x00000000d5580000, 0x00000000d6f00000, 0x0000000100000000)
  eden space 21504K, 0% used [0x00000000d5580000,0x00000000d5580000,0x00000000d6a80000)
  from space 1024K, 97% used [0x00000000d6d00000,0x00000000d6df8ed8,0x00000000d6e00000)
  to   space 1024K, 0% used [0x00000000d6e00000,0x00000000d6e00000,0x00000000d6f00000)
 ParOldGen       total 68608K, used 42491K [0x0000000080000000, 0x0000000084300000, 0x00000000d5580000)
  object space 68608K, 61% used [0x0000000080000000,0x000000008297ecb0,0x0000000084300000)
 Metaspace       used 54097K, committed 55360K, reserved 1114112K
  class space    used 5870K, committed 6400K, reserved 1048576K
}
Event: 15.396 GC heap before
{Heap before GC invocations=34 (full 2):
 PSYoungGen      total 22528K, used 22499K [0x00000000d5580000, 0x00000000d6f00000, 0x0000000100000000)
  eden space 21504K, 100% used [0x00000000d5580000,0x00000000d6a80000,0x00000000d6a80000)
  from space 1024K, 97% used [0x00000000d6d00000,0x00000000d6df8ed8,0x00000000d6e00000)
  to   space 1024K, 0% used [0x00000000d6e00000,0x00000000d6e00000,0x00000000d6f00000)
 ParOldGen       total 68608K, used 42491K [0x0000000080000000, 0x0000000084300000, 0x00000000d5580000)
  object space 68608K, 61% used [0x0000000080000000,0x000000008297ecb0,0x0000000084300000)
 Metaspace       used 57179K, committed 58496K, reserved 1114112K
  class space    used 6142K, committed 6720K, reserved 1048576K
}
Event: 15.400 GC heap after
{Heap after GC invocations=34 (full 2):
 PSYoungGen      total 22528K, used 1009K [0x00000000d5580000, 0x00000000d7080000, 0x0000000100000000)
  eden space 21504K, 0% used [0x00000000d5580000,0x00000000d5580000,0x00000000d6a80000)
  from space 1024K, 98% used [0x00000000d6e00000,0x00000000d6efc5b0,0x00000000d6f00000)
  to   space 3072K, 0% used [0x00000000d6a80000,0x00000000d6a80000,0x00000000d6d80000)
 ParOldGen       total 68608K, used 44201K [0x0000000080000000, 0x0000000084300000, 0x00000000d5580000)
  object space 68608K, 64% used [0x0000000080000000,0x0000000082b2a580,0x0000000084300000)
 Metaspace       used 57179K, committed 58496K, reserved 1114112K
  class space    used 6142K, committed 6720K, reserved 1048576K
}
Event: 15.910 GC heap before
{Heap before GC invocations=35 (full 2):
 PSYoungGen      total 22528K, used 21338K [0x00000000d5580000, 0x00000000d7080000, 0x0000000100000000)
  eden space 21504K, 94% used [0x00000000d5580000,0x00000000d695a250,0x00000000d6a80000)
  from space 1024K, 98% used [0x00000000d6e00000,0x00000000d6efc5b0,0x00000000d6f00000)
  to   space 3072K, 0% used [0x00000000d6a80000,0x00000000d6a80000,0x00000000d6d80000)
 ParOldGen       total 68608K, used 44201K [0x0000000080000000, 0x0000000084300000, 0x00000000d5580000)
  object space 68608K, 64% used [0x0000000080000000,0x0000000082b2a580,0x0000000084300000)
 Metaspace       used 58419K, committed 59776K, reserved 1114112K
  class space    used 6255K, committed 6912K, reserved 1048576K
}
Event: 15.912 GC heap after
{Heap after GC invocations=35 (full 2):
 PSYoungGen      total 23040K, used 1450K [0x00000000d5580000, 0x00000000d6e80000, 0x0000000100000000)
  eden space 21504K, 0% used [0x00000000d5580000,0x00000000d5580000,0x00000000d6a80000)
  from space 1536K, 94% used [0x00000000d6a80000,0x00000000d6bea810,0x00000000d6c00000)
  to   space 2048K, 0% used [0x00000000d6c80000,0x00000000d6c80000,0x00000000d6e80000)
 ParOldGen       total 68608K, used 45211K [0x0000000080000000, 0x0000000084300000, 0x00000000d5580000)
  object space 68608K, 65% used [0x0000000080000000,0x0000000082c26cd8,0x0000000084300000)
 Metaspace       used 58419K, committed 59776K, reserved 1114112K
  class space    used 6255K, committed 6912K, reserved 1048576K
}
Event: 15.912 GC heap before
{Heap before GC invocations=36 (full 3):
 PSYoungGen      total 23040K, used 1450K [0x00000000d5580000, 0x00000000d6e80000, 0x0000000100000000)
  eden space 21504K, 0% used [0x00000000d5580000,0x00000000d5580000,0x00000000d6a80000)
  from space 1536K, 94% used [0x00000000d6a80000,0x00000000d6bea810,0x00000000d6c00000)
  to   space 2048K, 0% used [0x00000000d6c80000,0x00000000d6c80000,0x00000000d6e80000)
 ParOldGen       total 68608K, used 45211K [0x0000000080000000, 0x0000000084300000, 0x00000000d5580000)
  object space 68608K, 65% used [0x0000000080000000,0x0000000082c26cd8,0x0000000084300000)
 Metaspace       used 58419K, committed 59776K, reserved 1114112K
  class space    used 6255K, committed 6912K, reserved 1048576K
}
Event: 16.034 GC heap after
{Heap after GC invocations=36 (full 3):
 PSYoungGen      total 23040K, used 0K [0x00000000d5580000, 0x00000000d6e80000, 0x0000000100000000)
  eden space 21504K, 0% used [0x00000000d5580000,0x00000000d5580000,0x00000000d6a80000)
  from space 1536K, 0% used [0x00000000d6a80000,0x00000000d6a80000,0x00000000d6c00000)
  to   space 2048K, 0% used [0x00000000d6c80000,0x00000000d6c80000,0x00000000d6e80000)
 ParOldGen       total 68608K, used 42749K [0x0000000080000000, 0x0000000084300000, 0x00000000d5580000)
  object space 68608K, 62% used [0x0000000080000000,0x00000000829bf590,0x0000000084300000)
 Metaspace       used 58419K, committed 59776K, reserved 1114112K
  class space    used 6255K, committed 6912K, reserved 1048576K
}
Event: 16.407 GC heap before
{Heap before GC invocations=37 (full 3):
 PSYoungGen      total 23040K, used 21496K [0x00000000d5580000, 0x00000000d6e80000, 0x0000000100000000)
  eden space 21504K, 99% used [0x00000000d5580000,0x00000000d6a7e0c0,0x00000000d6a80000)
  from space 1536K, 0% used [0x00000000d6a80000,0x00000000d6a80000,0x00000000d6c00000)
  to   space 2048K, 0% used [0x00000000d6c80000,0x00000000d6c80000,0x00000000d6e80000)
 ParOldGen       total 68608K, used 42749K [0x0000000080000000, 0x0000000084300000, 0x00000000d5580000)
  object space 68608K, 62% used [0x0000000080000000,0x00000000829bf590,0x0000000084300000)
 Metaspace       used 60261K, committed 61568K, reserved 1114112K
  class space    used 6480K, committed 7104K, reserved 1048576K
}
Event: 16.410 GC heap after
{Heap after GC invocations=37 (full 3):
 PSYoungGen      total 23040K, used 2019K [0x00000000d5580000, 0x00000000d6f80000, 0x0000000100000000)
  eden space 20992K, 0% used [0x00000000d5580000,0x00000000d5580000,0x00000000d6a00000)
  from space 2048K, 98% used [0x00000000d6c80000,0x00000000d6e78e20,0x00000000d6e80000)
  to   space 2560K, 0% used [0x00000000d6a00000,0x00000000d6a00000,0x00000000d6c80000)
 ParOldGen       total 68608K, used 42885K [0x0000000080000000, 0x0000000084300000, 0x00000000d5580000)
  object space 68608K, 62% used [0x0000000080000000,0x00000000829e15a0,0x0000000084300000)
 Metaspace       used 60261K, committed 61568K, reserved 1114112K
  class space    used 6480K, committed 7104K, reserved 1048576K
}

