# JRE version: OpenJDK Runtime Environment Temurin-21.0.11+10 (21.0.11+10) (build 21.0.11+10-LTS)
# Java VM: OpenJDK 64-Bit Server VM Temurin-21.0.11+10 (21.0.11+10-LTS, mixed mode, sharing, tiered, compressed oops, compressed class ptrs, parallel gc, windows-amd64)
GC Precious Log:
 CardTable entry size: 512
 CPUs: 16 total, 16 available
 Memory: 14021M
 Large Page Support: Disabled
 NUMA Support: Disabled
 Compressed Oops: Enabled (32-bit)
 Alignments: Space 512K, Generation 512K, Heap 2M
 Heap Min Capacity: 100M
 Heap Initial Capacity: 100M
 Heap Max Capacity: 2G
 Pre-touch: Disabled
 Parallel Workers: 13
Heap:
 PSYoungGen      total 19456K, used 17556K [0x00000000d5580000, 0x00000000d7600000, 0x0000000100000000)
  eden space 18944K, 90% used [0x00000000d5580000,0x00000000d662d0b8,0x00000000d6800000)
  from space 512K, 93% used [0x00000000d7580000,0x00000000d75f8010,0x00000000d7600000)
  to   space 1024K, 0% used [0x00000000d7400000,0x00000000d7400000,0x00000000d7500000)
 ParOldGen       total 135168K, used 134698K [0x0000000080000000, 0x0000000088400000, 0x00000000d5580000)
  object space 135168K, 99% used [0x0000000080000000,0x000000008838a910,0x0000000088400000)
 Metaspace       used 72162K, committed 73600K, reserved 1114112K
  class space    used 7774K, committed 8384K, reserved 1048576K
GC Heap History (20 events):
Event: 17.295 GC heap before
{Heap before GC invocations=46 (full 3):
 PSYoungGen      total 29184K, used 28892K [0x00000000d5580000, 0x00000000d7f00000, 0x0000000100000000)
  eden space 18944K, 100% used [0x00000000d5580000,0x00000000d6800000,0x00000000d6800000)
  from space 10240K, 97% used [0x00000000d7500000,0x00000000d7eb70e8,0x00000000d7f00000)
  to   space 10752K, 0% used [0x00000000d6a00000,0x00000000d6a00000,0x00000000d7480000)
 ParOldGen       total 99840K, used 99751K [0x0000000080000000, 0x0000000086180000, 0x00000000d5580000)
  object space 99840K, 99% used [0x0000000080000000,0x0000000086169d50,0x0000000086180000)
 Metaspace       used 67285K, committed 68672K, reserved 1114112K
  class space    used 7223K, committed 7872K, reserved 1048576K
}
Event: 17.308 GC heap after
{Heap after GC invocations=46 (full 3):
 PSYoungGen      total 29696K, used 10736K [0x00000000d5580000, 0x00000000d9300000, 0x0000000100000000)
  eden space 18944K, 0% used [0x00000000d5580000,0x00000000d5580000,0x00000000d6800000)
  from space 10752K, 99% used [0x00000000d6a00000,0x00000000d747c010,0x00000000d7480000)
  to   space 22016K, 0% used [0x00000000d7d80000,0x00000000d7d80000,0x00000000d9300000)
 ParOldGen       total 109056K, used 108975K [0x0000000080000000, 0x0000000086a80000, 0x00000000d5580000)
  object space 109056K, 99% used [0x0000000080000000,0x0000000086a6bd50,0x0000000086a80000)
 Metaspace       used 67285K, committed 68672K, reserved 1114112K
  class space    used 7223K, committed 7872K, reserved 1048576K
}
Event: 17.366 GC heap before
{Heap before GC invocations=47 (full 3):
 PSYoungGen      total 29696K, used 29680K [0x00000000d5580000, 0x00000000d9300000, 0x0000000100000000)
  eden space 18944K, 100% used [0x00000000d5580000,0x00000000d6800000,0x00000000d6800000)
  from space 10752K, 99% used [0x00000000d6a00000,0x00000000d747c010,0x00000000d7480000)
  to   space 22016K, 0% used [0x00000000d7d80000,0x00000000d7d80000,0x00000000d9300000)
 ParOldGen       total 109056K, used 108975K [0x0000000080000000, 0x0000000086a80000, 0x00000000d5580000)
  object space 109056K, 99% used [0x0000000080000000,0x0000000086a6bd50,0x0000000086a80000)
 Metaspace       used 67413K, committed 68800K, reserved 1114112K
  class space    used 7234K, committed 7872K, reserved 1048576K
}
Event: 17.381 GC heap after
{Heap after GC invocations=47 (full 3):
 PSYoungGen      total 28672K, used 9360K [0x00000000d5580000, 0x00000000d8700000, 0x0000000100000000)
  eden space 18944K, 0% used [0x00000000d5580000,0x00000000d5580000,0x00000000d6800000)
  from space 9728K, 96% used [0x00000000d7d80000,0x00000000d86a41d0,0x00000000d8700000)
  to   space 13312K, 0% used [0x00000000d6d00000,0x00000000d6d00000,0x00000000d7a00000)
 ParOldGen       total 119808K, used 119383K [0x0000000080000000, 0x0000000087500000, 0x00000000d5580000)
  object space 119808K, 99% used [0x0000000080000000,0x0000000087495d50,0x0000000087500000)
 Metaspace       used 67413K, committed 68800K, reserved 1114112K
  class space    used 7234K, committed 7872K, reserved 1048576K
}
Event: 20.034 GC heap before
{Heap before GC invocations=48 (full 3):
 PSYoungGen      total 28672K, used 28297K [0x00000000d5580000, 0x00000000d8700000, 0x0000000100000000)
  eden space 18944K, 99% used [0x00000000d5580000,0x00000000d67fe470,0x00000000d6800000)
  from space 9728K, 96% used [0x00000000d7d80000,0x00000000d86a41d0,0x00000000d8700000)
  to   space 13312K, 0% used [0x00000000d6d00000,0x00000000d6d00000,0x00000000d7a00000)
 ParOldGen       total 119808K, used 119383K [0x0000000080000000, 0x0000000087500000, 0x00000000d5580000)
  object space 119808K, 99% used [0x0000000080000000,0x0000000087495d50,0x0000000087500000)
 Metaspace       used 68474K, committed 69888K, reserved 1114112K
  class space    used 7327K, committed 7936K, reserved 1048576K
}
Event: 20.044 GC heap after
{Heap after GC invocations=48 (full 3):
 PSYoungGen      total 21504K, used 2256K [0x00000000d5580000, 0x00000000d7e00000, 0x0000000100000000)
  eden space 18944K, 0% used [0x00000000d5580000,0x00000000d5580000,0x00000000d6800000)
  from space 2560K, 88% used [0x00000000d6d00000,0x00000000d6f34200,0x00000000d6f80000)
  to   space 5632K, 0% used [0x00000000d7880000,0x00000000d7880000,0x00000000d7e00000)
 ParOldGen       total 127488K, used 127311K [0x0000000080000000, 0x0000000087c80000, 0x00000000d5580000)
  object space 127488K, 99% used [0x0000000080000000,0x0000000087c53d50,0x0000000087c80000)
 Metaspace       used 68474K, committed 69888K, reserved 1114112K
  class space    used 7327K, committed 7936K, reserved 1048576K
}
Event: 20.718 GC heap before
{Heap before GC invocations=49 (full 3):
 PSYoungGen      total 21504K, used 21200K [0x00000000d5580000, 0x00000000d7e00000, 0x0000000100000000)
  eden space 18944K, 100% used [0x00000000d5580000,0x00000000d6800000,0x00000000d6800000)
  from space 2560K, 88% used [0x00000000d6d00000,0x00000000d6f34200,0x00000000d6f80000)
  to   space 5632K, 0% used [0x00000000d7880000,0x00000000d7880000,0x00000000d7e00000)
 ParOldGen       total 127488K, used 127311K [0x0000000080000000, 0x0000000087c80000, 0x00000000d5580000)
  object space 127488K, 99% used [0x0000000080000000,0x0000000087c53d50,0x0000000087c80000)
 Metaspace       used 70245K, committed 71744K, reserved 1114112K
  class space    used 7592K, committed 8256K, reserved 1048576K
}
Event: 20.721 GC heap after
{Heap after GC invocations=49 (full 3):
 PSYoungGen      total 20480K, used 1120K [0x00000000d5580000, 0x00000000d7a00000, 0x0000000100000000)
  eden space 18944K, 0% used [0x00000000d5580000,0x00000000d5580000,0x00000000d6800000)
  from space 1536K, 72% used [0x00000000d7880000,0x00000000d7998000,0x00000000d7a00000)
  to   space 2560K, 0% used [0x00000000d7500000,0x00000000d7500000,0x00000000d7780000)
 ParOldGen       total 129536K, used 129127K [0x0000000080000000, 0x0000000087e80000, 0x00000000d5580000)
  object space 129536K, 99% used [0x0000000080000000,0x0000000087e19d90,0x0000000087e80000)
 Metaspace       used 70245K, committed 71744K, reserved 1114112K
  class space    used 7592K, committed 8256K, reserved 1048576K
}
Event: 21.367 GC heap before
{Heap before GC invocations=50 (full 3):
 PSYoungGen      total 20480K, used 20064K [0x00000000d5580000, 0x00000000d7a00000, 0x0000000100000000)
  eden space 18944K, 100% used [0x00000000d5580000,0x00000000d6800000,0x00000000d6800000)
  from space 1536K, 72% used [0x00000000d7880000,0x00000000d7998000,0x00000000d7a00000)
  to   space 2560K, 0% used [0x00000000d7500000,0x00000000d7500000,0x00000000d7780000)
 ParOldGen       total 129536K, used 129127K [0x0000000080000000, 0x0000000087e80000, 0x00000000d5580000)
  object space 129536K, 99% used [0x0000000080000000,0x0000000087e19d90,0x0000000087e80000)
 Metaspace       used 70778K, committed 72128K, reserved 1114112K
  class space    used 7669K, committed 8256K, reserved 1048576K
}
Event: 21.370 GC heap after
{Heap after GC invocations=50 (full 3):
 PSYoungGen      total 20992K, used 2035K [0x00000000d5580000, 0x00000000d7900000, 0x0000000100000000)
  eden space 18944K, 0% used [0x00000000d5580000,0x00000000d5580000,0x00000000d6800000)
  from space 2048K, 99% used [0x00000000d7500000,0x00000000d76fcd90,0x00000000d7700000)
  to   space 2048K, 0% used [0x00000000d7700000,0x00000000d7700000,0x00000000d7900000)
 ParOldGen       total 130048K, used 129999K [0x0000000080000000, 0x0000000087f00000, 0x00000000d5580000)
  object space 130048K, 99% used [0x0000000080000000,0x0000000087ef3fa8,0x0000000087f00000)
 Metaspace       used 70778K, committed 72128K, reserved 1114112K
  class space    used 7669K, committed 8256K, reserved 1048576K
}
Event: 22.164 GC heap before
{Heap before GC invocations=51 (full 3):
 PSYoungGen      total 20992K, used 20979K [0x00000000d5580000, 0x00000000d7900000, 0x0000000100000000)
  eden space 18944K, 99% used [0x00000000d5580000,0x00000000d67fffc0,0x00000000d6800000)
  from space 2048K, 99% used [0x00000000d7500000,0x00000000d76fcd90,0x00000000d7700000)
  to   space 2048K, 0% used [0x00000000d7700000,0x00000000d7700000,0x00000000d7900000)
 ParOldGen       total 130048K, used 129999K [0x0000000080000000, 0x0000000087f00000, 0x00000000d5580000)
  object space 130048K, 99% used [0x0000000080000000,0x0000000087ef3fa8,0x0000000087f00000)
 Metaspace       used 71194K, committed 72640K, reserved 1114112K
  class space    used 7723K, committed 8320K, reserved 1048576K
}
Event: 22.168 GC heap after
{Heap after GC invocations=51 (full 3):
 PSYoungGen      total 20992K, used 2048K [0x00000000d5580000, 0x00000000d7900000, 0x0000000100000000)
  eden space 18944K, 0% used [0x00000000d5580000,0x00000000d5580000,0x00000000d6800000)
  from space 2048K, 100% used [0x00000000d7700000,0x00000000d7900000,0x00000000d7900000)
  to   space 4608K, 0% used [0x00000000d7000000,0x00000000d7000000,0x00000000d7480000)
 ParOldGen       total 132096K, used 131987K [0x0000000080000000, 0x0000000088100000, 0x00000000d5580000)
  object space 132096K, 99% used [0x0000000080000000,0x00000000880e4d28,0x0000000088100000)
 Metaspace       used 71194K, committed 72640K, reserved 1114112K
  class space    used 7723K, committed 8320K, reserved 1048576K
}
Event: 23.924 GC heap before
{Heap before GC invocations=52 (full 3):
 PSYoungGen      total 20992K, used 20992K [0x00000000d5580000, 0x00000000d7900000, 0x0000000100000000)
  eden space 18944K, 100% used [0x00000000d5580000,0x00000000d6800000,0x00000000d6800000)
  from space 2048K, 100% used [0x00000000d7700000,0x00000000d7900000,0x00000000d7900000)
  to   space 4608K, 0% used [0x00000000d7000000,0x00000000d7000000,0x00000000d7480000)
 ParOldGen       total 132096K, used 131987K [0x0000000080000000, 0x0000000088100000, 0x00000000d5580000)
  object space 132096K, 99% used [0x0000000080000000,0x00000000880e4d28,0x0000000088100000)
 Metaspace       used 71345K, committed 72704K, reserved 1114112K
  class space    used 7726K, committed 8320K, reserved 1048576K
}
Event: 23.928 GC heap after
{Heap after GC invocations=52 (full 3):
 PSYoungGen      total 23552K, used 400K [0x00000000d5580000, 0x00000000d7780000, 0x0000000100000000)
  eden space 18944K, 0% used [0x00000000d5580000,0x00000000d5580000,0x00000000d6800000)
  from space 4608K, 8% used [0x00000000d7000000,0x00000000d7064030,0x00000000d7480000)
  to   space 2048K, 0% used [0x00000000d7580000,0x00000000d7580000,0x00000000d7780000)
 ParOldGen       total 134144K, used 133769K [0x0000000080000000, 0x0000000088300000, 0x00000000d5580000)
  object space 134144K, 99% used [0x0000000080000000,0x00000000882a2768,0x0000000088300000)
 Metaspace       used 71345K, committed 72704K, reserved 1114112K
  class space    used 7726K, committed 8320K, reserved 1048576K
}
Event: 25.247 GC heap before
{Heap before GC invocations=53 (full 3):
 PSYoungGen      total 23552K, used 19344K [0x00000000d5580000, 0x00000000d7780000, 0x0000000100000000)
  eden space 18944K, 100% used [0x00000000d5580000,0x00000000d6800000,0x00000000d6800000)
  from space 4608K, 8% used [0x00000000d7000000,0x00000000d7064030,0x00000000d7480000)
  to   space 2048K, 0% used [0x00000000d7580000,0x00000000d7580000,0x00000000d7780000)
 ParOldGen       total 134144K, used 133769K [0x0000000080000000, 0x0000000088300000, 0x00000000d5580000)
  object space 134144K, 99% used [0x0000000080000000,0x00000000882a2768,0x0000000088300000)
 Metaspace       used 71428K, committed 72768K, reserved 1114112K
  class space    used 7726K, committed 8320K, reserved 1048576K
}
Event: 25.249 GC heap after
{Heap after GC invocations=53 (full 3):
 PSYoungGen      total 19968K, used 832K [0x00000000d5580000, 0x00000000d7680000, 0x0000000100000000)
  eden space 18944K, 0% used [0x00000000d5580000,0x00000000d5580000,0x00000000d6800000)
  from space 1024K, 81% used [0x00000000d7580000,0x00000000d7650000,0x00000000d7680000)
  to   space 1024K, 0% used [0x00000000d7480000,0x00000000d7480000,0x00000000d7580000)
 ParOldGen       total 134144K, used 133929K [0x0000000080000000, 0x0000000088300000, 0x00000000d5580000)
  object space 134144K, 99% used [0x0000000080000000,0x00000000882ca788,0x0000000088300000)
 Metaspace       used 71428K, committed 72768K, reserved 1114112K
  class space    used 7726K, committed 8320K, reserved 1048576K
}
Event: 26.584 GC heap before
{Heap before GC invocations=54 (full 3):
 PSYoungGen      total 19968K, used 19693K [0x00000000d5580000, 0x00000000d7680000, 0x0000000100000000)
  eden space 18944K, 99% used [0x00000000d5580000,0x00000000d67eb788,0x00000000d6800000)
  from space 1024K, 81% used [0x00000000d7580000,0x00000000d7650000,0x00000000d7680000)
  to   space 1024K, 0% used [0x00000000d7480000,0x00000000d7480000,0x00000000d7580000)
 ParOldGen       total 134144K, used 133929K [0x0000000080000000, 0x0000000088300000, 0x00000000d5580000)
  object space 134144K, 99% used [0x0000000080000000,0x00000000882ca788,0x0000000088300000)
 Metaspace       used 71539K, committed 72832K, reserved 1114112K
  class space    used 7735K, committed 8320K, reserved 1048576K
}
Event: 26.586 GC heap after
{Heap after GC invocations=54 (full 3):
 PSYoungGen      total 19968K, used 944K [0x00000000d5580000, 0x00000000d7600000, 0x0000000100000000)
  eden space 18944K, 0% used [0x00000000d5580000,0x00000000d5580000,0x00000000d6800000)
  from space 1024K, 92% used [0x00000000d7480000,0x00000000d756c030,0x00000000d7580000)
  to   space 512K, 0% used [0x00000000d7580000,0x00000000d7580000,0x00000000d7600000)
 ParOldGen       total 134656K, used 134303K [0x0000000080000000, 0x0000000088380000, 0x00000000d5580000)
  object space 134656K, 99% used [0x0000000080000000,0x0000000088327c08,0x0000000088380000)
 Metaspace       used 71539K, committed 72832K, reserved 1114112K
  class space    used 7735K, committed 8320K, reserved 1048576K
}
Event: 31.395 GC heap before
{Heap before GC invocations=55 (full 3):
 PSYoungGen      total 19968K, used 19888K [0x00000000d5580000, 0x00000000d7600000, 0x0000000100000000)
  eden space 18944K, 100% used [0x00000000d5580000,0x00000000d6800000,0x00000000d6800000)
  from space 1024K, 92% used [0x00000000d7480000,0x00000000d756c030,0x00000000d7580000)
  to   space 512K, 0% used [0x00000000d7580000,0x00000000d7580000,0x00000000d7600000)
 ParOldGen       total 134656K, used 134303K [0x0000000080000000, 0x0000000088380000, 0x00000000d5580000)
  object space 134656K, 99% used [0x0000000080000000,0x0000000088327c08,0x0000000088380000)
 Metaspace       used 71717K, committed 73088K, reserved 1114112K
  class space    used 7749K, committed 8384K, reserved 1048576K
}
Event: 31.397 GC heap after
{Heap after GC invocations=55 (full 3):
 PSYoungGen      total 19456K, used 480K [0x00000000d5580000, 0x00000000d7600000, 0x0000000100000000)
  eden space 18944K, 0% used [0x00000000d5580000,0x00000000d5580000,0x00000000d6800000)
  from space 512K, 93% used [0x00000000d7580000,0x00000000d75f8010,0x00000000d7600000)
  to   space 1024K, 0% used [0x00000000d7400000,0x00000000d7400000,0x00000000d7500000)
 ParOldGen       total 135168K, used 134698K [0x0000000080000000, 0x0000000088400000, 0x00000000d5580000)
  object space 135168K, 99% used [0x0000000080000000,0x000000008838a910,0x0000000088400000)
 Metaspace       used 71717K, committed 73088K, reserved 1114112K
  class space    used 7749K, committed 8384K, reserved 1048576K
}

