# JRE version: OpenJDK Runtime Environment Temurin-21.0.12.1+1 (21.0.12.1+1) (build 21.0.12.1+1-LTS)
# Java VM: OpenJDK 64-Bit Server VM Temurin-21.0.12.1+1 (21.0.12.1+1-LTS, mixed mode, sharing, tiered, compressed oops, compressed class ptrs, parallel gc, windows-amd64)
GC Precious Log:
 CardTable entry size: 512
 CPUs: 16 total, 16 available
 Memory: 14021M
 Large Page Support: Disabled
 NUMA Support: Disabled
 Compressed Oops: Enabled (32-bit)
 Alignments: Space 512K, Generation 512K, Heap 2M
 Heap Min Capacity: 100M
 Heap Initial Capacity: 100M
 Heap Max Capacity: 2G
 Pre-touch: Disabled
 Parallel Workers: 13
Heap:
 PSYoungGen      total 17920K, used 9867K [0x00000000d5580000, 0x00000000d6b00000, 0x0000000100000000)
  eden space 17408K, 54% used [0x00000000d5580000,0x00000000d5ed2f08,0x00000000d6680000)
  from space 512K, 62% used [0x00000000d6a80000,0x00000000d6ad0000,0x00000000d6b00000)
  to   space 1024K, 0% used [0x00000000d6900000,0x00000000d6900000,0x00000000d6a00000)
 ParOldGen       total 68608K, used 45374K [0x0000000080000000, 0x0000000084300000, 0x00000000d5580000)
  object space 68608K, 66% used [0x0000000080000000,0x0000000082c4fb18,0x0000000084300000)
 Metaspace       used 54329K, committed 55488K, reserved 1114112K
  class space    used 5831K, committed 6336K, reserved 1048576K
GC Heap History (20 events):
Event: 24.214 GC heap before
{Heap before GC invocations=25 (full 2):
 PSYoungGen      total 20480K, used 20256K [0x00000000d5580000, 0x00000000d6d80000, 0x0000000100000000)
  eden space 18432K, 100% used [0x00000000d5580000,0x00000000d6780000,0x00000000d6780000)
  from space 2048K, 89% used [0x00000000d6b80000,0x00000000d6d48010,0x00000000d6d80000)
  to   space 2560K, 0% used [0x00000000d6880000,0x00000000d6880000,0x00000000d6b00000)
 ParOldGen       total 68608K, used 30872K [0x0000000080000000, 0x0000000084300000, 0x00000000d5580000)
  object space 68608K, 44% used [0x0000000080000000,0x0000000081e26388,0x0000000084300000)
 Metaspace       used 47683K, committed 48832K, reserved 1114112K
  class space    used 5179K, committed 5696K, reserved 1048576K
}
Event: 24.218 GC heap after
{Heap after GC invocations=25 (full 2):
 PSYoungGen      total 20480K, used 1920K [0x00000000d5580000, 0x00000000d6c00000, 0x0000000100000000)
  eden space 18432K, 0% used [0x00000000d5580000,0x00000000d5580000,0x00000000d6780000)
  from space 2048K, 93% used [0x00000000d6880000,0x00000000d6a60000,0x00000000d6a80000)
  to   space 1536K, 0% used [0x00000000d6a80000,0x00000000d6a80000,0x00000000d6c00000)
 ParOldGen       total 68608K, used 32584K [0x0000000080000000, 0x0000000084300000, 0x00000000d5580000)
  object space 68608K, 47% used [0x0000000080000000,0x0000000081fd2398,0x0000000084300000)
 Metaspace       used 47683K, committed 48832K, reserved 1114112K
  class space    used 5179K, committed 5696K, reserved 1048576K
}
Event: 24.355 GC heap before
{Heap before GC invocations=26 (full 2):
 PSYoungGen      total 20480K, used 20352K [0x00000000d5580000, 0x00000000d6c00000, 0x0000000100000000)
  eden space 18432K, 100% used [0x00000000d5580000,0x00000000d6780000,0x00000000d6780000)
  from space 2048K, 93% used [0x00000000d6880000,0x00000000d6a60000,0x00000000d6a80000)
  to   space 1536K, 0% used [0x00000000d6a80000,0x00000000d6a80000,0x00000000d6c00000)
 ParOldGen       total 68608K, used 32584K [0x0000000080000000, 0x0000000084300000, 0x00000000d5580000)
  object space 68608K, 47% used [0x0000000080000000,0x0000000081fd2398,0x0000000084300000)
 Metaspace       used 47688K, committed 48832K, reserved 1114112K
  class space    used 5179K, committed 5696K, reserved 1048576K
}
Event: 24.360 GC heap after
{Heap after GC invocations=26 (full 2):
 PSYoungGen      total 18944K, used 1536K [0x00000000d5580000, 0x00000000d6f80000, 0x0000000100000000)
  eden space 17408K, 0% used [0x00000000d5580000,0x00000000d5580000,0x00000000d6680000)
  from space 1536K, 100% used [0x00000000d6a80000,0x00000000d6c00000,0x00000000d6c00000)
  to   space 4096K, 0% used [0x00000000d6680000,0x00000000d6680000,0x00000000d6a80000)
 ParOldGen       total 68608K, used 34547K [0x0000000080000000, 0x0000000084300000, 0x00000000d5580000)
  object space 68608K, 50% used [0x0000000080000000,0x00000000821bcd40,0x0000000084300000)
 Metaspace       used 47688K, committed 48832K, reserved 1114112K
  class space    used 5179K, committed 5696K, reserved 1048576K
}
Event: 24.493 GC heap before
{Heap before GC invocations=27 (full 2):
 PSYoungGen      total 18944K, used 18944K [0x00000000d5580000, 0x00000000d6f80000, 0x0000000100000000)
  eden space 17408K, 100% used [0x00000000d5580000,0x00000000d6680000,0x00000000d6680000)
  from space 1536K, 100% used [0x00000000d6a80000,0x00000000d6c00000,0x00000000d6c00000)
  to   space 4096K, 0% used [0x00000000d6680000,0x00000000d6680000,0x00000000d6a80000)
 ParOldGen       total 68608K, used 34547K [0x0000000080000000, 0x0000000084300000, 0x00000000d5580000)
  object space 68608K, 50% used [0x0000000080000000,0x00000000821bcd40,0x0000000084300000)
 Metaspace       used 47727K, committed 48896K, reserved 1114112K
  class space    used 5182K, committed 5696K, reserved 1048576K
}
Event: 24.497 GC heap after
{Heap after GC invocations=27 (full 2):
 PSYoungGen      total 19456K, used 1920K [0x00000000d5580000, 0x00000000d6b80000, 0x0000000100000000)
  eden space 17408K, 0% used [0x00000000d5580000,0x00000000d5580000,0x00000000d6680000)
  from space 2048K, 93% used [0x00000000d6680000,0x00000000d6860010,0x00000000d6880000)
  to   space 2560K, 0% used [0x00000000d6900000,0x00000000d6900000,0x00000000d6b80000)
 ParOldGen       total 68608K, used 36069K [0x0000000080000000, 0x0000000084300000, 0x00000000d5580000)
  object space 68608K, 52% used [0x0000000080000000,0x0000000082339558,0x0000000084300000)
 Metaspace       used 47727K, committed 48896K, reserved 1114112K
  class space    used 5182K, committed 5696K, reserved 1048576K
}
Event: 24.595 GC heap before
{Heap before GC invocations=28 (full 2):
 PSYoungGen      total 19456K, used 19328K [0x00000000d5580000, 0x00000000d6b80000, 0x0000000100000000)
  eden space 17408K, 100% used [0x00000000d5580000,0x00000000d6680000,0x00000000d6680000)
  from space 2048K, 93% used [0x00000000d6680000,0x00000000d6860010,0x00000000d6880000)
  to   space 2560K, 0% used [0x00000000d6900000,0x00000000d6900000,0x00000000d6b80000)
 ParOldGen       total 68608K, used 36069K [0x0000000080000000, 0x0000000084300000, 0x00000000d5580000)
  object space 68608K, 52% used [0x0000000080000000,0x0000000082339558,0x0000000084300000)
 Metaspace       used 47746K, committed 48896K, reserved 1114112K
  class space    used 5182K, committed 5696K, reserved 1048576K
}
Event: 24.599 GC heap after
{Heap after GC invocations=28 (full 2):
 PSYoungGen      total 19456K, used 1656K [0x00000000d5580000, 0x00000000d6b00000, 0x0000000100000000)
  eden space 17408K, 0% used [0x00000000d5580000,0x00000000d5580000,0x00000000d6680000)
  from space 2048K, 80% used [0x00000000d6900000,0x00000000d6a9e200,0x00000000d6b00000)
  to   space 2048K, 0% used [0x00000000d6680000,0x00000000d6680000,0x00000000d6880000)
 ParOldGen       total 68608K, used 37797K [0x0000000080000000, 0x0000000084300000, 0x00000000d5580000)
  object space 68608K, 55% used [0x0000000080000000,0x00000000824e9568,0x0000000084300000)
 Metaspace       used 47746K, committed 48896K, reserved 1114112K
  class space    used 5182K, committed 5696K, reserved 1048576K
}
Event: 24.856 GC heap before
{Heap before GC invocations=29 (full 2):
 PSYoungGen      total 19456K, used 19064K [0x00000000d5580000, 0x00000000d6b00000, 0x0000000100000000)
  eden space 17408K, 100% used [0x00000000d5580000,0x00000000d6680000,0x00000000d6680000)
  from space 2048K, 80% used [0x00000000d6900000,0x00000000d6a9e200,0x00000000d6b00000)
  to   space 2048K, 0% used [0x00000000d6680000,0x00000000d6680000,0x00000000d6880000)
 ParOldGen       total 68608K, used 37797K [0x0000000080000000, 0x0000000084300000, 0x00000000d5580000)
  object space 68608K, 55% used [0x0000000080000000,0x00000000824e9568,0x0000000084300000)
 Metaspace       used 48090K, committed 49216K, reserved 1114112K
  class space    used 5205K, committed 5696K, reserved 1048576K
}
Event: 24.862 GC heap after
{Heap after GC invocations=29 (full 2):
 PSYoungGen      total 19456K, used 2024K [0x00000000d5580000, 0x00000000d7180000, 0x0000000100000000)
  eden space 17408K, 0% used [0x00000000d5580000,0x00000000d5580000,0x00000000d6680000)
  from space 2048K, 98% used [0x00000000d6680000,0x00000000d687a000,0x00000000d6880000)
  to   space 5632K, 0% used [0x00000000d6c00000,0x00000000d6c00000,0x00000000d7180000)
 ParOldGen       total 68608K, used 40469K [0x0000000080000000, 0x0000000084300000, 0x00000000d5580000)
  object space 68608K, 58% used [0x0000000080000000,0x0000000082785768,0x0000000084300000)
 Metaspace       used 48090K, committed 49216K, reserved 1114112K
  class space    used 5205K, committed 5696K, reserved 1048576K
}
Event: 25.671 GC heap before
{Heap before GC invocations=30 (full 2):
 PSYoungGen      total 19456K, used 19432K [0x00000000d5580000, 0x00000000d7180000, 0x0000000100000000)
  eden space 17408K, 100% used [0x00000000d5580000,0x00000000d6680000,0x00000000d6680000)
  from space 2048K, 98% used [0x00000000d6680000,0x00000000d687a000,0x00000000d6880000)
  to   space 5632K, 0% used [0x00000000d6c00000,0x00000000d6c00000,0x00000000d7180000)
 ParOldGen       total 68608K, used 40469K [0x0000000080000000, 0x0000000084300000, 0x00000000d5580000)
  object space 68608K, 58% used [0x0000000080000000,0x0000000082785768,0x0000000084300000)
 Metaspace       used 50537K, committed 51712K, reserved 1114112K
  class space    used 5432K, committed 5952K, reserved 1048576K
}
Event: 25.677 GC heap after
{Heap after GC invocations=30 (full 2):
 PSYoungGen      total 18944K, used 1240K [0x00000000d5580000, 0x00000000d6d80000, 0x0000000100000000)
  eden space 17408K, 0% used [0x00000000d5580000,0x00000000d5580000,0x00000000d6680000)
  from space 1536K, 80% used [0x00000000d6c00000,0x00000000d6d362e8,0x00000000d6d80000)
  to   space 2560K, 0% used [0x00000000d6880000,0x00000000d6880000,0x00000000d6b00000)
 ParOldGen       total 68608K, used 42534K [0x0000000080000000, 0x0000000084300000, 0x00000000d5580000)
  object space 68608K, 61% used [0x0000000080000000,0x0000000082989ae0,0x0000000084300000)
 Metaspace       used 50537K, committed 51712K, reserved 1114112K
  class space    used 5432K, committed 5952K, reserved 1048576K
}
Event: 26.732 GC heap before
{Heap before GC invocations=31 (full 2):
 PSYoungGen      total 18944K, used 18648K [0x00000000d5580000, 0x00000000d6d80000, 0x0000000100000000)
  eden space 17408K, 100% used [0x00000000d5580000,0x00000000d6680000,0x00000000d6680000)
  from space 1536K, 80% used [0x00000000d6c00000,0x00000000d6d362e8,0x00000000d6d80000)
  to   space 2560K, 0% used [0x00000000d6880000,0x00000000d6880000,0x00000000d6b00000)
 ParOldGen       total 68608K, used 42534K [0x0000000080000000, 0x0000000084300000, 0x00000000d5580000)
  object space 68608K, 61% used [0x0000000080000000,0x0000000082989ae0,0x0000000084300000)
 Metaspace       used 51270K, committed 52416K, reserved 1114112K
  class space    used 5527K, committed 6016K, reserved 1048576K
}
Event: 26.735 GC heap after
{Heap after GC invocations=31 (full 2):
 PSYoungGen      total 19968K, used 480K [0x00000000d5580000, 0x00000000d6c80000, 0x0000000100000000)
  eden space 17408K, 0% used [0x00000000d5580000,0x00000000d5580000,0x00000000d6680000)
  from space 2560K, 18% used [0x00000000d6880000,0x00000000d68f8000,0x00000000d6b00000)
  to   space 1024K, 0% used [0x00000000d6b80000,0x00000000d6b80000,0x00000000d6c80000)
 ParOldGen       total 68608K, used 43650K [0x0000000080000000, 0x0000000084300000, 0x00000000d5580000)
  object space 68608K, 63% used [0x0000000080000000,0x0000000082aa0a00,0x0000000084300000)
 Metaspace       used 51270K, committed 52416K, reserved 1114112K
  class space    used 5527K, committed 6016K, reserved 1048576K
}
Event: 27.342 GC heap before
{Heap before GC invocations=32 (full 2):
 PSYoungGen      total 19968K, used 17888K [0x00000000d5580000, 0x00000000d6c80000, 0x0000000100000000)
  eden space 17408K, 100% used [0x00000000d5580000,0x00000000d6680000,0x00000000d6680000)
  from space 2560K, 18% used [0x00000000d6880000,0x00000000d68f8000,0x00000000d6b00000)
  to   space 1024K, 0% used [0x00000000d6b80000,0x00000000d6b80000,0x00000000d6c80000)
 ParOldGen       total 68608K, used 43650K [0x0000000080000000, 0x0000000084300000, 0x00000000d5580000)
  object space 68608K, 63% used [0x0000000080000000,0x0000000082aa0a00,0x0000000084300000)
 Metaspace       used 52249K, committed 53440K, reserved 1114112K
  class space    used 5616K, committed 6144K, reserved 1048576K
}
Event: 27.347 GC heap after
{Heap after GC invocations=32 (full 2):
 PSYoungGen      total 18432K, used 1003K [0x00000000d5580000, 0x00000000d6c80000, 0x0000000100000000)
  eden space 17408K, 0% used [0x00000000d5580000,0x00000000d5580000,0x00000000d6680000)
  from space 1024K, 97% used [0x00000000d6b80000,0x00000000d6c7adf8,0x00000000d6c80000)
  to   space 2560K, 0% used [0x00000000d6780000,0x00000000d6780000,0x00000000d6a00000)
 ParOldGen       total 68608K, used 44593K [0x0000000080000000, 0x0000000084300000, 0x00000000d5580000)
  object space 68608K, 64% used [0x0000000080000000,0x0000000082b8c4a8,0x0000000084300000)
 Metaspace       used 52249K, committed 53440K, reserved 1114112K
  class space    used 5616K, committed 6144K, reserved 1048576K
}
Event: 27.486 GC heap before
{Heap before GC invocations=33 (full 2):
 PSYoungGen      total 18432K, used 18411K [0x00000000d5580000, 0x00000000d6c80000, 0x0000000100000000)
  eden space 17408K, 100% used [0x00000000d5580000,0x00000000d6680000,0x00000000d6680000)
  from space 1024K, 97% used [0x00000000d6b80000,0x00000000d6c7adf8,0x00000000d6c80000)
  to   space 2560K, 0% used [0x00000000d6780000,0x00000000d6780000,0x00000000d6a00000)
 ParOldGen       total 68608K, used 44593K [0x0000000080000000, 0x0000000084300000, 0x00000000d5580000)
  object space 68608K, 64% used [0x0000000080000000,0x0000000082b8c4a8,0x0000000084300000)
 Metaspace       used 52271K, committed 53440K, reserved 1114112K
  class space    used 5616K, committed 6144K, reserved 1048576K
}
Event: 27.488 GC heap after
{Heap after GC invocations=33 (full 2):
 PSYoungGen      total 19968K, used 873K [0x00000000d5580000, 0x00000000d6c00000, 0x0000000100000000)
  eden space 17408K, 0% used [0x00000000d5580000,0x00000000d5580000,0x00000000d6680000)
  from space 2560K, 34% used [0x00000000d6780000,0x00000000d685a6f8,0x00000000d6a00000)
  to   space 1536K, 0% used [0x00000000d6a80000,0x00000000d6a80000,0x00000000d6c00000)
 ParOldGen       total 68608K, used 45334K [0x0000000080000000, 0x0000000084300000, 0x00000000d5580000)
  object space 68608K, 66% used [0x0000000080000000,0x0000000082c45b18,0x0000000084300000)
 Metaspace       used 52271K, committed 53440K, reserved 1114112K
  class space    used 5616K, committed 6144K, reserved 1048576K
}
Event: 27.732 GC heap before
{Heap before GC invocations=34 (full 2):
 PSYoungGen      total 19968K, used 18281K [0x00000000d5580000, 0x00000000d6c00000, 0x0000000100000000)
  eden space 17408K, 100% used [0x00000000d5580000,0x00000000d6680000,0x00000000d6680000)
  from space 2560K, 34% used [0x00000000d6780000,0x00000000d685a6f8,0x00000000d6a00000)
  to   space 1536K, 0% used [0x00000000d6a80000,0x00000000d6a80000,0x00000000d6c00000)
 ParOldGen       total 68608K, used 45334K [0x0000000080000000, 0x0000000084300000, 0x00000000d5580000)
  object space 68608K, 66% used [0x0000000080000000,0x0000000082c45b18,0x0000000084300000)
 Metaspace       used 53479K, committed 54592K, reserved 1114112K
  class space    used 5716K, committed 6208K, reserved 1048576K
}
Event: 27.735 GC heap after
{Heap after GC invocations=34 (full 2):
 PSYoungGen      total 17920K, used 320K [0x00000000d5580000, 0x00000000d6b00000, 0x0000000100000000)
  eden space 17408K, 0% used [0x00000000d5580000,0x00000000d5580000,0x00000000d6680000)
  from space 512K, 62% used [0x00000000d6a80000,0x00000000d6ad0000,0x00000000d6b00000)
  to   space 1024K, 0% used [0x00000000d6900000,0x00000000d6900000,0x00000000d6a00000)
 ParOldGen       total 68608K, used 45374K [0x0000000080000000, 0x0000000084300000, 0x00000000d5580000)
  object space 68608K, 66% used [0x0000000080000000,0x0000000082c4fb18,0x0000000084300000)
 Metaspace       used 53479K, committed 54592K, reserved 1114112K
  class space    used 5716K, committed 6208K, reserved 1048576K
}

