# JRE version: OpenJDK Runtime Environment Temurin-21.0.12.1+1 (21.0.12.1+1) (build 21.0.12.1+1-LTS)
# Java VM: OpenJDK 64-Bit Server VM Temurin-21.0.12.1+1 (21.0.12.1+1-LTS, mixed mode, sharing, tiered, compressed oops, compressed class ptrs, parallel gc, windows-amd64)
GC Precious Log:
 CardTable entry size: 512
 CPUs: 16 total, 16 available
 Memory: 14021M
 Large Page Support: Disabled
 NUMA Support: Disabled
 Compressed Oops: Enabled (32-bit)
 Alignments: Space 512K, Generation 512K, Heap 2M
 Heap Min Capacity: 100M
 Heap Initial Capacity: 100M
 Heap Max Capacity: 2G
 Pre-touch: Disabled
 Parallel Workers: 13
Heap:
 PSYoungGen      total 22528K, used 4951K [0x00000000d5580000, 0x00000000d6e00000, 0x0000000100000000)
  eden space 19968K, 14% used [0x00000000d5580000,0x00000000d5858210,0x00000000d6900000)
  from space 2560K, 79% used [0x00000000d6b80000,0x00000000d6d7dd08,0x00000000d6e00000)
  to   space 2560K, 0% used [0x00000000d6900000,0x00000000d6900000,0x00000000d6b80000)
 ParOldGen       total 68608K, used 31706K [0x0000000080000000, 0x0000000084300000, 0x00000000d5580000)
  object space 68608K, 46% used [0x0000000080000000,0x0000000081ef6a68,0x0000000084300000)
 Metaspace       used 43991K, committed 45120K, reserved 1114112K
  class space    used 4425K, committed 4928K, reserved 1048576K
GC Heap History (20 events):
Event: 22.321 GC heap before
{Heap before GC invocations=17 (full 1):
 PSYoungGen      total 23040K, used 22656K [0x00000000d5580000, 0x00000000d6f80000, 0x0000000100000000)
  eden space 20480K, 100% used [0x00000000d5580000,0x00000000d6980000,0x00000000d6980000)
  from space 2560K, 85% used [0x00000000d6980000,0x00000000d6ba0010,0x00000000d6c00000)
  to   space 3072K, 0% used [0x00000000d6c80000,0x00000000d6c80000,0x00000000d6f80000)
 ParOldGen       total 68608K, used 24464K [0x0000000080000000, 0x0000000084300000, 0x00000000d5580000)
  object space 68608K, 35% used [0x0000000080000000,0x00000000817e41d8,0x0000000084300000)
 Metaspace       used 33034K, committed 34048K, reserved 1114112K
  class space    used 3339K, committed 3776K, reserved 1048576K
}
Event: 22.325 GC heap after
{Heap after GC invocations=17 (full 1):
 PSYoungGen      total 22528K, used 1976K [0x00000000d5580000, 0x00000000d6e80000, 0x0000000100000000)
  eden space 20480K, 0% used [0x00000000d5580000,0x00000000d5580000,0x00000000d6980000)
  from space 2048K, 96% used [0x00000000d6c80000,0x00000000d6e6e200,0x00000000d6e80000)
  to   space 2560K, 0% used [0x00000000d6980000,0x00000000d6980000,0x00000000d6c00000)
 ParOldGen       total 68608K, used 26480K [0x0000000080000000, 0x0000000084300000, 0x00000000d5580000)
  object space 68608K, 38% used [0x0000000080000000,0x00000000819dc1e8,0x0000000084300000)
 Metaspace       used 33034K, committed 34048K, reserved 1114112K
  class space    used 3339K, committed 3776K, reserved 1048576K
}
Event: 22.588 GC heap before
{Heap before GC invocations=18 (full 1):
 PSYoungGen      total 22528K, used 22456K [0x00000000d5580000, 0x00000000d6e80000, 0x0000000100000000)
  eden space 20480K, 100% used [0x00000000d5580000,0x00000000d6980000,0x00000000d6980000)
  from space 2048K, 96% used [0x00000000d6c80000,0x00000000d6e6e200,0x00000000d6e80000)
  to   space 2560K, 0% used [0x00000000d6980000,0x00000000d6980000,0x00000000d6c00000)
 ParOldGen       total 68608K, used 26480K [0x0000000080000000, 0x0000000084300000, 0x00000000d5580000)
  object space 68608K, 38% used [0x0000000080000000,0x00000000819dc1e8,0x0000000084300000)
 Metaspace       used 33816K, committed 34816K, reserved 1114112K
  class space    used 3457K, committed 3904K, reserved 1048576K
}
Event: 22.591 GC heap after
{Heap after GC invocations=18 (full 1):
 PSYoungGen      total 22528K, used 1600K [0x00000000d5580000, 0x00000000d6d80000, 0x0000000100000000)
  eden space 20480K, 0% used [0x00000000d5580000,0x00000000d5580000,0x00000000d6980000)
  from space 2048K, 78% used [0x00000000d6980000,0x00000000d6b10000,0x00000000d6b80000)
  to   space 2048K, 0% used [0x00000000d6b80000,0x00000000d6b80000,0x00000000d6d80000)
 ParOldGen       total 68608K, used 28304K [0x0000000080000000, 0x0000000084300000, 0x00000000d5580000)
  object space 68608K, 41% used [0x0000000080000000,0x0000000081ba43e8,0x0000000084300000)
 Metaspace       used 33816K, committed 34816K, reserved 1114112K
  class space    used 3457K, committed 3904K, reserved 1048576K
}
Event: 22.915 GC heap before
{Heap before GC invocations=19 (full 1):
 PSYoungGen      total 22528K, used 7801K [0x00000000d5580000, 0x00000000d6d80000, 0x0000000100000000)
  eden space 20480K, 30% used [0x00000000d5580000,0x00000000d5b8e4c0,0x00000000d6980000)
  from space 2048K, 78% used [0x00000000d6980000,0x00000000d6b10000,0x00000000d6b80000)
  to   space 2048K, 0% used [0x00000000d6b80000,0x00000000d6b80000,0x00000000d6d80000)
 ParOldGen       total 68608K, used 28304K [0x0000000080000000, 0x0000000084300000, 0x00000000d5580000)
  object space 68608K, 41% used [0x0000000080000000,0x0000000081ba43e8,0x0000000084300000)
 Metaspace       used 34897K, committed 35840K, reserved 1114112K
  class space    used 3562K, committed 3968K, reserved 1048576K
}
Event: 22.917 GC heap after
{Heap after GC invocations=19 (full 1):
 PSYoungGen      total 21504K, used 696K [0x00000000d5580000, 0x00000000d6c80000, 0x0000000100000000)
  eden space 20480K, 0% used [0x00000000d5580000,0x00000000d5580000,0x00000000d6980000)
  from space 1024K, 68% used [0x00000000d6b80000,0x00000000d6c2e2e8,0x00000000d6c80000)
  to   space 1536K, 0% used [0x00000000d6980000,0x00000000d6980000,0x00000000d6b00000)
 ParOldGen       total 68608K, used 29684K [0x0000000080000000, 0x0000000084300000, 0x00000000d5580000)
  object space 68608K, 43% used [0x0000000080000000,0x0000000081cfd320,0x0000000084300000)
 Metaspace       used 34897K, committed 35840K, reserved 1114112K
  class space    used 3562K, committed 3968K, reserved 1048576K
}
Event: 22.917 GC heap before
{Heap before GC invocations=20 (full 2):
 PSYoungGen      total 21504K, used 696K [0x00000000d5580000, 0x00000000d6c80000, 0x0000000100000000)
  eden space 20480K, 0% used [0x00000000d5580000,0x00000000d5580000,0x00000000d6980000)
  from space 1024K, 68% used [0x00000000d6b80000,0x00000000d6c2e2e8,0x00000000d6c80000)
  to   space 1536K, 0% used [0x00000000d6980000,0x00000000d6980000,0x00000000d6b00000)
 ParOldGen       total 68608K, used 29684K [0x0000000080000000, 0x0000000084300000, 0x00000000d5580000)
  object space 68608K, 43% used [0x0000000080000000,0x0000000081cfd320,0x0000000084300000)
 Metaspace       used 34897K, committed 35840K, reserved 1114112K
  class space    used 3562K, committed 3968K, reserved 1048576K
}
Event: 23.007 GC heap after
{Heap after GC invocations=20 (full 2):
 PSYoungGen      total 21504K, used 0K [0x00000000d5580000, 0x00000000d6c80000, 0x0000000100000000)
  eden space 20480K, 0% used [0x00000000d5580000,0x00000000d5580000,0x00000000d6980000)
  from space 1024K, 0% used [0x00000000d6b80000,0x00000000d6b80000,0x00000000d6c80000)
  to   space 1536K, 0% used [0x00000000d6980000,0x00000000d6980000,0x00000000d6b00000)
 ParOldGen       total 68608K, used 28331K [0x0000000080000000, 0x0000000084300000, 0x00000000d5580000)
  object space 68608K, 41% used [0x0000000080000000,0x0000000081baae58,0x0000000084300000)
 Metaspace       used 34825K, committed 35840K, reserved 1114112K
  class space    used 3542K, committed 3968K, reserved 1048576K
}
Event: 23.981 GC heap before
{Heap before GC invocations=21 (full 2):
 PSYoungGen      total 21504K, used 20480K [0x00000000d5580000, 0x00000000d6c80000, 0x0000000100000000)
  eden space 20480K, 100% used [0x00000000d5580000,0x00000000d6980000,0x00000000d6980000)
  from space 1024K, 0% used [0x00000000d6b80000,0x00000000d6b80000,0x00000000d6c80000)
  to   space 1536K, 0% used [0x00000000d6980000,0x00000000d6980000,0x00000000d6b00000)
 ParOldGen       total 68608K, used 28331K [0x0000000080000000, 0x0000000084300000, 0x00000000d5580000)
  object space 68608K, 41% used [0x0000000080000000,0x0000000081baae58,0x0000000084300000)
 Metaspace       used 35861K, committed 36864K, reserved 1114112K
  class space    used 3669K, committed 4096K, reserved 1048576K
}
Event: 23.983 GC heap after
{Heap after GC invocations=21 (full 2):
 PSYoungGen      total 22016K, used 512K [0x00000000d5580000, 0x00000000d6c00000, 0x0000000100000000)
  eden space 20480K, 0% used [0x00000000d5580000,0x00000000d5580000,0x00000000d6980000)
  from space 1536K, 33% used [0x00000000d6980000,0x00000000d6a00000,0x00000000d6b00000)
  to   space 1024K, 0% used [0x00000000d6b00000,0x00000000d6b00000,0x00000000d6c00000)
 ParOldGen       total 68608K, used 28339K [0x0000000080000000, 0x0000000084300000, 0x00000000d5580000)
  object space 68608K, 41% used [0x0000000080000000,0x0000000081bace58,0x0000000084300000)
 Metaspace       used 35861K, committed 36864K, reserved 1114112K
  class space    used 3669K, committed 4096K, reserved 1048576K
}
Event: 24.509 GC heap before
{Heap before GC invocations=22 (full 2):
 PSYoungGen      total 22016K, used 20939K [0x00000000d5580000, 0x00000000d6c00000, 0x0000000100000000)
  eden space 20480K, 99% used [0x00000000d5580000,0x00000000d6972c00,0x00000000d6980000)
  from space 1536K, 33% used [0x00000000d6980000,0x00000000d6a00000,0x00000000d6b00000)
  to   space 1024K, 0% used [0x00000000d6b00000,0x00000000d6b00000,0x00000000d6c00000)
 ParOldGen       total 68608K, used 28339K [0x0000000080000000, 0x0000000084300000, 0x00000000d5580000)
  object space 68608K, 41% used [0x0000000080000000,0x0000000081bace58,0x0000000084300000)
 Metaspace       used 37091K, committed 38080K, reserved 1114112K
  class space    used 3772K, committed 4224K, reserved 1048576K
}
Event: 24.512 GC heap after
{Heap after GC invocations=22 (full 2):
 PSYoungGen      total 20992K, used 1007K [0x00000000d5580000, 0x00000000d6d80000, 0x0000000100000000)
  eden space 19968K, 0% used [0x00000000d5580000,0x00000000d5580000,0x00000000d6900000)
  from space 1024K, 98% used [0x00000000d6b00000,0x00000000d6bfbfb8,0x00000000d6c00000)
  to   space 2048K, 0% used [0x00000000d6900000,0x00000000d6900000,0x00000000d6b00000)
 ParOldGen       total 68608K, used 29058K [0x0000000080000000, 0x0000000084300000, 0x00000000d5580000)
  object space 68608K, 42% used [0x0000000080000000,0x0000000081c60990,0x0000000084300000)
 Metaspace       used 37091K, committed 38080K, reserved 1114112K
  class space    used 3772K, committed 4224K, reserved 1048576K
}
Event: 24.642 GC heap before
{Heap before GC invocations=23 (full 2):
 PSYoungGen      total 20992K, used 20975K [0x00000000d5580000, 0x00000000d6d80000, 0x0000000100000000)
  eden space 19968K, 100% used [0x00000000d5580000,0x00000000d6900000,0x00000000d6900000)
  from space 1024K, 98% used [0x00000000d6b00000,0x00000000d6bfbfb8,0x00000000d6c00000)
  to   space 2048K, 0% used [0x00000000d6900000,0x00000000d6900000,0x00000000d6b00000)
 ParOldGen       total 68608K, used 29058K [0x0000000080000000, 0x0000000084300000, 0x00000000d5580000)
  object space 68608K, 42% used [0x0000000080000000,0x0000000081c60990,0x0000000084300000)
 Metaspace       used 37103K, committed 38144K, reserved 1114112K
  class space    used 3772K, committed 4224K, reserved 1048576K
}
Event: 24.644 GC heap after
{Heap after GC invocations=23 (full 2):
 PSYoungGen      total 20992K, used 777K [0x00000000d5580000, 0x00000000d6c00000, 0x0000000100000000)
  eden space 19968K, 0% used [0x00000000d5580000,0x00000000d5580000,0x00000000d6900000)
  from space 1024K, 75% used [0x00000000d6900000,0x00000000d69c2740,0x00000000d6a00000)
  to   space 1536K, 0% used [0x00000000d6a80000,0x00000000d6a80000,0x00000000d6c00000)
 ParOldGen       total 68608K, used 29577K [0x0000000080000000, 0x0000000084300000, 0x00000000d5580000)
  object space 68608K, 43% used [0x0000000080000000,0x0000000081ce24c8,0x0000000084300000)
 Metaspace       used 37103K, committed 38144K, reserved 1114112K
  class space    used 3772K, committed 4224K, reserved 1048576K
}
Event: 25.242 GC heap before
{Heap before GC invocations=24 (full 2):
 PSYoungGen      total 20992K, used 20745K [0x00000000d5580000, 0x00000000d6c00000, 0x0000000100000000)
  eden space 19968K, 100% used [0x00000000d5580000,0x00000000d6900000,0x00000000d6900000)
  from space 1024K, 75% used [0x00000000d6900000,0x00000000d69c2740,0x00000000d6a00000)
  to   space 1536K, 0% used [0x00000000d6a80000,0x00000000d6a80000,0x00000000d6c00000)
 ParOldGen       total 68608K, used 29577K [0x0000000080000000, 0x0000000084300000, 0x00000000d5580000)
  object space 68608K, 43% used [0x0000000080000000,0x0000000081ce24c8,0x0000000084300000)
 Metaspace       used 39152K, committed 40064K, reserved 1114112K
  class space    used 3961K, committed 4352K, reserved 1048576K
}
Event: 25.245 GC heap after
{Heap after GC invocations=24 (full 2):
 PSYoungGen      total 20992K, used 768K [0x00000000d5580000, 0x00000000d6b80000, 0x0000000100000000)
  eden space 19968K, 0% used [0x00000000d5580000,0x00000000d5580000,0x00000000d6900000)
  from space 1024K, 75% used [0x00000000d6a80000,0x00000000d6b40000,0x00000000d6b80000)
  to   space 1024K, 0% used [0x00000000d6900000,0x00000000d6900000,0x00000000d6a00000)
 ParOldGen       total 68608K, used 29601K [0x0000000080000000, 0x0000000084300000, 0x00000000d5580000)
  object space 68608K, 43% used [0x0000000080000000,0x0000000081ce84c8,0x0000000084300000)
 Metaspace       used 39152K, committed 40064K, reserved 1114112K
  class space    used 3961K, committed 4352K, reserved 1048576K
}
Event: 26.352 GC heap before
{Heap before GC invocations=25 (full 2):
 PSYoungGen      total 20992K, used 20736K [0x00000000d5580000, 0x00000000d6b80000, 0x0000000100000000)
  eden space 19968K, 100% used [0x00000000d5580000,0x00000000d6900000,0x00000000d6900000)
  from space 1024K, 75% used [0x00000000d6a80000,0x00000000d6b40000,0x00000000d6b80000)
  to   space 1024K, 0% used [0x00000000d6900000,0x00000000d6900000,0x00000000d6a00000)
 ParOldGen       total 68608K, used 29601K [0x0000000080000000, 0x0000000084300000, 0x00000000d5580000)
  object space 68608K, 43% used [0x0000000080000000,0x0000000081ce84c8,0x0000000084300000)
 Metaspace       used 41552K, committed 42624K, reserved 1114112K
  class space    used 4188K, committed 4608K, reserved 1048576K
}
Event: 26.356 GC heap after
{Heap after GC invocations=25 (full 2):
 PSYoungGen      total 20992K, used 1008K [0x00000000d5580000, 0x00000000d6e00000, 0x0000000100000000)
  eden space 19968K, 0% used [0x00000000d5580000,0x00000000d5580000,0x00000000d6900000)
  from space 1024K, 98% used [0x00000000d6900000,0x00000000d69fc3e8,0x00000000d6a00000)
  to   space 2560K, 0% used [0x00000000d6b80000,0x00000000d6b80000,0x00000000d6e00000)
 ParOldGen       total 68608K, used 30627K [0x0000000080000000, 0x0000000084300000, 0x00000000d5580000)
  object space 68608K, 44% used [0x0000000080000000,0x0000000081de8ca8,0x0000000084300000)
 Metaspace       used 41552K, committed 42624K, reserved 1114112K
  class space    used 4188K, committed 4608K, reserved 1048576K
}
Event: 51.473 GC heap before
{Heap before GC invocations=26 (full 2):
 PSYoungGen      total 20992K, used 20976K [0x00000000d5580000, 0x00000000d6e00000, 0x0000000100000000)
  eden space 19968K, 100% used [0x00000000d5580000,0x00000000d6900000,0x00000000d6900000)
  from space 1024K, 98% used [0x00000000d6900000,0x00000000d69fc3e8,0x00000000d6a00000)
  to   space 2560K, 0% used [0x00000000d6b80000,0x00000000d6b80000,0x00000000d6e00000)
 ParOldGen       total 68608K, used 30627K [0x0000000080000000, 0x0000000084300000, 0x00000000d5580000)
  object space 68608K, 44% used [0x0000000080000000,0x0000000081de8ca8,0x0000000084300000)
 Metaspace       used 43876K, committed 45056K, reserved 1114112K
  class space    used 4420K, committed 4928K, reserved 1048576K
}
Event: 51.477 GC heap after
{Heap after GC invocations=26 (full 2):
 PSYoungGen      total 22528K, used 2039K [0x00000000d5580000, 0x00000000d6e00000, 0x0000000100000000)
  eden space 19968K, 0% used [0x00000000d5580000,0x00000000d5580000,0x00000000d6900000)
  from space 2560K, 79% used [0x00000000d6b80000,0x00000000d6d7dd08,0x00000000d6e00000)
  to   space 2560K, 0% used [0x00000000d6900000,0x00000000d6900000,0x00000000d6b80000)
 ParOldGen       total 68608K, used 31706K [0x0000000080000000, 0x0000000084300000, 0x00000000d5580000)
  object space 68608K, 46% used [0x0000000080000000,0x0000000081ef6a68,0x0000000084300000)
 Metaspace       used 43876K, committed 45056K, reserved 1114112K
  class space    used 4420K, committed 4928K, reserved 1048576K
}

