# JRE version: OpenJDK Runtime Environment Temurin-21.0.12.1+1 (21.0.12.1+1) (build 21.0.12.1+1-LTS)
# Java VM: OpenJDK 64-Bit Server VM Temurin-21.0.12.1+1 (21.0.12.1+1-LTS, mixed mode, sharing, tiered, compressed oops, compressed class ptrs, parallel gc, windows-amd64)
GC Precious Log:
 CardTable entry size: 512
 CPUs: 16 total, 16 available
 Memory: 14021M
 Large Page Support: Disabled
 NUMA Support: Disabled
 Compressed Oops: Enabled (32-bit)
 Alignments: Space 512K, Generation 512K, Heap 2M
 Heap Min Capacity: 100M
 Heap Initial Capacity: 100M
 Heap Max Capacity: 2G
 Pre-touch: Disabled
 Parallel Workers: 13
Heap:
 PSYoungGen      total 19968K, used 2037K [0x00000000d5580000, 0x00000000d6b00000, 0x0000000100000000)
  eden space 17920K, 0% used [0x00000000d5580000,0x00000000d5580000,0x00000000d6700000)
  from space 2048K, 99% used [0x00000000d6700000,0x00000000d68fd4f0,0x00000000d6900000)
  to   space 2048K, 0% used [0x00000000d6900000,0x00000000d6900000,0x00000000d6b00000)
 ParOldGen       total 68608K, used 46022K [0x0000000080000000, 0x0000000084300000, 0x00000000d5580000)
  object space 68608K, 67% used [0x0000000080000000,0x0000000082cf1988,0x0000000084300000)
 Metaspace       used 67594K, committed 68928K, reserved 1114112K
  class space    used 7205K, committed 7808K, reserved 1048576K
GC Heap History (20 events):
Event: 39.076 GC heap after
{Heap after GC invocations=30 (full 2):
 PSYoungGen      total 19968K, used 2034K [0x00000000d5580000, 0x00000000d7480000, 0x0000000100000000)
  eden space 17920K, 0% used [0x00000000d5580000,0x00000000d5580000,0x00000000d6700000)
  from space 2048K, 99% used [0x00000000d6c80000,0x00000000d6e7cb18,0x00000000d6e80000)
  to   space 5632K, 0% used [0x00000000d6700000,0x00000000d6700000,0x00000000d6c80000)
 ParOldGen       total 68608K, used 42013K [0x0000000080000000, 0x0000000084300000, 0x00000000d5580000)
  object space 68608K, 61% used [0x0000000080000000,0x00000000829077b0,0x0000000084300000)
 Metaspace       used 55686K, committed 56896K, reserved 1114112K
  class space    used 6044K, committed 6592K, reserved 1048576K
}
Event: 40.145 GC heap before
{Heap before GC invocations=31 (full 2):
 PSYoungGen      total 19968K, used 19954K [0x00000000d5580000, 0x00000000d7480000, 0x0000000100000000)
  eden space 17920K, 100% used [0x00000000d5580000,0x00000000d6700000,0x00000000d6700000)
  from space 2048K, 99% used [0x00000000d6c80000,0x00000000d6e7cb18,0x00000000d6e80000)
  to   space 5632K, 0% used [0x00000000d6700000,0x00000000d6700000,0x00000000d6c80000)
 ParOldGen       total 68608K, used 42013K [0x0000000080000000, 0x0000000084300000, 0x00000000d5580000)
  object space 68608K, 61% used [0x0000000080000000,0x00000000829077b0,0x0000000084300000)
 Metaspace       used 56440K, committed 57664K, reserved 1114112K
  class space    used 6141K, committed 6720K, reserved 1048576K
}
Event: 40.149 GC heap after
{Heap after GC invocations=31 (full 2):
 PSYoungGen      total 18432K, used 448K [0x00000000d5580000, 0x00000000d6d00000, 0x0000000100000000)
  eden space 17920K, 0% used [0x00000000d5580000,0x00000000d5580000,0x00000000d6700000)
  from space 512K, 87% used [0x00000000d6700000,0x00000000d6770000,0x00000000d6780000)
  to   space 2560K, 0% used [0x00000000d6a80000,0x00000000d6a80000,0x00000000d6d00000)
 ParOldGen       total 68608K, used 43972K [0x0000000080000000, 0x0000000084300000, 0x00000000d5580000)
  object space 68608K, 64% used [0x0000000080000000,0x0000000082af1070,0x0000000084300000)
 Metaspace       used 56440K, committed 57664K, reserved 1114112K
  class space    used 6141K, committed 6720K, reserved 1048576K
}
Event: 40.765 GC heap before
{Heap before GC invocations=32 (full 2):
 PSYoungGen      total 18432K, used 18368K [0x00000000d5580000, 0x00000000d6d00000, 0x0000000100000000)
  eden space 17920K, 100% used [0x00000000d5580000,0x00000000d6700000,0x00000000d6700000)
  from space 512K, 87% used [0x00000000d6700000,0x00000000d6770000,0x00000000d6780000)
  to   space 2560K, 0% used [0x00000000d6a80000,0x00000000d6a80000,0x00000000d6d00000)
 ParOldGen       total 68608K, used 43972K [0x0000000080000000, 0x0000000084300000, 0x00000000d5580000)
  object space 68608K, 64% used [0x0000000080000000,0x0000000082af1070,0x0000000084300000)
 Metaspace       used 57420K, committed 58624K, reserved 1114112K
  class space    used 6228K, committed 6784K, reserved 1048576K
}
Event: 40.768 GC heap after
{Heap after GC invocations=32 (full 2):
 PSYoungGen      total 19968K, used 1954K [0x00000000d5580000, 0x00000000d6c80000, 0x0000000100000000)
  eden space 17920K, 0% used [0x00000000d5580000,0x00000000d5580000,0x00000000d6700000)
  from space 2048K, 95% used [0x00000000d6a80000,0x00000000d6c68948,0x00000000d6c80000)
  to   space 2560K, 0% used [0x00000000d6780000,0x00000000d6780000,0x00000000d6a00000)
 ParOldGen       total 68608K, used 44228K [0x0000000080000000, 0x0000000084300000, 0x00000000d5580000)
  object space 68608K, 64% used [0x0000000080000000,0x0000000082b31070,0x0000000084300000)
 Metaspace       used 57420K, committed 58624K, reserved 1114112K
  class space    used 6228K, committed 6784K, reserved 1048576K
}
Event: 41.036 GC heap before
{Heap before GC invocations=33 (full 2):
 PSYoungGen      total 19968K, used 19861K [0x00000000d5580000, 0x00000000d6c80000, 0x0000000100000000)
  eden space 17920K, 99% used [0x00000000d5580000,0x00000000d66fcdd8,0x00000000d6700000)
  from space 2048K, 95% used [0x00000000d6a80000,0x00000000d6c68948,0x00000000d6c80000)
  to   space 2560K, 0% used [0x00000000d6780000,0x00000000d6780000,0x00000000d6a00000)
 ParOldGen       total 68608K, used 44228K [0x0000000080000000, 0x0000000084300000, 0x00000000d5580000)
  object space 68608K, 64% used [0x0000000080000000,0x0000000082b31070,0x0000000084300000)
 Metaspace       used 57438K, committed 58624K, reserved 1114112K
  class space    used 6228K, committed 6784K, reserved 1048576K
}
Event: 41.039 GC heap after
{Heap after GC invocations=33 (full 2):
 PSYoungGen      total 20480K, used 419K [0x00000000d5580000, 0x00000000d6b00000, 0x0000000100000000)
  eden space 17920K, 0% used [0x00000000d5580000,0x00000000d5580000,0x00000000d6700000)
  from space 2560K, 16% used [0x00000000d6780000,0x00000000d67e8cf0,0x00000000d6a00000)
  to   space 1024K, 0% used [0x00000000d6a00000,0x00000000d6a00000,0x00000000d6b00000)
 ParOldGen       total 68608K, used 45199K [0x0000000080000000, 0x0000000084300000, 0x00000000d5580000)
  object space 68608K, 65% used [0x0000000080000000,0x0000000082c23d50,0x0000000084300000)
 Metaspace       used 57438K, committed 58624K, reserved 1114112K
  class space    used 6228K, committed 6784K, reserved 1048576K
}
Event: 41.326 GC heap before
{Heap before GC invocations=34 (full 2):
 PSYoungGen      total 20480K, used 15932K [0x00000000d5580000, 0x00000000d6b00000, 0x0000000100000000)
  eden space 17920K, 86% used [0x00000000d5580000,0x00000000d64a64f0,0x00000000d6700000)
  from space 2560K, 16% used [0x00000000d6780000,0x00000000d67e8cf0,0x00000000d6a00000)
  to   space 1024K, 0% used [0x00000000d6a00000,0x00000000d6a00000,0x00000000d6b00000)
 ParOldGen       total 68608K, used 45199K [0x0000000080000000, 0x0000000084300000, 0x00000000d5580000)
  object space 68608K, 65% used [0x0000000080000000,0x0000000082c23d50,0x0000000084300000)
 Metaspace       used 58586K, committed 59776K, reserved 1114112K
  class space    used 6323K, committed 6912K, reserved 1048576K
}
Event: 41.329 GC heap after
{Heap after GC invocations=34 (full 2):
 PSYoungGen      total 18432K, used 384K [0x00000000d5580000, 0x00000000d6a80000, 0x0000000100000000)
  eden space 17920K, 0% used [0x00000000d5580000,0x00000000d5580000,0x00000000d6700000)
  from space 512K, 75% used [0x00000000d6a00000,0x00000000d6a60000,0x00000000d6a80000)
  to   space 512K, 0% used [0x00000000d6980000,0x00000000d6980000,0x00000000d6a00000)
 ParOldGen       total 68608K, used 45215K [0x0000000080000000, 0x0000000084300000, 0x00000000d5580000)
  object space 68608K, 65% used [0x0000000080000000,0x0000000082c27d50,0x0000000084300000)
 Metaspace       used 58586K, committed 59776K, reserved 1114112K
  class space    used 6323K, committed 6912K, reserved 1048576K
}
Event: 41.329 GC heap before
{Heap before GC invocations=35 (full 3):
 PSYoungGen      total 18432K, used 384K [0x00000000d5580000, 0x00000000d6a80000, 0x0000000100000000)
  eden space 17920K, 0% used [0x00000000d5580000,0x00000000d5580000,0x00000000d6700000)
  from space 512K, 75% used [0x00000000d6a00000,0x00000000d6a60000,0x00000000d6a80000)
  to   space 512K, 0% used [0x00000000d6980000,0x00000000d6980000,0x00000000d6a00000)
 ParOldGen       total 68608K, used 45215K [0x0000000080000000, 0x0000000084300000, 0x00000000d5580000)
  object space 68608K, 65% used [0x0000000080000000,0x0000000082c27d50,0x0000000084300000)
 Metaspace       used 58586K, committed 59776K, reserved 1114112K
  class space    used 6323K, committed 6912K, reserved 1048576K
}
Event: 41.461 GC heap after
{Heap after GC invocations=35 (full 3):
 PSYoungGen      total 18432K, used 0K [0x00000000d5580000, 0x00000000d6a80000, 0x0000000100000000)
  eden space 17920K, 0% used [0x00000000d5580000,0x00000000d5580000,0x00000000d6700000)
  from space 512K, 0% used [0x00000000d6a00000,0x00000000d6a00000,0x00000000d6a80000)
  to   space 512K, 0% used [0x00000000d6980000,0x00000000d6980000,0x00000000d6a00000)
 ParOldGen       total 68608K, used 41701K [0x0000000080000000, 0x0000000084300000, 0x00000000d5580000)
  object space 68608K, 60% used [0x0000000080000000,0x00000000828b9690,0x0000000084300000)
 Metaspace       used 58586K, committed 59776K, reserved 1114112K
  class space    used 6323K, committed 6912K, reserved 1048576K
}
Event: 42.475 GC heap before
{Heap before GC invocations=36 (full 3):
 PSYoungGen      total 18432K, used 17919K [0x00000000d5580000, 0x00000000d6a80000, 0x0000000100000000)
  eden space 17920K, 99% used [0x00000000d5580000,0x00000000d66fffd0,0x00000000d6700000)
  from space 512K, 0% used [0x00000000d6a00000,0x00000000d6a00000,0x00000000d6a80000)
  to   space 512K, 0% used [0x00000000d6980000,0x00000000d6980000,0x00000000d6a00000)
 ParOldGen       total 68608K, used 41701K [0x0000000080000000, 0x0000000084300000, 0x00000000d5580000)
  object space 68608K, 60% used [0x0000000080000000,0x00000000828b9690,0x0000000084300000)
 Metaspace       used 60418K, committed 61824K, reserved 1114112K
  class space    used 6537K, committed 7168K, reserved 1048576K
}
Event: 42.477 GC heap after
{Heap after GC invocations=36 (full 3):
 PSYoungGen      total 18432K, used 504K [0x00000000d5580000, 0x00000000d6a80000, 0x0000000100000000)
  eden space 17920K, 0% used [0x00000000d5580000,0x00000000d5580000,0x00000000d6700000)
  from space 512K, 98% used [0x00000000d6980000,0x00000000d69fe3a8,0x00000000d6a00000)
  to   space 512K, 0% used [0x00000000d6a00000,0x00000000d6a00000,0x00000000d6a80000)
 ParOldGen       total 68608K, used 41893K [0x0000000080000000, 0x0000000084300000, 0x00000000d5580000)
  object space 68608K, 61% used [0x0000000080000000,0x00000000828e96c0,0x0000000084300000)
 Metaspace       used 60418K, committed 61824K, reserved 1114112K
  class space    used 6537K, committed 7168K, reserved 1048576K
}
Event: 43.133 GC heap before
{Heap before GC invocations=37 (full 3):
 PSYoungGen      total 18432K, used 18424K [0x00000000d5580000, 0x00000000d6a80000, 0x0000000100000000)
  eden space 17920K, 100% used [0x00000000d5580000,0x00000000d6700000,0x00000000d6700000)
  from space 512K, 98% used [0x00000000d6980000,0x00000000d69fe3a8,0x00000000d6a00000)
  to   space 512K, 0% used [0x00000000d6a00000,0x00000000d6a00000,0x00000000d6a80000)
 ParOldGen       total 68608K, used 41893K [0x0000000080000000, 0x0000000084300000, 0x00000000d5580000)
  object space 68608K, 61% used [0x0000000080000000,0x00000000828e96c0,0x0000000084300000)
 Metaspace       used 62741K, committed 64064K, reserved 1114112K
  class space    used 6790K, committed 7360K, reserved 1048576K
}
Event: 43.136 GC heap after
{Heap after GC invocations=37 (full 3):
 PSYoungGen      total 18432K, used 506K [0x00000000d5580000, 0x00000000d6c00000, 0x0000000100000000)
  eden space 17920K, 0% used [0x00000000d5580000,0x00000000d5580000,0x00000000d6700000)
  from space 512K, 98% used [0x00000000d6a00000,0x00000000d6a7e990,0x00000000d6a80000)
  to   space 2560K, 0% used [0x00000000d6700000,0x00000000d6700000,0x00000000d6980000)
 ParOldGen       total 68608K, used 43428K [0x0000000080000000, 0x0000000084300000, 0x00000000d5580000)
  object space 68608K, 63% used [0x0000000080000000,0x0000000082a69280,0x0000000084300000)
 Metaspace       used 62741K, committed 64064K, reserved 1114112K
  class space    used 6790K, committed 7360K, reserved 1048576K
}
Event: 44.627 GC heap before
{Heap before GC invocations=38 (full 3):
 PSYoungGen      total 18432K, used 18426K [0x00000000d5580000, 0x00000000d6c00000, 0x0000000100000000)
  eden space 17920K, 100% used [0x00000000d5580000,0x00000000d6700000,0x00000000d6700000)
  from space 512K, 98% used [0x00000000d6a00000,0x00000000d6a7e990,0x00000000d6a80000)
  to   space 2560K, 0% used [0x00000000d6700000,0x00000000d6700000,0x00000000d6980000)
 ParOldGen       total 68608K, used 43428K [0x0000000080000000, 0x0000000084300000, 0x00000000d5580000)
  object space 68608K, 63% used [0x0000000080000000,0x0000000082a69280,0x0000000084300000)
 Metaspace       used 64253K, committed 65664K, reserved 1114112K
  class space    used 6931K, committed 7552K, reserved 1048576K
}
Event: 44.632 GC heap after
{Heap after GC invocations=38 (full 3):
 PSYoungGen      total 19456K, used 1394K [0x00000000d5580000, 0x00000000d6b00000, 0x0000000100000000)
  eden space 17920K, 0% used [0x00000000d5580000,0x00000000d5580000,0x00000000d6700000)
  from space 1536K, 90% used [0x00000000d6700000,0x00000000d685c848,0x00000000d6880000)
  to   space 2048K, 0% used [0x00000000d6900000,0x00000000d6900000,0x00000000d6b00000)
 ParOldGen       total 68608K, used 43913K [0x0000000080000000, 0x0000000084300000, 0x00000000d5580000)
  object space 68608K, 64% used [0x0000000080000000,0x0000000082ae2528,0x0000000084300000)
 Metaspace       used 64253K, committed 65664K, reserved 1114112K
  class space    used 6931K, committed 7552K, reserved 1048576K
}
Event: 46.213 GC heap before
{Heap before GC invocations=39 (full 3):
 PSYoungGen      total 19456K, used 19313K [0x00000000d5580000, 0x00000000d6b00000, 0x0000000100000000)
  eden space 17920K, 99% used [0x00000000d5580000,0x00000000d66ffe00,0x00000000d6700000)
  from space 1536K, 90% used [0x00000000d6700000,0x00000000d685c848,0x00000000d6880000)
  to   space 2048K, 0% used [0x00000000d6900000,0x00000000d6900000,0x00000000d6b00000)
 ParOldGen       total 68608K, used 43913K [0x0000000080000000, 0x0000000084300000, 0x00000000d5580000)
  object space 68608K, 64% used [0x0000000080000000,0x0000000082ae2528,0x0000000084300000)
 Metaspace       used 66056K, committed 67392K, reserved 1114112K
  class space    used 7060K, committed 7616K, reserved 1048576K
}
Event: 46.217 GC heap after
{Heap after GC invocations=39 (full 3):
 PSYoungGen      total 19968K, used 1897K [0x00000000d5580000, 0x00000000d6b00000, 0x0000000100000000)
  eden space 17920K, 0% used [0x00000000d5580000,0x00000000d5580000,0x00000000d6700000)
  from space 2048K, 92% used [0x00000000d6900000,0x00000000d6ada4a0,0x00000000d6b00000)
  to   space 2048K, 0% used [0x00000000d6700000,0x00000000d6700000,0x00000000d6900000)
 ParOldGen       total 68608K, used 44832K [0x0000000080000000, 0x0000000084300000, 0x00000000d5580000)
  object space 68608K, 65% used [0x0000000080000000,0x0000000082bc82b8,0x0000000084300000)
 Metaspace       used 66056K, committed 67392K, reserved 1114112K
  class space    used 7060K, committed 7616K, reserved 1048576K
}
Event: 46.710 GC heap before
{Heap before GC invocations=40 (full 3):
 PSYoungGen      total 19968K, used 19804K [0x00000000d5580000, 0x00000000d6b00000, 0x0000000100000000)
  eden space 17920K, 99% used [0x00000000d5580000,0x00000000d66fcc80,0x00000000d6700000)
  from space 2048K, 92% used [0x00000000d6900000,0x00000000d6ada4a0,0x00000000d6b00000)
  to   space 2048K, 0% used [0x00000000d6700000,0x00000000d6700000,0x00000000d6900000)
 ParOldGen       total 68608K, used 44832K [0x0000000080000000, 0x0000000084300000, 0x00000000d5580000)
  object space 68608K, 65% used [0x0000000080000000,0x0000000082bc82b8,0x0000000084300000)
 Metaspace       used 67594K, committed 68928K, reserved 1114112K
  class space    used 7205K, committed 7808K, reserved 1048576K
}

