# JRE version: OpenJDK Runtime Environment Temurin-21.0.11+10 (21.0.11+10) (build 21.0.11+10-LTS)
# Java VM: OpenJDK 64-Bit Server VM Temurin-21.0.11+10 (21.0.11+10-LTS, mixed mode, sharing, tiered, compressed oops, compressed class ptrs, parallel gc, windows-amd64)
GC Precious Log:
 CardTable entry size: 512
 CPUs: 16 total, 16 available
 Memory: 14021M
 Large Page Support: Disabled
 NUMA Support: Disabled
 Compressed Oops: Enabled (32-bit)
 Alignments: Space 512K, Generation 512K, Heap 2M
 Heap Min Capacity: 100M
 Heap Initial Capacity: 100M
 Heap Max Capacity: 2G
 Pre-touch: Disabled
 Parallel Workers: 13
Heap:
 PSYoungGen      total 27136K, used 20996K [0x00000000d5580000, 0x00000000d8900000, 0x0000000100000000)
  eden space 18944K, 69% used [0x00000000d5580000,0x00000000d6251258,0x00000000d6800000)
  from space 8192K, 96% used [0x00000000d8100000,0x00000000d88b0000,0x00000000d8900000)
  to   space 13824K, 0% used [0x00000000d6e00000,0x00000000d6e00000,0x00000000d7b80000)
 ParOldGen       total 124416K, used 123967K [0x0000000080000000, 0x0000000087980000, 0x00000000d5580000)
  object space 124416K, 99% used [0x0000000080000000,0x000000008790fc50,0x0000000087980000)
 Metaspace       used 67768K, committed 69120K, reserved 1114112K
  class space    used 7241K, committed 7808K, reserved 1048576K
GC Heap History (20 events):
Event: 14.686 GC heap before
{Heap before GC invocations=34 (full 2):
 PSYoungGen      total 23552K, used 1259K [0x00000000d5580000, 0x00000000d7080000, 0x0000000100000000)
  eden space 22016K, 2% used [0x00000000d5580000,0x00000000d5608870,0x00000000d6b00000)
  from space 1536K, 46% used [0x00000000d6e00000,0x00000000d6eb2498,0x00000000d6f80000)
  to   space 1024K, 0% used [0x00000000d6f80000,0x00000000d6f80000,0x00000000d7080000)
 ParOldGen       total 68608K, used 44206K [0x0000000080000000, 0x0000000084300000, 0x00000000d5580000)
  object space 68608K, 64% used [0x0000000080000000,0x0000000082b2b938,0x0000000084300000)
 Metaspace       used 58659K, committed 59776K, reserved 1114112K
  class space    used 6359K, committed 6848K, reserved 1048576K
}
Event: 14.687 GC heap after
{Heap after GC invocations=34 (full 2):
 PSYoungGen      total 22528K, used 384K [0x00000000d5580000, 0x00000000d7000000, 0x0000000100000000)
  eden space 22016K, 0% used [0x00000000d5580000,0x00000000d5580000,0x00000000d6b00000)
  from space 512K, 75% used [0x00000000d6f80000,0x00000000d6fe0000,0x00000000d7000000)
  to   space 1024K, 0% used [0x00000000d6e00000,0x00000000d6e00000,0x00000000d6f00000)
 ParOldGen       total 68608K, used 44624K [0x0000000080000000, 0x0000000084300000, 0x00000000d5580000)
  object space 68608K, 65% used [0x0000000080000000,0x0000000082b94190,0x0000000084300000)
 Metaspace       used 58659K, committed 59776K, reserved 1114112K
  class space    used 6359K, committed 6848K, reserved 1048576K
}
Event: 14.687 GC heap before
{Heap before GC invocations=35 (full 3):
 PSYoungGen      total 22528K, used 384K [0x00000000d5580000, 0x00000000d7000000, 0x0000000100000000)
  eden space 22016K, 0% used [0x00000000d5580000,0x00000000d5580000,0x00000000d6b00000)
  from space 512K, 75% used [0x00000000d6f80000,0x00000000d6fe0000,0x00000000d7000000)
  to   space 1024K, 0% used [0x00000000d6e00000,0x00000000d6e00000,0x00000000d6f00000)
 ParOldGen       total 68608K, used 44624K [0x0000000080000000, 0x0000000084300000, 0x00000000d5580000)
  object space 68608K, 65% used [0x0000000080000000,0x0000000082b94190,0x0000000084300000)
 Metaspace       used 58659K, committed 59776K, reserved 1114112K
  class space    used 6359K, committed 6848K, reserved 1048576K
}
Event: 14.789 GC heap after
{Heap after GC invocations=35 (full 3):
 PSYoungGen      total 22528K, used 0K [0x00000000d5580000, 0x00000000d7000000, 0x0000000100000000)
  eden space 22016K, 0% used [0x00000000d5580000,0x00000000d5580000,0x00000000d6b00000)
  from space 512K, 0% used [0x00000000d6f80000,0x00000000d6f80000,0x00000000d7000000)
  to   space 1024K, 0% used [0x00000000d6e00000,0x00000000d6e00000,0x00000000d6f00000)
 ParOldGen       total 68608K, used 41580K [0x0000000080000000, 0x0000000084300000, 0x00000000d5580000)
  object space 68608K, 60% used [0x0000000080000000,0x000000008289b1c0,0x0000000084300000)
 Metaspace       used 58659K, committed 59776K, reserved 1114112K
  class space    used 6359K, committed 6848K, reserved 1048576K
}
Event: 15.444 GC heap before
{Heap before GC invocations=36 (full 3):
 PSYoungGen      total 22528K, used 22015K [0x00000000d5580000, 0x00000000d7000000, 0x0000000100000000)
  eden space 22016K, 99% used [0x00000000d5580000,0x00000000d6afffe0,0x00000000d6b00000)
  from space 512K, 0% used [0x00000000d6f80000,0x00000000d6f80000,0x00000000d7000000)
  to   space 1024K, 0% used [0x00000000d6e00000,0x00000000d6e00000,0x00000000d6f00000)
 ParOldGen       total 68608K, used 41580K [0x0000000080000000, 0x0000000084300000, 0x00000000d5580000)
  object space 68608K, 60% used [0x0000000080000000,0x000000008289b1c0,0x0000000084300000)
 Metaspace       used 61274K, committed 62592K, reserved 1114112K
  class space    used 6646K, committed 7232K, reserved 1048576K
}
Event: 15.449 GC heap after
{Heap after GC invocations=36 (full 3):
 PSYoungGen      total 23040K, used 992K [0x00000000d5580000, 0x00000000d7000000, 0x0000000100000000)
  eden space 22016K, 0% used [0x00000000d5580000,0x00000000d5580000,0x00000000d6b00000)
  from space 1024K, 96% used [0x00000000d6e00000,0x00000000d6ef83e8,0x00000000d6f00000)
  to   space 1024K, 0% used [0x00000000d6f00000,0x00000000d6f00000,0x00000000d7000000)
 ParOldGen       total 68608K, used 41633K [0x0000000080000000, 0x0000000084300000, 0x00000000d5580000)
  object space 68608K, 60% used [0x0000000080000000,0x00000000828a8458,0x0000000084300000)
 Metaspace       used 61274K, committed 62592K, reserved 1114112K
  class space    used 6646K, committed 7232K, reserved 1048576K
}
Event: 15.882 GC heap before
{Heap before GC invocations=37 (full 3):
 PSYoungGen      total 23040K, used 23008K [0x00000000d5580000, 0x00000000d7000000, 0x0000000100000000)
  eden space 22016K, 100% used [0x00000000d5580000,0x00000000d6b00000,0x00000000d6b00000)
  from space 1024K, 96% used [0x00000000d6e00000,0x00000000d6ef83e8,0x00000000d6f00000)
  to   space 1024K, 0% used [0x00000000d6f00000,0x00000000d6f00000,0x00000000d7000000)
 ParOldGen       total 68608K, used 41633K [0x0000000080000000, 0x0000000084300000, 0x00000000d5580000)
  object space 68608K, 60% used [0x0000000080000000,0x00000000828a8458,0x0000000084300000)
 Metaspace       used 63398K, committed 64768K, reserved 1114112K
  class space    used 6878K, committed 7488K, reserved 1048576K
}
Event: 15.886 GC heap after
{Heap after GC invocations=37 (full 3):
 PSYoungGen      total 19968K, used 1019K [0x00000000d5580000, 0x00000000d7900000, 0x0000000100000000)
  eden space 18944K, 0% used [0x00000000d5580000,0x00000000d5580000,0x00000000d6800000)
  from space 1024K, 99% used [0x00000000d6f00000,0x00000000d6ffec50,0x00000000d7000000)
  to   space 7168K, 0% used [0x00000000d6800000,0x00000000d6800000,0x00000000d6f00000)
 ParOldGen       total 68608K, used 46692K [0x0000000080000000, 0x0000000084300000, 0x00000000d5580000)
  object space 68608K, 68% used [0x0000000080000000,0x0000000082d990b0,0x0000000084300000)
 Metaspace       used 63398K, committed 64768K, reserved 1114112K
  class space    used 6878K, committed 7488K, reserved 1048576K
}
Event: 16.264 GC heap before
{Heap before GC invocations=38 (full 3):
 PSYoungGen      total 19968K, used 19868K [0x00000000d5580000, 0x00000000d7900000, 0x0000000100000000)
  eden space 18944K, 99% used [0x00000000d5580000,0x00000000d67e84e8,0x00000000d6800000)
  from space 1024K, 99% used [0x00000000d6f00000,0x00000000d6ffec50,0x00000000d7000000)
  to   space 7168K, 0% used [0x00000000d6800000,0x00000000d6800000,0x00000000d6f00000)
 ParOldGen       total 68608K, used 50522K [0x0000000080000000, 0x0000000084300000, 0x00000000d5580000)
  object space 68608K, 73% used [0x0000000080000000,0x00000000831568c0,0x0000000084300000)
 Metaspace       used 64332K, committed 65664K, reserved 1114112K
  class space    used 6950K, committed 7552K, reserved 1048576K
}
Event: 16.268 GC heap after
{Heap after GC invocations=38 (full 3):
 PSYoungGen      total 26112K, used 5213K [0x00000000d5580000, 0x00000000d7600000, 0x0000000100000000)
  eden space 18944K, 0% used [0x00000000d5580000,0x00000000d5580000,0x00000000d6800000)
  from space 7168K, 72% used [0x00000000d6800000,0x00000000d6d17488,0x00000000d6f00000)
  to   space 5632K, 0% used [0x00000000d7080000,0x00000000d7080000,0x00000000d7600000)
 ParOldGen       total 68608K, used 51400K [0x0000000080000000, 0x0000000084300000, 0x00000000d5580000)
  object space 68608K, 74% used [0x0000000080000000,0x00000000832321f8,0x0000000084300000)
 Metaspace       used 64332K, committed 65664K, reserved 1114112K
  class space    used 6950K, committed 7552K, reserved 1048576K
}
Event: 16.564 GC heap before
{Heap before GC invocations=39 (full 3):
 PSYoungGen      total 26112K, used 24157K [0x00000000d5580000, 0x00000000d7600000, 0x0000000100000000)
  eden space 18944K, 100% used [0x00000000d5580000,0x00000000d6800000,0x00000000d6800000)
  from space 7168K, 72% used [0x00000000d6800000,0x00000000d6d17488,0x00000000d6f00000)
  to   space 5632K, 0% used [0x00000000d7080000,0x00000000d7080000,0x00000000d7600000)
 ParOldGen       total 91136K, used 88741K [0x0000000080000000, 0x0000000085900000, 0x00000000d5580000)
  object space 91136K, 97% used [0x0000000080000000,0x00000000856a95c8,0x0000000085900000)
 Metaspace       used 64895K, committed 66304K, reserved 1114112K
  class space    used 7020K, committed 7616K, reserved 1048576K
}
Event: 16.568 GC heap after
{Heap after GC invocations=39 (full 3):
 PSYoungGen      total 22528K, used 3284K [0x00000000d5580000, 0x00000000d7400000, 0x0000000100000000)
  eden space 18944K, 0% used [0x00000000d5580000,0x00000000d5580000,0x00000000d6800000)
  from space 3584K, 91% used [0x00000000d7080000,0x00000000d73b53c0,0x00000000d7400000)
  to   space 4096K, 0% used [0x00000000d6c00000,0x00000000d6c00000,0x00000000d7000000)
 ParOldGen       total 91136K, used 90767K [0x0000000080000000, 0x0000000085900000, 0x00000000d5580000)
  object space 91136K, 99% used [0x0000000080000000,0x00000000858a3f90,0x0000000085900000)
 Metaspace       used 64895K, committed 66304K, reserved 1114112K
  class space    used 7020K, committed 7616K, reserved 1048576K
}
Event: 16.753 GC heap before
{Heap before GC invocations=40 (full 3):
 PSYoungGen      total 22528K, used 22196K [0x00000000d5580000, 0x00000000d7400000, 0x0000000100000000)
  eden space 18944K, 99% used [0x00000000d5580000,0x00000000d67f7fe8,0x00000000d6800000)
  from space 3584K, 91% used [0x00000000d7080000,0x00000000d73b53c0,0x00000000d7400000)
  to   space 4096K, 0% used [0x00000000d6c00000,0x00000000d6c00000,0x00000000d7000000)
 ParOldGen       total 91136K, used 90767K [0x0000000080000000, 0x0000000085900000, 0x00000000d5580000)
  object space 91136K, 99% used [0x0000000080000000,0x00000000858a3f90,0x0000000085900000)
 Metaspace       used 65585K, committed 66944K, reserved 1114112K
  class space    used 7069K, committed 7680K, reserved 1048576K
}
Event: 16.760 GC heap after
{Heap after GC invocations=40 (full 3):
 PSYoungGen      total 23040K, used 4065K [0x00000000d5580000, 0x00000000d8000000, 0x0000000100000000)
  eden space 18944K, 0% used [0x00000000d5580000,0x00000000d5580000,0x00000000d6800000)
  from space 4096K, 99% used [0x00000000d6c00000,0x00000000d6ff84a8,0x00000000d7000000)
  to   space 12288K, 0% used [0x00000000d7400000,0x00000000d7400000,0x00000000d8000000)
 ParOldGen       total 97792K, used 97298K [0x0000000080000000, 0x0000000085f80000, 0x00000000d5580000)
  object space 97792K, 99% used [0x0000000080000000,0x0000000085f04b68,0x0000000085f80000)
 Metaspace       used 65585K, committed 66944K, reserved 1114112K
  class space    used 7069K, committed 7680K, reserved 1048576K
}
Event: 16.879 GC heap before
{Heap before GC invocations=41 (full 3):
 PSYoungGen      total 23040K, used 22998K [0x00000000d5580000, 0x00000000d8000000, 0x0000000100000000)
  eden space 18944K, 99% used [0x00000000d5580000,0x00000000d67fd600,0x00000000d6800000)
  from space 4096K, 99% used [0x00000000d6c00000,0x00000000d6ff84a8,0x00000000d7000000)
  to   space 12288K, 0% used [0x00000000d7400000,0x00000000d7400000,0x00000000d8000000)
 ParOldGen       total 97792K, used 97298K [0x0000000080000000, 0x0000000085f80000, 0x00000000d5580000)
  object space 97792K, 99% used [0x0000000080000000,0x0000000085f04b68,0x0000000085f80000)
 Metaspace       used 65894K, committed 67200K, reserved 1114112K
  class space    used 7087K, committed 7680K, reserved 1048576K
}
Event: 16.887 GC heap after
{Heap after GC invocations=41 (full 3):
 PSYoungGen      total 29696K, used 10688K [0x00000000d5580000, 0x00000000d7e80000, 0x0000000100000000)
  eden space 18944K, 0% used [0x00000000d5580000,0x00000000d5580000,0x00000000d6800000)
  from space 10752K, 99% used [0x00000000d7400000,0x00000000d7e70000,0x00000000d7e80000)
  to   space 11264K, 0% used [0x00000000d6880000,0x00000000d6880000,0x00000000d7380000)
 ParOldGen       total 101376K, used 101026K [0x0000000080000000, 0x0000000086300000, 0x00000000d5580000)
  object space 101376K, 99% used [0x0000000080000000,0x00000000862a8888,0x0000000086300000)
 Metaspace       used 65894K, committed 67200K, reserved 1114112K
  class space    used 7087K, committed 7680K, reserved 1048576K
}
Event: 16.971 GC heap before
{Heap before GC invocations=42 (full 3):
 PSYoungGen      total 29696K, used 29632K [0x00000000d5580000, 0x00000000d7e80000, 0x0000000100000000)
  eden space 18944K, 100% used [0x00000000d5580000,0x00000000d6800000,0x00000000d6800000)
  from space 10752K, 99% used [0x00000000d7400000,0x00000000d7e70000,0x00000000d7e80000)
  to   space 11264K, 0% used [0x00000000d6880000,0x00000000d6880000,0x00000000d7380000)
 ParOldGen       total 101376K, used 101026K [0x0000000080000000, 0x0000000086300000, 0x00000000d5580000)
  object space 101376K, 99% used [0x0000000080000000,0x00000000862a8888,0x0000000086300000)
 Metaspace       used 66133K, committed 67520K, reserved 1114112K
  class space    used 7109K, committed 7744K, reserved 1048576K
}
Event: 16.982 GC heap after
{Heap after GC invocations=42 (full 3):
 PSYoungGen      total 30208K, used 11248K [0x00000000d5580000, 0x00000000d9a00000, 0x0000000100000000)
  eden space 18944K, 0% used [0x00000000d5580000,0x00000000d5580000,0x00000000d6800000)
  from space 11264K, 99% used [0x00000000d6880000,0x00000000d737c010,0x00000000d7380000)
  to   space 25600K, 0% used [0x00000000d8100000,0x00000000d8100000,0x00000000d9a00000)
 ParOldGen       total 113152K, used 113146K [0x0000000080000000, 0x0000000086e80000, 0x00000000d5580000)
  object space 113152K, 99% used [0x0000000080000000,0x0000000086e7e888,0x0000000086e80000)
 Metaspace       used 66133K, committed 67520K, reserved 1114112K
  class space    used 7109K, committed 7744K, reserved 1048576K
}
Event: 17.263 GC heap before
{Heap before GC invocations=43 (full 3):
 PSYoungGen      total 30208K, used 30192K [0x00000000d5580000, 0x00000000d9a00000, 0x0000000100000000)
  eden space 18944K, 100% used [0x00000000d5580000,0x00000000d6800000,0x00000000d6800000)
  from space 11264K, 99% used [0x00000000d6880000,0x00000000d737c010,0x00000000d7380000)
  to   space 25600K, 0% used [0x00000000d8100000,0x00000000d8100000,0x00000000d9a00000)
 ParOldGen       total 113152K, used 113146K [0x0000000080000000, 0x0000000086e80000, 0x00000000d5580000)
  object space 113152K, 99% used [0x0000000080000000,0x0000000086e7e888,0x0000000086e80000)
 Metaspace       used 67052K, committed 68480K, reserved 1114112K
  class space    used 7200K, committed 7808K, reserved 1048576K
}
Event: 17.272 GC heap after
{Heap after GC invocations=43 (full 3):
 PSYoungGen      total 27136K, used 7872K [0x00000000d5580000, 0x00000000d8900000, 0x0000000100000000)
  eden space 18944K, 0% used [0x00000000d5580000,0x00000000d5580000,0x00000000d6800000)
  from space 8192K, 96% used [0x00000000d8100000,0x00000000d88b0000,0x00000000d8900000)
  to   space 13824K, 0% used [0x00000000d6e00000,0x00000000d6e00000,0x00000000d7b80000)
 ParOldGen       total 124416K, used 123967K [0x0000000080000000, 0x0000000087980000, 0x00000000d5580000)
  object space 124416K, 99% used [0x0000000080000000,0x000000008790fc50,0x0000000087980000)
 Metaspace       used 67052K, committed 68480K, reserved 1114112K
  class space    used 7200K, committed 7808K, reserved 1048576K
}

